Log file open, 04/29/20 16:08:11
LogWindows: Failed to load 'aqProf.dll' (GetLastError=126)
LogWindows: File 'aqProf.dll' does not exist
LogWindows: Failed to load 'VSPerf140.dll' (GetLastError=126)
LogWindows: File 'VSPerf140.dll' does not exist
LogWindows: Failed to load 'VtuneApi.dll' (GetLastError=126)
LogWindows: File 'VtuneApi.dll' does not exist
LogWindows: Failed to load 'VtuneApi32e.dll' (GetLastError=126)
LogWindows: File 'VtuneApi32e.dll' does not exist
LogInit: Display: Running engine for game: Project
LogPlatformFile: Not using cached read wrapper
LogTaskGraph: Started task graph with 5 named threads and 11 total threads with 3 sets of task threads.
LogStats: Stats thread started at 0.180455
LogD3D11RHI: Loaded GFSDK_Aftermath_Lib.x64.dll
LogICUInternationalization: Display: ICU TimeZone Detection - Raw Offset: +8:00, Platform Override: ''
LogPluginManager: Mounting plugin Paper2D
LogPluginManager: Mounting plugin AISupport
LogPluginManager: Mounting plugin LightPropagationVolume
LogPluginManager: Mounting plugin CLionSourceCodeAccess
LogPluginManager: Mounting plugin CodeLiteSourceCodeAccess
LogPluginManager: Mounting plugin GitSourceControl
LogPluginManager: Mounting plugin KDevelopSourceCodeAccess
LogPluginManager: Mounting plugin NullSourceCodeAccess
LogPluginManager: Mounting plugin PerforceSourceControl
LogPluginManager: Mounting plugin SubversionSourceControl
LogPluginManager: Mounting plugin UObjectPlugin
LogPluginManager: Mounting plugin VisualStudioCodeSourceCodeAccess
LogPluginManager: Mounting plugin VisualStudioSourceCodeAccess
LogPluginManager: Mounting plugin XCodeSourceCodeAccess
LogPluginManager: Mounting plugin AssetManagerEditor
LogPluginManager: Mounting plugin CryptoKeys
LogPluginManager: Mounting plugin DataValidation
LogPluginManager: Mounting plugin FacialAnimation
LogPluginManager: Mounting plugin GameplayTagsEditor
LogPluginManager: Mounting plugin MacGraphicsSwitching
LogPluginManager: Mounting plugin MeshEditor
LogPluginManager: Mounting plugin MobileLauncherProfileWizard
LogPluginManager: Mounting plugin PluginBrowser
LogPluginManager: Mounting plugin SpeedTreeImporter
LogPluginManager: Mounting plugin DatasmithContent
LogPluginManager: Mounting plugin AlembicImporter
LogPluginManager: Mounting plugin AppleImageUtils
LogPluginManager: Mounting plugin AppleVision
LogPluginManager: Mounting plugin BackChannel
LogPluginManager: Mounting plugin CharacterAI
LogPluginManager: Mounting plugin GeometryCache
LogPluginManager: Mounting plugin HTML5Networking
LogPluginManager: Mounting plugin ProxyLODPlugin
LogPluginManager: Mounting plugin MagicLeap
LogPluginManager: Mounting plugin MagicLeapEmulator
LogPluginManager: Mounting plugin MagicLeapMedia
LogPluginManager: Mounting plugin AndroidMedia
LogPluginManager: Mounting plugin AvfMedia
LogPluginManager: Mounting plugin ImgMedia
LogPluginManager: Mounting plugin LinearTimecode
LogPluginManager: Mounting plugin MediaCompositing
LogPluginManager: Mounting plugin MediaPlayerEditor
LogPluginManager: Mounting plugin WmfMedia
LogPluginManager: Mounting plugin TcpMessaging
LogPluginManager: Mounting plugin UdpMessaging
LogPluginManager: Mounting plugin ActorSequence
LogPluginManager: Mounting plugin LevelSequenceEditor
LogPluginManager: Mounting plugin MatineeToLevelSequence
LogPluginManager: Mounting plugin NetcodeUnitTest
LogPluginManager: Mounting plugin NUTUnrealEngine4
LogPluginManager: Mounting plugin OnlineSubsystemGooglePlay
LogPluginManager: Mounting plugin OnlineSubsystemIOS
LogPluginManager: Mounting plugin OnlineSubsystem
LogPluginManager: Mounting plugin OnlineSubsystemNull
LogPluginManager: Mounting plugin OnlineSubsystemUtils
LogPluginManager: Mounting plugin LauncherChunkInstaller
LogPluginManager: Mounting plugin AndroidDeviceProfileSelector
LogPluginManager: Mounting plugin AndroidMoviePlayer
LogPluginManager: Mounting plugin AndroidPermission
LogPluginManager: Mounting plugin AppleMoviePlayer
LogPluginManager: Mounting plugin ArchVisCharacter
LogPluginManager: Mounting plugin AudioCapture
LogPluginManager: Mounting plugin CableComponent
LogPluginManager: Mounting plugin CustomMeshComponent
LogPluginManager: Mounting plugin EditableMesh
LogPluginManager: Mounting plugin ExampleDeviceProfileSelector
LogPluginManager: Mounting plugin GoogleCloudMessaging
LogPluginManager: Mounting plugin ImmediatePhysics
LogPluginManager: Mounting plugin IOSDeviceProfileSelector
LogPluginManager: Mounting plugin LinuxDeviceProfileSelector
LogPluginManager: Mounting plugin LocationServicesBPLibrary
LogPluginManager: Mounting plugin MobilePatchingUtils
LogPluginManager: Mounting plugin OculusVR
LogPluginManager: Plugin shader directory ../../../Engine/Plugins/Runtime/Oculus/OculusVR/Shaders found
LogPluginManager: Mapping shader source directory ../../../Engine/Plugins/Runtime/Oculus/OculusVR/Shaders to virtual directory /Plugin/OculusVR
LogPluginManager: Mounting plugin PhysXVehicles
LogPluginManager: Mounting plugin ProceduralMeshComponent
LogPluginManager: Mounting plugin RuntimePhysXCooking
LogPluginManager: Mounting plugin SteamVR
LogPluginManager: Mounting plugin WindowsMoviePlayer
LogStreaming: Display: Took  0.154s to configure plugins.
LogInit: Using libcurl 7.55.1-DEV
LogInit:  - built for x86_64-pc-win32
LogInit:  - supports SSL with OpenSSL/1.0.2h
LogInit:  - supports HTTP deflate (compression) using libz 1.2.8
LogInit:  - other features:
LogInit:      CURL_VERSION_SSL
LogInit:      CURL_VERSION_LIBZ
LogInit:      CURL_VERSION_IPV6
LogInit:      CURL_VERSION_ASYNCHDNS
LogInit:      CURL_VERSION_LARGEFILE
LogInit:      CURL_VERSION_IDN
LogInit:  CurlRequestOptions (configurable via config and command line):
LogInit:  - bVerifyPeer = false  - Libcurl will NOT verify peer certificate
LogInit:  - bUseHttpProxy = false  - Libcurl will NOT use HTTP proxy
LogInit:  - bDontReuseConnections = false  - Libcurl will reuse connections
LogInit:  - CertBundlePath = nullptr  - Libcurl will use whatever was configured at build time.
LogInit:  - MaxHostConnections = 16  - Libcurl will limit the number of connections to a host
LogInit:  - LocalHostAddr = Default
LogInit:  - BufferSize = 65536
LogInit: WinSock: version 1.1 (2.2), MaxSocks=32767, MaxUdp=65467
LogInit: Build: ++UE4+Release-4.20-CL-4369336
LogInit: Engine Version: 4.20.3-4369336+++UE4+Release-4.20
LogInit: Compatible Engine Version: 4.20.0-4212847+++UE4+Release-4.20
LogInit: Net CL: 4212847
LogInit: OS: Windows 10 (), CPU: Intel(R) Core(TM) i5-7200U CPU @ 2.50GHz, GPU: Intel(R) HD Graphics 620
LogInit: Compiled (64-bit): Sep 17 2018 12:26:19
LogInit: Compiled with Visual C++: 19.13.26129.00
LogInit: Build Configuration: Development
LogInit: Branch Name: ++UE4+Release-4.20
LogInit: Command Line: 
LogInit: Base Directory: D:/Epic Games/UE_4.20/Engine/Binaries/Win64/
LogInit: Installed Engine Build: 1
LogDevObjectVersion: Number of dev versions registered: 20
LogDevObjectVersion:   Dev-Blueprints (B0D832E4-1F89-4F0D-ACCF-7EB736FD4AA2): 10
LogDevObjectVersion:   Dev-Build (E1C64328-A22C-4D53-A36C-8E866417BD8C): 0
LogDevObjectVersion:   Dev-Core (375EC13C-06E4-48FB-B500-84F0262A717E): 2
LogDevObjectVersion:   Dev-Editor (E4B068ED-F494-42E9-A231-DA0B2E46BB41): 24
LogDevObjectVersion:   Dev-Framework (CFFC743F-43B0-4480-9391-14DF171D2073): 34
LogDevObjectVersion:   Dev-Mobile (B02B49B5-BB20-44E9-A304-32B752E40360): 2
LogDevObjectVersion:   Dev-Networking (A4E4105C-59A1-49B5-A7C5-40C4547EDFEE): 0
LogDevObjectVersion:   Dev-Online (39C831C9-5AE6-47DC-9A44-9C173E1C8E7C): 0
LogDevObjectVersion:   Dev-Physics (78F01B33-EBEA-4F98-B9B4-84EACCB95AA2): 0
LogDevObjectVersion:   Dev-Platform (6631380F-2D4D-43E0-8009-CF276956A95A): 0
LogDevObjectVersion:   Dev-Rendering (12F88B9F-8875-4AFC-A67C-D90C383ABD29): 26
LogDevObjectVersion:   Dev-Sequencer (7B5AE74C-D270-4C10-A958-57980B212A5A): 9
LogDevObjectVersion:   Dev-VR (D7296918-1DD6-4BDD-9DE2-64A83CC13884): 2
LogDevObjectVersion:   Dev-LoadTimes (C2A15278-BFE7-4AFE-6C17-90FF531DF755): 1
LogDevObjectVersion:   Private-Geometry (6EACA3D4-40EC-4CC1-B786-8BED09428FC5): 3
LogDevObjectVersion:   Dev-AnimPhys (29E575DD-E0A3-4627-9D10-D276232CDCEA): 17
LogDevObjectVersion:   Dev-ReflectionCapture (6B266CEC-1EC7-4B8F-A30B-E4D90942FC07): 1
LogDevObjectVersion:   Dev-Automation (0DF73D61-A23F-47EA-B727-89E90C41499A): 1
LogDevObjectVersion:   FortniteMain (601D1886-AC64-4F84-AA16-D3DE0DEAC7D6): 12
LogDevObjectVersion:   Dev-Enterprise (9DFFBCD6-494F-0158-E221-12823C92A888): 1
LogStreaming: Display: Took  0.000s to delete old logs.
LogInit: Presizing for max 8388607 objects, including 0 objects not considered by GC, pre-allocating 0 bytes for permanent pool.
LogInit: Object subsystem initialized
[2020.04.29-08.08.11:783][  0]LogInit: Selected Device Profile: [Windows]
[2020.04.29-08.08.11:783][  0]LogInit: Applying CVar settings loaded from the selected device profile: [Windows]
[2020.04.29-08.08.11:798][  0]LogHAL: Display: Platform has ~ 8 GB [8483479552 / 8589934592 / 8], which maps to Default [LargestMinGB=32, LargerMinGB=12, DefaultMinGB=8, SmallerMinGB=6, SmallestMinGB=0)
[2020.04.29-08.08.11:798][  0]LogInit: Setting Device Profile CVar: [[r.Vulkan.UseRealUBs:1]]
[2020.04.29-08.08.11:798][  0]LogInit: Going up to parent DeviceProfile []
[2020.04.29-08.08.11:799][  0]LogInit: Computer: DESKTOP-QSE5201
[2020.04.29-08.08.11:799][  0]LogInit: User: DELL
[2020.04.29-08.08.11:799][  0]LogInit: CPU Page size=4096, Cores=2
[2020.04.29-08.08.11:799][  0]LogInit: High frequency timer resolution =2.648434 MHz
[2020.04.29-08.08.11:800][  0]LogMemory: Memory total: Physical=7.9GB (8GB approx)
[2020.04.29-08.08.11:800][  0]LogMemory: Platform Memory Stats for Windows
[2020.04.29-08.08.11:800][  0]LogMemory: Process Physical Memory: 101.95 MB used, 101.95 MB peak
[2020.04.29-08.08.11:800][  0]LogMemory: Process Virtual Memory: 104.92 MB used, 104.92 MB peak
[2020.04.29-08.08.11:800][  0]LogMemory: Physical Memory: 5032.35 MB used,  3058.13 MB free, 8090.48 MB total
[2020.04.29-08.08.11:800][  0]LogMemory: Virtual Memory: 4643.48 MB used,  3058.13 MB free, 134217728.00 MB total
[2020.04.29-08.08.11:825][  0]LogInit: Overriding language with editor language configuration option (en).
[2020.04.29-08.08.11:825][  0]LogInit: Overriding locale with editor locale configuration option (en).
[2020.04.29-08.08.12:212][  0]LogStreaming: Display: Took  0.387s to InitEngineTextLocalization.
[2020.04.29-08.08.12:212][  0]LogInit: Setting process to per monitor DPI aware
[2020.04.29-08.08.12:255][  0]LogSlate: New Slate User Created.  User Index 0, Is Virtual User: 0
[2020.04.29-08.08.12:255][  0]LogSlate: Slate User Registered.  User Index 0, Is Virtual User: 0
[2020.04.29-08.08.12:633][  0]LogHMD: Failed to initialize OpenVR with code 110
[2020.04.29-08.08.12:633][  0]LogD3D11RHI: D3D11 adapters:
[2020.04.29-08.08.12:689][  0]LogD3D11RHI:    0. 'NVIDIA GeForce 940MX' (Feature Level 11_0)
[2020.04.29-08.08.12:689][  0]LogD3D11RHI:       4055/0/4045 MB DedicatedVideo/DedicatedSystem/SharedSystem, Outputs:1, VendorId:0x10de
[2020.04.29-08.08.12:701][  0]LogD3D11RHI:    1. 'Intel(R) HD Graphics 620' (Feature Level 11_0)
[2020.04.29-08.08.12:701][  0]LogD3D11RHI:       128/0/4045 MB DedicatedVideo/DedicatedSystem/SharedSystem, Outputs:0, VendorId:0x8086
[2020.04.29-08.08.12:703][  0]LogD3D11RHI:    2. 'Microsoft Basic Render Driver' (Feature Level 11_0)
[2020.04.29-08.08.12:703][  0]LogD3D11RHI:       0/0/4045 MB DedicatedVideo/DedicatedSystem/SharedSystem, Outputs:0, VendorId:0x1414
[2020.04.29-08.08.12:703][  0]LogD3D11RHI: Chosen D3D11 Adapter: 0
[2020.04.29-08.08.12:734][  0]LogD3D11RHI: Creating new Direct3DDevice
[2020.04.29-08.08.12:734][  0]LogD3D11RHI:     GPU DeviceId: 0x134d (for the marketing name, search the web for "GPU Device Id")
[2020.04.29-08.08.12:734][  0]LogWindows: EnumDisplayDevices:
[2020.04.29-08.08.12:734][  0]LogWindows:    0. 'Intel(R) HD Graphics 620' (P:1 D:1)
[2020.04.29-08.08.12:734][  0]LogWindows:    1. 'Intel(R) HD Graphics 620' (P:0 D:0)
[2020.04.29-08.08.12:735][  0]LogWindows:    2. 'Intel(R) HD Graphics 620' (P:0 D:0)
[2020.04.29-08.08.12:735][  0]LogWindows: DebugString: PrimaryIsNotTheChoosenAdapter PrimaryIsNotTheChoosenAdapter PrimaryIsNotTheChoosenAdapter FoundDriverCount:0 
[2020.04.29-08.08.12:735][  0]LogD3D11RHI:     Adapter Name: NVIDIA GeForce 940MX
[2020.04.29-08.08.12:735][  0]LogD3D11RHI:   Driver Version: Unknown (internal:Unknown, unified:Unknown)
[2020.04.29-08.08.12:735][  0]LogD3D11RHI:      Driver Date: Unknown
[2020.04.29-08.08.12:735][  0]LogRHI: Texture pool is 2839 MB (70% of 4055 MB)
[2020.04.29-08.08.12:771][  0]LogD3D11RHI: Async texture creation enabled
[2020.04.29-08.08.12:795][  0]LogD3D11RHI: GPU Timing Frequency: 1000.000000 (Debug: 2 2)
[2020.04.29-08.08.12:796][  0]LogShaderCompilers: Guid format shader working directory is -6 characters bigger than the processId version (../../../../../GitProjects/VR-Extinguishing/Project/Intermediate/Shaders/WorkingDirectory/2668/).
[2020.04.29-08.08.12:796][  0]LogShaderCompilers: Cleaned the shader compiler working directory 'C:/Users/DELL/AppData/Local/Temp/UnrealShaderWorkingDir/E109081848908124B381C99038942DC6/'.
[2020.04.29-08.08.13:224][  0]LogTemp: Display: Loaded TP AllDesktopTargetPlatform
[2020.04.29-08.08.13:237][  0]LogTemp: Display: Loaded TP MacClientTargetPlatform
[2020.04.29-08.08.13:251][  0]LogTemp: Display: Loaded TP MacNoEditorTargetPlatform
[2020.04.29-08.08.13:265][  0]LogTemp: Display: Loaded TP MacServerTargetPlatform
[2020.04.29-08.08.13:279][  0]LogTemp: Display: Loaded TP MacTargetPlatform
[2020.04.29-08.08.13:293][  0]LogTemp: Display: Loaded TP WindowsClientTargetPlatform
[2020.04.29-08.08.13:307][  0]LogTemp: Display: Loaded TP WindowsNoEditorTargetPlatform
[2020.04.29-08.08.13:321][  0]LogTemp: Display: Loaded TP WindowsServerTargetPlatform
[2020.04.29-08.08.13:327][  0]LogTemp: Display: Loaded TP WindowsTargetPlatform
[2020.04.29-08.08.13:407][  0]LogTemp: Display: Loaded TP AndroidTargetPlatform
[2020.04.29-08.08.13:407][  0]LogTemp: Display: Loaded TP AndroidTargetPlatform
[2020.04.29-08.08.13:407][  0]LogTemp: Display: Loaded TP AndroidTargetPlatform
[2020.04.29-08.08.13:407][  0]LogTemp: Display: Loaded TP AndroidTargetPlatform
[2020.04.29-08.08.13:407][  0]LogTemp: Display: Loaded TP AndroidTargetPlatform
[2020.04.29-08.08.13:407][  0]LogTemp: Display: Loaded TP AndroidTargetPlatform
[2020.04.29-08.08.13:407][  0]LogTemp: Display: Loaded TP AndroidTargetPlatform
[2020.04.29-08.08.13:407][  0]LogTemp: Display: Loaded TP AndroidTargetPlatform
[2020.04.29-08.08.13:407][  0]LogTemp: Display: Loaded TP AndroidTargetPlatform
[2020.04.29-08.08.13:407][  0]LogTemp: Display: Loaded TP AndroidTargetPlatform
[2020.04.29-08.08.13:407][  0]LogTemp: Display: Loaded TP AndroidTargetPlatform
[2020.04.29-08.08.13:407][  0]LogTemp: Display: Loaded TP AndroidTargetPlatform
[2020.04.29-08.08.13:407][  0]LogTemp: Display: Loaded TP AndroidTargetPlatform
[2020.04.29-08.08.13:407][  0]LogTemp: Display: Loaded TP AndroidTargetPlatform
[2020.04.29-08.08.13:407][  0]LogTemp: Display: Loaded TP AndroidTargetPlatform
[2020.04.29-08.08.13:407][  0]LogTemp: Display: Loaded TP AndroidTargetPlatform
[2020.04.29-08.08.13:407][  0]LogTemp: Display: Loaded TP AndroidTargetPlatform
[2020.04.29-08.08.13:407][  0]LogTemp: Display: Loaded TP AndroidTargetPlatform
[2020.04.29-08.08.13:408][  0]LogTemp: Display: Loaded TP HTML5TargetPlatform
[2020.04.29-08.08.13:471][  0]LogTemp: Display: Loaded TP IOSTargetPlatform
[2020.04.29-08.08.13:471][  0]LogTemp: Display: Loaded TP IOSTargetPlatform
[2020.04.29-08.08.13:497][  0]LogTemp: Display: Loaded TP TVOSTargetPlatform
[2020.04.29-08.08.13:497][  0]LogTemp: Display: Loaded TP TVOSTargetPlatform
[2020.04.29-08.08.13:514][  0]LogTemp: Display: Loaded TP LinuxClientTargetPlatform
[2020.04.29-08.08.13:528][  0]LogTemp: Display: Loaded TP LinuxNoEditorTargetPlatform
[2020.04.29-08.08.13:547][  0]LogTemp: Display: Loaded TP LinuxServerTargetPlatform
[2020.04.29-08.08.13:563][  0]LogTemp: Display: Loaded TP LinuxTargetPlatform
[2020.04.29-08.08.13:572][  0]LogTemp: Display: Loaded TP LuminTargetPlatform
[2020.04.29-08.08.13:572][  0]LogTargetPlatformManager: Display: Building Assets For Windows
[2020.04.29-08.08.13:625][  0]LogXGEController: Cannot use XGE Controller as Incredibuild is not installed on this machine.
[2020.04.29-08.08.13:625][  0]LogShaderCompilers: Cannot use XGE Shader Compiler as Incredibuild is not installed on this machine.
[2020.04.29-08.08.13:625][  0]LogShaderCompilers: Display: Using Local Shader Compiler.
[2020.04.29-08.08.14:399][  0]LogDerivedDataCache: Display: Max Cache Size: 512 MB
[2020.04.29-08.08.14:472][  0]LogDerivedDataCache: Loaded boot cache 0.07s 86MB C:/Users/DELL/AppData/Local/UnrealEngine/4.20/DerivedDataCache/Boot.ddc.
[2020.04.29-08.08.14:472][  0]LogDerivedDataCache: Display: Loaded Boot cache: C:/Users/DELL/AppData/Local/UnrealEngine/4.20/DerivedDataCache/Boot.ddc
[2020.04.29-08.08.14:472][  0]LogDerivedDataCache: FDerivedDataBackendGraph:  Pak pak cache file ../../../../../GitProjects/VR-Extinguishing/Project/DerivedDataCache/DDC.ddp not found, will not use a pak cache.
[2020.04.29-08.08.14:472][  0]LogDerivedDataCache: Unable to find inner node Pak for hierarchical cache Hierarchy.
[2020.04.29-08.08.14:472][  0]LogDerivedDataCache: FDerivedDataBackendGraph:  CompressedPak pak cache file ../../../../../GitProjects/VR-Extinguishing/Project/DerivedDataCache/Compressed.ddp not found, will not use a pak cache.
[2020.04.29-08.08.14:472][  0]LogDerivedDataCache: Unable to find inner node CompressedPak for hierarchical cache Hierarchy.
[2020.04.29-08.08.14:488][  0]LogDerivedDataCache: Display: Pak cache opened for reading ../../../Engine/DerivedDataCache/Compressed.ddp.
[2020.04.29-08.08.14:501][  0]LogDerivedDataCache: Using Local data cache path C:/Users/DELL/AppData/Local/UnrealEngine/Common/DerivedDataCache: Writable
[2020.04.29-08.08.14:501][  0]LogDerivedDataCache: Shared data cache path not found in *engine.ini, will not use an Shared cache.
[2020.04.29-08.08.14:501][  0]LogDerivedDataCache: Unable to find inner node Shared for hierarchical cache Hierarchy.
[2020.04.29-08.08.14:521][  0]LogMaterial: Verifying Global Shaders for PCD3D_SM5
[2020.04.29-08.08.14:523][  0]LogSlate: Using FreeType 2.6.0
[2020.04.29-08.08.14:524][  0]LogSlate: SlateFontServices - WITH_FREETYPE: 1, WITH_HARFBUZZ: 1
[2020.04.29-08.08.14:612][  0]LogAssetRegistry: FAssetRegistry took 0.0264 seconds to start up
[2020.04.29-08.08.14:958][  0]LogInit: Selected Device Profile: [Windows]
[2020.04.29-08.08.15:105][  0]LogSimplygon: Simplygon DLL not present - disabling.
[2020.04.29-08.08.15:108][  0]LogMeshReduction: Using SimplygonSwarm for distributed automatic mesh merging
[2020.04.29-08.08.15:109][  0]LogMeshReduction: Using ProxyLODMeshReduction for automatic mesh merging
[2020.04.29-08.08.15:109][  0]LogMeshReduction: Using QuadricMeshReduction for automatic static mesh reduction
[2020.04.29-08.08.15:109][  0]LogMeshReduction: No automatic skeletal mesh reduction module available
[2020.04.29-08.08.15:126][  0]LogNetVersion: Project 1.0.0, NetCL: 4212847, EngineNetVer: 5, GameNetVer: 0 (Checksum: 1790082038)
[2020.04.29-08.08.15:679][  0]LogPackageLocalizationCache: Processed 11 localized package path(s) for 1 prioritized culture(s) in 0.076541 seconds
[2020.04.29-08.08.15:687][  0]LogUObjectArray: 38425 objects as part of root set at end of initial load.
[2020.04.29-08.08.15:687][  0]LogUObjectAllocator: 6690872 out of 0 bytes used by permanent object pool.
[2020.04.29-08.08.15:687][  0]LogUObjectArray: CloseDisregardForGC: 0/0 objects in disregard for GC pool
[2020.04.29-08.08.16:724][  0]LogTcpMessaging: Initializing TcpMessaging bridge
[2020.04.29-08.08.16:738][  0]LogUdpMessaging: Initializing bridge on interface 0.0.0.0:0 to multicast group 230.0.0.1:6666.
[2020.04.29-08.08.16:891][  0]SourceControl: Source control is disabled
[2020.04.29-08.08.16:891][  0]SourceControl: Source control is disabled
[2020.04.29-08.08.16:893][  0]SourceControl: Source control is disabled
[2020.04.29-08.08.16:894][  0]SourceControl: Source control is disabled
[2020.04.29-08.08.17:071][  0]LogAndroidPermission: UAndroidPermissionCallbackProxy::GetInstance
[2020.04.29-08.08.17:141][  0]LogOcInput: OculusInput pre-init called
[2020.04.29-08.08.17:203][  0]LogEngine: Initializing Engine...
[2020.04.29-08.08.17:204][  0]LogHMD: Failed to initialize OpenVR with code 110
[2020.04.29-08.08.17:205][  0]LogStats: UGameplayTagsManager::ConstructGameplayTagTree: ImportINI prefixes -  0.000 s
[2020.04.29-08.08.17:205][  0]LogStats: UGameplayTagsManager::ConstructGameplayTagTree: Construct from data asset -  0.000 s
[2020.04.29-08.08.17:206][  0]LogStats: UGameplayTagsManager::ConstructGameplayTagTree: ImportINI -  0.000 s
[2020.04.29-08.08.17:206][  0]LogStats: UGameplayTagsManager::ConstructGameplayTagTree: GameplayTagTreeChangedEvent.Broadcast -  0.000 s
[2020.04.29-08.08.17:467][  0]LogInit: Initializing FReadOnlyCVARCache
[2020.04.29-08.08.17:479][  0]LogAIModule: Creating AISystem for world Untitled
[2020.04.29-08.08.17:493][  0]LogInit: XAudio2 using '扬声器/听筒 (Realtek Audio)' : 2 channels at 48 kHz using 32 bits per sample (channel mask 0x3)
[2020.04.29-08.08.17:815][  0]LogInit: FAudioDevice initialized.
[2020.04.29-08.08.17:815][  0]LogNetVersion: Set ProjectVersion to 1.0.0.0. Version Checksum will be recalculated on next use.
[2020.04.29-08.08.18:014][  0]LogDerivedDataCache: Saved boot cache 0.20s 86MB C:/Users/DELL/AppData/Local/UnrealEngine/4.20/DerivedDataCache/Boot.ddc.
[2020.04.29-08.08.18:028][  0]LogInit: Texture streaming: Enabled
[2020.04.29-08.08.18:047][  0]LogEngineSessionManager: EngineSessionManager initialized
[2020.04.29-08.08.18:059][  0]LogInit: Transaction tracking system initialized
[2020.04.29-08.08.18:078][  0]BlueprintLog: New page: Editor Load
[2020.04.29-08.08.18:144][  0]LocalizationService: Localization service is disabled
[2020.04.29-08.08.18:429][  0]LogCook: Display: Max memory allowance for cook 16384mb min free memory 0mb
[2020.04.29-08.08.18:429][  0]LogCook: Display: Mobile HDR setting 1
[2020.04.29-08.08.18:429][  0]LogGameplayTags: Display: UGameplayTagsManager::DoneAddingNativeTags. DelegateIsBound: 0
[2020.04.29-08.08.18:429][  0]LogStats: UGameplayTagsManager::ConstructGameplayTagTree: ImportINI prefixes -  0.000 s
[2020.04.29-08.08.18:429][  0]LogStats: UGameplayTagsManager::ConstructGameplayTagTree: Construct from data asset -  0.000 s
[2020.04.29-08.08.18:430][  0]LogStats: UGameplayTagsManager::ConstructGameplayTagTree: ImportINI -  0.000 s
[2020.04.29-08.08.18:430][  0]LogStats: UGameplayTagsManager::ConstructGameplayTagTree: GameplayTagTreeChangedEvent.Broadcast -  0.000 s
[2020.04.29-08.08.18:461][  0]LogFileCache: Scanning file cache for directory 'D:/GitProjects/VR-Extinguishing/Project/Content/' took 0.01s
[2020.04.29-08.08.18:564][  0]SourceControl: Source control is disabled
[2020.04.29-08.08.18:565][  0]Cmd: MAP LOAD FILE="../../../../../GitProjects/VR-Extinguishing/Project/Content/VirtualRealityBP/Maps/StartupMap.umap" TEMPLATE=0 SHOWPROGRESS=1 FEATURELEVEL=3
[2020.04.29-08.08.18:565][  0]LightingResults: New page: Lighting Build
[2020.04.29-08.08.18:567][  0]MapCheck: New page: Map Check
[2020.04.29-08.08.18:568][  0]LightingResults: New page: Lighting Build
[2020.04.29-08.08.18:724][  0]LogAIModule: Creating AISystem for world StartupMap
[2020.04.29-08.08.18:736][  0]LogEditorServer: Finished looking for orphan Actors (0.000 secs)
[2020.04.29-08.08.18:759][  0]Cmd: MAP CHECKDEP NOCLEARLOG
[2020.04.29-08.08.18:842][  0]MapCheck: Map check complete: 0 Error(s), 0 Warning(s), took 82.554ms to complete.
[2020.04.29-08.08.18:842][  0]LogFileHelpers: Loading map 'StartupMap' took 0.278
[2020.04.29-08.08.18:977][  0]LogSlate: Updating window title bar state: overlay mode, drag disabled, window buttons hidden, title bar hidden
[2020.04.29-08.08.18:986][  0]LogSlate: Updating window title bar state: overlay mode, drag disabled, window buttons hidden, title bar hidden
[2020.04.29-08.08.18:995][  0]LogSlate: Updating window title bar state: overlay mode, drag disabled, window buttons hidden, title bar hidden
[2020.04.29-08.08.19:003][  0]LogSlate: Updating window title bar state: overlay mode, drag disabled, window buttons hidden, title bar hidden
[2020.04.29-08.08.19:009][  0]LogCollectionManager: Loaded 0 collections in 0.001151 seconds
[2020.04.29-08.08.19:050][  0]LogFileCache: Scanning file cache for directory 'D:/GitProjects/VR-Extinguishing/Project/Saved/Collections/' took 0.01s
[2020.04.29-08.08.19:050][  0]LogFileCache: Scanning file cache for directory 'D:/GitProjects/VR-Extinguishing/Project/Content/Developers/DELL/Collections/' took 0.01s
[2020.04.29-08.08.19:050][  0]LogFileCache: Scanning file cache for directory 'D:/GitProjects/VR-Extinguishing/Project/Content/Collections/' took 0.01s
[2020.04.29-08.08.19:050][  0]LogCollectionManager: Rebuilt the GUID cache for 0 collections in 0.000000 seconds
[2020.04.29-08.08.19:060][  0]LogContentBrowser: Native class hierarchy populated in 0.0096 seconds. Added 2572 classes and 603 folders.
[2020.04.29-08.08.19:065][  0]LogContentBrowser: Native class hierarchy updated for 'WidgetCarousel' in 0.0003 seconds. Added 0 classes and 0 folders.
[2020.04.29-08.08.19:141][  0]LogContentBrowser: Native class hierarchy updated for 'AddContentDialog' in 0.0003 seconds. Added 0 classes and 0 folders.
[2020.04.29-08.08.19:145][  0]LogContentBrowser: Native class hierarchy updated for 'SceneOutliner' in 0.0004 seconds. Added 1 classes and 2 folders.
[2020.04.29-08.08.19:161][  0]LogSlate: Took 0.000440 seconds to synchronously load lazily loaded font '../../../Engine/Content/Slate/Fonts/Roboto-Regular.ttf' (155K)
[2020.04.29-08.08.19:167][  0]LogSlate: Took 0.001698 seconds to synchronously load lazily loaded font '../../../Engine/Content/Slate/Fonts/Roboto-Bold.ttf' (160K)
[2020.04.29-08.08.19:181][  0]LogSlate: Took 0.000566 seconds to synchronously load lazily loaded font '../../../Engine/Content/Editor/Slate/Fonts/FontAwesome.ttf' (139K)
[2020.04.29-08.08.19:276][  0]LogRenderer: Reallocating scene render targets to support 940x436 Format 26 NumSamples 1 (Frame:1).
[2020.04.29-08.08.19:522][  0]LogContentBrowser: Native class hierarchy updated for 'HierarchicalLODOutliner' in 0.0004 seconds. Added 0 classes and 0 folders.
[2020.04.29-08.08.19:523][  0]LogLoad: (Engine Initialization) Total time: 9.79 seconds
[2020.04.29-08.08.19:523][  0]LogLoad: (Engine Initialization) Total Blueprint compile time: 0.00 seconds
[2020.04.29-08.08.19:542][  0]LogWindowsTextInputMethodSystem: Display: IME system now activated using TSF (微软拼音).
[2020.04.29-08.08.19:567][  0]LogContentStreaming: Texture pool size now 1000 MB
[2020.04.29-08.08.19:584][  0]LogSlate: Took 0.000377 seconds to synchronously load lazily loaded font '../../../Engine/Content/Slate/Fonts/Roboto-Light.ttf' (167K)
[2020.04.29-08.08.19:615][  1]LogAssetRegistry: Asset discovery search completed in 5.0253 seconds
[2020.04.29-08.08.19:616][  1]LogCollectionManager: Rebuilt the object cache for 0 collections in 0.000000 seconds (found 0 objects)
[2020.04.29-08.08.19:616][  1]LogCollectionManager: Fixed up redirectors for 0 collections in 0.000060 seconds (updated 0 objects)
[2020.04.29-08.08.31:998][723]LogSlate: FSceneViewport::OnFocusLost() reason 0
[2020.04.29-08.08.32:170][733]LogSlate: Took 0.000336 seconds to synchronously load lazily loaded font '../../../Engine/Content/Slate/Fonts/Roboto-Light.ttf' (167K)
[2020.04.29-08.08.32:706][733]LogAIModule: Creating AISystem for world MotionControllerMap
[2020.04.29-08.08.32:716][733]LogAssetEditorManager: Opening Asset editor for World /Game/VirtualRealityBP/Maps/MotionControllerMap.MotionControllerMap
[2020.04.29-08.08.32:741][733]Cmd: MAP LOAD FILE="../../../../../GitProjects/VR-Extinguishing/Project/Content/VirtualRealityBP/Maps/MotionControllerMap.umap" TEMPLATE=0 SHOWPROGRESS=1 FEATURELEVEL=3
[2020.04.29-08.08.32:741][733]LightingResults: New page: Lighting Build
[2020.04.29-08.08.32:742][733]LoadErrors: New page: Loading map: MotionControllerMap.umap
[2020.04.29-08.08.32:743][733]MapCheck: New page: Map Check
[2020.04.29-08.08.32:743][733]LightingResults: New page: Lighting Build
[2020.04.29-08.08.32:779][733]LogEditorServer: Finished looking for orphan Actors (0.000 secs)
[2020.04.29-08.08.32:831][733]Cmd: MAP CHECKDEP NOCLEARLOG
[2020.04.29-08.08.32:910][733]MapCheck: Map check complete: 0 Error(s), 0 Warning(s), took 79.32ms to complete.
[2020.04.29-08.08.32:910][733]LogFileHelpers: Loading map 'MotionControllerMap' took 0.169
[2020.04.29-08.08.45:573][475]LogAIModule: Creating AISystem for world StartupMap
[2020.04.29-08.08.45:579][475]LogAssetEditorManager: Opening Asset editor for World /Game/VirtualRealityBP/Maps/StartupMap.StartupMap
[2020.04.29-08.08.45:601][475]Cmd: MAP LOAD FILE="../../../../../GitProjects/VR-Extinguishing/Project/Content/VirtualRealityBP/Maps/StartupMap.umap" TEMPLATE=0 SHOWPROGRESS=1 FEATURELEVEL=3
[2020.04.29-08.08.45:601][475]LightingResults: New page: Lighting Build
[2020.04.29-08.08.45:601][475]LoadErrors: New page: Loading map: StartupMap.umap
[2020.04.29-08.08.45:603][475]MapCheck: New page: Map Check
[2020.04.29-08.08.45:603][475]LightingResults: New page: Lighting Build
[2020.04.29-08.08.45:631][475]LogEditorServer: Finished looking for orphan Actors (0.000 secs)
[2020.04.29-08.08.45:679][475]Cmd: MAP CHECKDEP NOCLEARLOG
[2020.04.29-08.08.45:760][475]MapCheck: Map check complete: 0 Error(s), 0 Warning(s), took 80.775ms to complete.
[2020.04.29-08.08.45:760][475]LogFileHelpers: Loading map 'StartupMap' took 0.159
[2020.04.29-08.08.49:433][674]LogAIModule: Creating AISystem for world HMDLocomotionMap
[2020.04.29-08.08.50:679][747]LogAssetEditorManager: Opening Asset editor for World /Game/VirtualRealityBP/Maps/HMDLocomotionMap.HMDLocomotionMap
[2020.04.29-08.08.50:703][747]Cmd: MAP LOAD FILE="../../../../../GitProjects/VR-Extinguishing/Project/Content/VirtualRealityBP/Maps/HMDLocomotionMap.umap" TEMPLATE=0 SHOWPROGRESS=1 FEATURELEVEL=3
[2020.04.29-08.08.50:703][747]LightingResults: New page: Lighting Build
[2020.04.29-08.08.50:705][747]LoadErrors: New page: Loading map: HMDLocomotionMap.umap
[2020.04.29-08.08.50:706][747]MapCheck: New page: Map Check
[2020.04.29-08.08.50:706][747]LightingResults: New page: Lighting Build
[2020.04.29-08.08.50:733][747]LogEditorServer: Finished looking for orphan Actors (0.000 secs)
[2020.04.29-08.08.50:797][747]Cmd: MAP CHECKDEP NOCLEARLOG
[2020.04.29-08.08.50:879][747]MapCheck: Map check complete: 0 Error(s), 0 Warning(s), took 81.716ms to complete.
[2020.04.29-08.08.50:880][747]LogFileHelpers: Loading map 'HMDLocomotionMap' took 0.177
[2020.04.29-08.08.52:007][806]LogTemp: Repeating last play command: Selected Viewport
[2020.04.29-08.08.52:026][806]LogBlueprintUserMessages: Early PlayInEditor Detection: Level '/Game/VirtualRealityBP/Maps/HMDLocomotionMap.HMDLocomotionMap:PersistentLevel' has LevelScriptBlueprint '/Game/VirtualRealityBP/Maps/HMDLocomotionMap.HMDLocomotionMap:PersistentLevel.HMDLocomotionMap' with GeneratedClass '/Game/VirtualRealityBP/Maps/HMDLocomotionMap.HMDLocomotionMap_C' with ClassGeneratedBy '/Game/VirtualRealityBP/Maps/HMDLocomotionMap.HMDLocomotionMap:PersistentLevel.HMDLocomotionMap'
[2020.04.29-08.08.52:026][806]LogPlayLevel: PlayLevel: No blueprints needed recompiling
[2020.04.29-08.08.52:038][806]PIE: New page: PIE session: HMDLocomotionMap (Apr 30, 2020, 12:08:52 AM)
[2020.04.29-08.08.52:038][806]LogPlayLevel: Creating play world package: /Game/VirtualRealityBP/Maps/UEDPIE_0_HMDLocomotionMap
[2020.04.29-08.08.52:047][806]LogPlayLevel: PIE: StaticDuplicateObject took: (0.008851s)
[2020.04.29-08.08.52:048][806]LogAIModule: Creating AISystem for world HMDLocomotionMap
[2020.04.29-08.08.52:048][806]LogPlayLevel: PIE: World Init took: (0.000731s)
[2020.04.29-08.08.52:048][806]LogPlayLevel: PIE: Created PIE world by copying editor world from /Game/VirtualRealityBP/Maps/HMDLocomotionMap.HMDLocomotionMap to /Game/VirtualRealityBP/Maps/UEDPIE_0_HMDLocomotionMap.HMDLocomotionMap (0.009787s)
[2020.04.29-08.08.52:073][806]LogInit: XAudio2 using '扬声器/听筒 (Realtek Audio)' : 2 channels at 48 kHz using 32 bits per sample (channel mask 0x3)
[2020.04.29-08.08.52:153][806]LogInit: FAudioDevice initialized.
[2020.04.29-08.08.52:197][806]LogUObjectGlobals: Warning: Failed to find object 'Class None.'
[2020.04.29-08.08.52:197][806]LogLoad: Game class is 'GameModeBase'
[2020.04.29-08.08.52:198][806]LogWorld: Bringing World /Game/VirtualRealityBP/Maps/UEDPIE_0_HMDLocomotionMap.HMDLocomotionMap up for play (max tick rate 60) at 2020.04.29-16.08.52
[2020.04.29-08.08.52:199][806]LogWorld: Bringing up level for play took: 0.001592
[2020.04.29-08.08.52:222][806]LogContentBrowser: Native class hierarchy updated for 'MovieSceneCapture' in 0.0003 seconds. Added 10 classes and 0 folders.
[2020.04.29-08.08.52:223][806]PIE: Play in editor start time for /Game/VirtualRealityBP/Maps/UEDPIE_0_HMDLocomotionMap -0.701
[2020.04.29-08.08.52:223][806]LogBlueprintUserMessages: Late PlayInEditor Detection: Level '/Game/VirtualRealityBP/Maps/HMDLocomotionMap.HMDLocomotionMap:PersistentLevel' has LevelScriptBlueprint '/Game/VirtualRealityBP/Maps/HMDLocomotionMap.HMDLocomotionMap:PersistentLevel.HMDLocomotionMap' with GeneratedClass '/Game/VirtualRealityBP/Maps/HMDLocomotionMap.HMDLocomotionMap_C' with ClassGeneratedBy '/Game/VirtualRealityBP/Maps/HMDLocomotionMap.HMDLocomotionMap:PersistentLevel.HMDLocomotionMap'
[2020.04.29-08.08.56:582][ 60]LogBlueprintUserMessages: Early EndPlayMap Detection: Level '/Game/VirtualRealityBP/Maps/HMDLocomotionMap.HMDLocomotionMap:PersistentLevel' has LevelScriptBlueprint '/Game/VirtualRealityBP/Maps/HMDLocomotionMap.HMDLocomotionMap:PersistentLevel.HMDLocomotionMap' with GeneratedClass '/Game/VirtualRealityBP/Maps/HMDLocomotionMap.HMDLocomotionMap_C' with ClassGeneratedBy '/Game/VirtualRealityBP/Maps/HMDLocomotionMap.HMDLocomotionMap:PersistentLevel.HMDLocomotionMap'
[2020.04.29-08.08.56:583][ 60]LogSlate: Updating window title bar state: overlay mode, drag disabled, window buttons hidden, title bar hidden
[2020.04.29-08.08.56:617][ 60]LogPlayLevel: Display: Shutting down PIE online subsystems
[2020.04.29-08.08.56:617][ 60]LogBlueprintUserMessages: Late EndPlayMap Detection: Level '/Game/VirtualRealityBP/Maps/HMDLocomotionMap.HMDLocomotionMap:PersistentLevel' has LevelScriptBlueprint '/Game/VirtualRealityBP/Maps/HMDLocomotionMap.HMDLocomotionMap:PersistentLevel.HMDLocomotionMap' with GeneratedClass '/Game/VirtualRealityBP/Maps/HMDLocomotionMap.HMDLocomotionMap_C' with ClassGeneratedBy '/Game/VirtualRealityBP/Maps/HMDLocomotionMap.HMDLocomotionMap:PersistentLevel.HMDLocomotionMap'
[2020.04.29-08.08.56:642][ 60]LogSlate: Updating window title bar state: overlay mode, drag disabled, window buttons hidden, title bar hidden
[2020.04.29-08.08.56:684][ 62]LogPlayLevel: Display: Destroying online subsystem :Context_1
[2020.04.29-08.09.01:284][338]LogSlate: FSceneViewport::OnFocusLost() reason 0
[2020.04.29-08.09.01:461][345]LogAIModule: Creating AISystem for world MotionControllerMap
[2020.04.29-08.09.42:338][887]LogAssetEditorManager: Opening Asset editor for World /Game/VirtualRealityBP/Maps/MotionControllerMap.MotionControllerMap
[2020.04.29-08.09.42:361][887]Cmd: MAP LOAD FILE="../../../../../GitProjects/VR-Extinguishing/Project/Content/VirtualRealityBP/Maps/MotionControllerMap.umap" TEMPLATE=0 SHOWPROGRESS=1 FEATURELEVEL=3
[2020.04.29-08.09.42:361][887]LightingResults: New page: Lighting Build
[2020.04.29-08.09.42:362][887]LoadErrors: New page: Loading map: MotionControllerMap.umap
[2020.04.29-08.09.42:363][887]MapCheck: New page: Map Check
[2020.04.29-08.09.42:363][887]LightingResults: New page: Lighting Build
[2020.04.29-08.09.42:396][887]LogEditorServer: Finished looking for orphan Actors (0.000 secs)
[2020.04.29-08.09.42:446][887]Cmd: MAP CHECKDEP NOCLEARLOG
[2020.04.29-08.09.42:527][887]MapCheck: Map check complete: 0 Error(s), 0 Warning(s), took 81.072ms to complete.
[2020.04.29-08.09.42:528][887]LogFileHelpers: Loading map 'MotionControllerMap' took 0.168
[2020.04.29-08.09.46:534][ 51]LogSlate: Only BGRA pngs, bmps or icos are supported in by External Image Picker
[2020.04.29-08.09.46:638][ 51]LogTemp: Executing iPhonePackager certificates Engine -bundlename com.YourCompany.Project
[2020.04.29-08.09.46:638][ 51]LogTemp: CWD: D:\Epic Games\UE_4.20\Engine\Binaries\DotNET\IOS
[2020.04.29-08.09.46:638][ 51]LogTemp: Initial Dir: D:\Epic Games\UE_4.20
[2020.04.29-08.09.46:638][ 51]LogTemp: Env CWD: D:\Epic Games\UE_4.20\Engine\Binaries\DotNET\IOS
[2020.04.29-08.09.46:644][ 51]LogTemp: BranchPath = DESKTOP-QSE5201/D/Epic Games/UE_4.20/Engine/Binaries --- GameBranchPath = DESKTOP-QSE5201/D/Epic Games/UE_4.20/Engine/Binaries
[2020.04.29-08.09.46:662][ 51]LogTemp: IPP ERROR: Could not find provision directory 'C:\Users\DELL\AppData\Local/Apple Computer/MobileDevice/Provisioning Profiles/'.
[2020.04.29-08.09.59:914][750]LogSlate: Window 'Project Settings' being destroyed
[2020.04.29-08.09.59:919][750]LogSlate: Window 'Project Settings' being destroyed
[2020.04.29-08.10.08:430][235]LogSavePackage: Moving '../../../../../GitProjects/VR-Extinguishing/Project/Saved/MotionControllerMap1F40C6584541271EEB056CA2D447B2EF.tmp' to '../../../../../GitProjects/VR-Extinguishing/Project/Content/VirtualRealityBP/Maps/MotionControllerMap.umap'
[2020.04.29-08.10.08:467][235]LogFileHelpers: Saving map 'MotionControllerMap' took 0.319
[2020.04.29-08.10.15:735][660]LogWindows: Warning: CreateProc failed: 系统找不到指定的文件。 (0x00000002)
[2020.04.29-08.10.15:735][660]LogWindows: Warning: URL: C:/Program Files/Git/bin/git.exe version
[2020.04.29-08.10.15:735][660]LogWindows: Warning: CreateProc failed: 系统找不到指定的文件。 (0x00000002)
[2020.04.29-08.10.15:735][660]LogWindows: Warning: URL: C:/Program Files (x86)/Git/bin/git.exe version
[2020.04.29-08.10.15:735][660]LogWindows: Warning: CreateProc failed: 系统找不到指定的文件。 (0x00000002)
[2020.04.29-08.10.15:735][660]LogWindows: Warning: URL: C:\Users\DELL\AppData\Local/Programs/Git/cmd/git.exe version
[2020.04.29-08.10.15:736][660]LogWindows: Warning: CreateProc failed: 系统找不到指定的文件。 (0x00000002)
[2020.04.29-08.10.15:736][660]LogWindows: Warning: URL: C:/Program Files (x86)/SmartGit/git/bin/git.exe version
[2020.04.29-08.10.15:736][660]LogWindows: Warning: CreateProc failed: 系统找不到指定的文件。 (0x00000002)
[2020.04.29-08.10.15:736][660]LogWindows: Warning: URL: C:/Program Files (x86)/SmartGit/bin/git.exe version
[2020.04.29-08.10.15:736][660]LogWindows: Warning: CreateProc failed: 系统找不到指定的文件。 (0x00000002)
[2020.04.29-08.10.15:736][660]LogWindows: Warning: URL: C:\Users\DELL\AppData\Local/Atlassian/SourceTree/git_local/bin/git.exe version
[2020.04.29-08.10.15:736][660]LogWindows: Warning: CreateProc failed: 系统找不到指定的文件。 (0x00000002)
[2020.04.29-08.10.15:736][660]LogWindows: Warning: URL: C:/Program Files (x86)/fournova/Tower/vendor/Git/bin/git.exe version
[2020.04.29-08.11.27:551][740]LogSlate: Took 0.036486 seconds to synchronously load lazily loaded font '../../../Engine/Content/Slate/Fonts/DroidSansFallback.ttf' (3848K)
[2020.04.29-08.12.06:767][958]LogSlate: Window 'Source Control Login' being destroyed
[2020.04.29-08.13.23:053][532]LogHttp: Warning: 0000028B9AA6EE80: request failed, libcurl error: 35 (SSL connect error)
[2020.04.29-08.13.23:054][532]LogHttp: Warning: 0000028B9AA6EE80: libcurl info message cache 0 (Connection 1 seems to be dead!)
[2020.04.29-08.13.23:054][532]LogHttp: Warning: 0000028B9AA6EE80: libcurl info message cache 1 (Closing connection 1)
[2020.04.29-08.13.23:054][532]LogHttp: Warning: 0000028B9AA6EE80: libcurl info message cache 2 (TLSv1.2 (OUT), TLS alert, Client hello (1):)
[2020.04.29-08.13.23:054][532]LogHttp: Warning: 0000028B9AA6EE80: libcurl info message cache 3 (  Trying 3.224.85.57...)
[2020.04.29-08.13.23:054][532]LogHttp: Warning: 0000028B9AA6EE80: libcurl info message cache 4 (TCP_NODELAY set)
[2020.04.29-08.13.23:054][532]LogHttp: Warning: 0000028B9AA6EE80: libcurl info message cache 5 (Connected to datarouter.ol.epicgames.com (3.224.85.57) port 443 (#2))
[2020.04.29-08.13.23:054][532]LogHttp: Warning: 0000028B9AA6EE80: libcurl info message cache 6 (ALPN, offering http/1.1)
[2020.04.29-08.13.23:054][532]LogHttp: Warning: 0000028B9AA6EE80: libcurl info message cache 7 (Cipher selection: ALL:!EXPORT:!EXPORT40:!EXPORT56:!aNULL:!LOW:!RC4:@STRENGTH)
[2020.04.29-08.13.23:054][532]LogHttp: Warning: 0000028B9AA6EE80: libcurl info message cache 8 (SSL re-using session ID)
[2020.04.29-08.13.23:054][532]LogHttp: Warning: 0000028B9AA6EE80: libcurl info message cache 9 (TLSv1.2 (OUT), TLS handshake, Client hello (1):)
[2020.04.29-08.13.23:054][532]LogHttp: Warning: 0000028B9AA6EE80: libcurl info message cache 10 (OpenSSL SSL_connect: SSL_ERROR_SYSCALL in connection to datarouter.ol.epicgames.com:443 )
[2020.04.29-08.13.23:054][532]LogHttp: Warning: 0000028B9AA6EE80: libcurl info message cache 11 (Closing connection 2)
[2020.04.29-08.13.28:789][868]LogSlate: Window 'Source Control Login' being destroyed
[2020.04.29-08.13.36:274][313]SourceControl: fatal: D:/Epic Games/UE_4.20/Engine/Content: 'D:/Epic Games/UE_4.20/Engine/Content' is outside repository at 'D:/GitProjects/VR-Extinguishing'
[2020.04.29-08.13.36:432][313]LogPackageName: Error: Illegal call to DoesPackageExist: '../../../../../GitProjects/VR-Extinguishing/Project/Project.uproject' is not a standard unreal filename or a long path name. Reason: Path should be no less than 4 characters long.
[2020.04.29-08.13.37:381][313]LogStats: FPlatformStackWalk::StackWalkAndDump -  0.948 s
[2020.04.29-08.13.37:381][313]LogOutputDevice: Error: === Handled ensure: ===
[2020.04.29-08.13.37:381][313]LogOutputDevice: Error: 
[2020.04.29-08.13.37:381][313]LogOutputDevice: Error: Ensure condition failed: false [File:D:\Build\++UE4\Sync\Engine\Source\Runtime\CoreUObject\Private\Misc\PackageName.cpp] [Line: 822]
[2020.04.29-08.13.37:381][313]LogOutputDevice: Error: Illegal call to DoesPackageExist: '../../../../../GitProjects/VR-Extinguishing/Project/Project.uproject' is not a standard unreal filename or a long path name. Reason: Path should be no less than 4 characters long.
[2020.04.29-08.13.37:381][313]LogOutputDevice: Error: Stack: 
[2020.04.29-08.13.37:381][313]LogOutputDevice: Error: [Callstack] 0x00007ffd38f671f6 UE4Editor-Core.dll!UnknownFunction []
[2020.04.29-08.13.37:381][313]LogOutputDevice: Error: [Callstack] 0x00007ffd38ca0c92 UE4Editor-Core.dll!UnknownFunction []
[2020.04.29-08.13.37:381][313]LogOutputDevice: Error: [Callstack] 0x00007ffd38cbb356 UE4Editor-Core.dll!UnknownFunction []
[2020.04.29-08.13.37:381][313]LogOutputDevice: Error: [Callstack] 0x00007ffd41794857 UE4Editor-CoreUObject.dll!UnknownFunction []
[2020.04.29-08.13.37:381][313]LogOutputDevice: Error: [Callstack] 0x00007ffd431d81a5 UE4Editor-SourceControl.dll!UnknownFunction []
[2020.04.29-08.13.37:381][313]LogOutputDevice: Error: [Callstack] 0x00007ffd431d8339 UE4Editor-SourceControl.dll!UnknownFunction []
[2020.04.29-08.13.37:381][313]LogOutputDevice: Error: [Callstack] 0x00007ffd22d74e8d UE4Editor-SourceControlWindows.dll!UnknownFunction []
[2020.04.29-08.13.37:381][313]LogOutputDevice: Error: [Callstack] 0x00007ffd22d2804e UE4Editor-SourceControlWindows.dll!UnknownFunction []
[2020.04.29-08.13.37:381][313]LogOutputDevice: Error: [Callstack] 0x00007ffd22d275df UE4Editor-SourceControlWindows.dll!UnknownFunction []
[2020.04.29-08.13.37:381][313]LogOutputDevice: Error: [Callstack] 0x00007ffd22d41f71 UE4Editor-SourceControlWindows.dll!UnknownFunction []
[2020.04.29-08.13.37:381][313]LogOutputDevice: Error: [Callstack] 0x00007ffd03bef32c UE4Editor-GitSourceControl.dll!UnknownFunction []
[2020.04.29-08.13.37:381][313]LogOutputDevice: Error: [Callstack] 0x00007ffd03bf4e51 UE4Editor-GitSourceControl.dll!UnknownFunction []
[2020.04.29-08.13.37:381][313]LogOutputDevice: Error: [Callstack] 0x00007ffd431de737 UE4Editor-SourceControl.dll!UnknownFunction []
[2020.04.29-08.13.37:381][313]LogOutputDevice: Error: [Callstack] 0x00007ffd33c97aee UE4Editor-UnrealEd.dll!UnknownFunction []
[2020.04.29-08.13.37:381][313]LogOutputDevice: Error: [Callstack] 0x00007ffd3458f666 UE4Editor-UnrealEd.dll!UnknownFunction []
[2020.04.29-08.13.37:382][313]LogOutputDevice: Error: [Callstack] 0x00007ff6a4555cbd UE4Editor.exe!UnknownFunction []
[2020.04.29-08.13.37:382][313]LogOutputDevice: Error: [Callstack] 0x00007ff6a4565b3c UE4Editor.exe!UnknownFunction []
[2020.04.29-08.13.37:382][313]LogOutputDevice: Error: [Callstack] 0x00007ff6a4565bba UE4Editor.exe!UnknownFunction []
[2020.04.29-08.13.37:382][313]LogOutputDevice: Error: [Callstack] 0x00007ff6a4573dac UE4Editor.exe!UnknownFunction []
[2020.04.29-08.13.37:382][313]LogOutputDevice: Error: [Callstack] 0x00007ff6a4575aaa UE4Editor.exe!UnknownFunction []
[2020.04.29-08.13.37:382][313]LogOutputDevice: Error: [Callstack] 0x00007ffd764f4034 KERNEL32.DLL!UnknownFunction []
[2020.04.29-08.13.37:382][313]LogOutputDevice: Error: [Callstack] 0x00007ffd78913691 ntdll.dll!UnknownFunction []
[2020.04.29-08.13.37:382][313]LogOutputDevice: Error: 
[2020.04.29-08.13.37:392][313]LogStats:                SubmitErrorReport -  0.001 s
[2020.04.29-08.13.38:459][313]LogStats:                    SendNewReport -  1.067 s
[2020.04.29-08.13.38:459][313]LogStats:             FDebug::EnsureFailed -  2.026 s
[2020.04.29-08.14.01:968][313]LogSlate: Window 'Submit Files' being destroyed
[2020.04.29-08.14.03:282][313]LogSourceControl: commit successful: [master 1eb9ce8] 1. 构建基本项目模板（VR MAX_QUALITY NO_STARTER_COMPONENT） 2. 创建人物键盘控制蓝图（可在无VR设备情况下控制人物，步骤为设置input输入，修改Pawn的父类为Chracter，添加相关键盘响应蓝图） （WASD移动，QE瞬移，ZC旋转视角） 3. 设置“MotionControllerMap”为默认初始地图
[2020.04.29-08.14.03:439][313]SourceControl: [master 1eb9ce8] 1. 构建基本项目模板（VR MAX_QUALITY NO_STARTER_COMPONENT） 2. 创建人物键盘控制蓝图（可在无VR设备情况下控制人物，步骤为设置input输入，修改Pawn的父类为Chracter，添加相关键盘响应蓝图） （WASD移动，QE瞬移，ZC旋转视角） 3. 设置“MotionControllerMap”为默认初始地图
[2020.04.29-08.14.03:439][313]SourceControl:  7 files changed, 10 insertions(+)
[2020.04.29-08.14.03:439][313]SourceControl:  create mode 100644 Project/Content/VirtualRealityBP/Maps/HMDLocomotionMap.umap
[2020.04.29-08.14.03:439][313]SourceControl:  create mode 100644 Project/Content/VirtualRealityBP/Maps/HMDLocomotionMap_BuiltData.uasset
[2020.04.29-08.14.03:439][313]SourceControl:  create mode 100644 Project/Content/VirtualRealityBP/Maps/MotionControllerMap.umap
[2020.04.29-08.14.03:439][313]SourceControl:  create mode 100644 Project/Content/VirtualRealityBP/Maps/MotionControllerMap_BuiltData.uasset
[2020.04.29-08.14.03:439][313]SourceControl:  create mode 100644 Project/Content/VirtualRealityBP/Maps/StartupMap.umap
[2020.04.29-08.14.03:439][313]SourceControl:  create mode 100644 Project/Content/VirtualRealityBP/Maps/StartupMap_BuiltData.uasset
[2020.04.29-08.14.03:439][313]SourceControl:  create mode 100644 Project/Project.uproject
[2020.04.29-08.14.03:445][313]SourceControl: Commited [master 1eb9ce8] 1. 构建基本项目模板（VR MAX_QUALITY NO_STARTER_COMPONENT） 2. 创建人物键盘控制蓝图（可在无VR设备情况下控制人物，步骤为设置input输入，修改Pawn的父类为Chracter，添加相关键盘响应蓝图） （WASD移动，QE瞬移，ZC旋转视角） 3. 设置“MotionControllerMap”为默认初始地图.
[2020.04.29-09.34.09:252][509]LogSlate: Window 'Project - Unreal Editor' being destroyed
[2020.04.29-09.34.09:522][510]Cmd: QUIT_EDITOR
[2020.04.29-09.34.09:552][510]LogWindowsTextInputMethodSystem: Display: IME system now activated using TSF (微软拼音).
[2020.04.29-09.34.09:567][510]LogExit: Preparing to exit.
[2020.04.29-09.34.09:853][510]LogExit: Editor shut down
[2020.04.29-09.34.09:854][510]LogExit: Transaction tracking system shut down
[2020.04.29-09.34.10:218][510]LogExit: Object subsystem successfully closed.
[2020.04.29-09.34.10:233][510]LogShaderCompilers: Display: Shaders left to compile 0
[2020.04.29-09.34.10:236][510]LogD3D11RHI: Shutdown
[2020.04.29-09.34.10:236][510]LogD3D11RHI: CleanupD3DDevice
[2020.04.29-09.34.10:238][510]LogD3D11RHI: ~FD3D11DynamicRHI
[2020.04.29-09.34.10:250][510]LogModuleManager: Shutting down and abandoning module ExternalImagePicker (616)
[2020.04.29-09.34.10:250][510]LogModuleManager: Shutting down and abandoning module MovieSceneCapture (614)
[2020.04.29-09.34.10:250][510]LogModuleManager: Shutting down and abandoning module Voice (612)
[2020.04.29-09.34.10:250][510]LogModuleManager: Shutting down and abandoning module HierarchicalLODOutliner (610)
[2020.04.29-09.34.10:250][510]LogModuleManager: Shutting down and abandoning module SceneOutliner (608)
[2020.04.29-09.34.10:250][510]LogModuleManager: Shutting down and abandoning module AddContentDialog (606)
[2020.04.29-09.34.10:251][510]LogModuleManager: Shutting down and abandoning module WidgetCarousel (605)
[2020.04.29-09.34.10:251][510]LogModuleManager: Shutting down and abandoning module EditorWidgets (602)
[2020.04.29-09.34.10:251][510]LogModuleManager: Shutting down and abandoning module CollectionManager (600)
[2020.04.29-09.34.10:251][510]LogModuleManager: Shutting down and abandoning module StatsViewer (598)
[2020.04.29-09.34.10:251][510]LogModuleManager: Shutting down and abandoning module FoliageEdit (596)
[2020.04.29-09.34.10:251][510]LogModuleManager: Shutting down and abandoning module LandscapeEditor (594)
[2020.04.29-09.34.10:251][510]LogModuleManager: Shutting down and abandoning module MeshPaintMode (592)
[2020.04.29-09.34.10:251][510]LogModuleManager: Shutting down and abandoning module SceneDepthPickerMode (590)
[2020.04.29-09.34.10:251][510]LogModuleManager: Shutting down and abandoning module ActorPickerMode (588)
[2020.04.29-09.34.10:251][510]LogModuleManager: Shutting down and abandoning module GeometryMode (586)
[2020.04.29-09.34.10:251][510]LogModuleManager: Shutting down and abandoning module TextureAlignMode (584)
[2020.04.29-09.34.10:251][510]LogModuleManager: Shutting down and abandoning module BspMode (582)
[2020.04.29-09.34.10:251][510]LogModuleManager: Shutting down and abandoning module PIEPreviewDeviceProfileSelector (580)
[2020.04.29-09.34.10:251][510]LogModuleManager: Shutting down and abandoning module SequenceRecorderSections (578)
[2020.04.29-09.34.10:251][510]LogModuleManager: Shutting down and abandoning module AutomationWorker (576)
[2020.04.29-09.34.10:251][510]LogModuleManager: Shutting down and abandoning module AudioCaptureEditor (574)
[2020.04.29-09.34.10:251][510]LogModuleManager: Shutting down and abandoning module SequenceRecorder (573)
[2020.04.29-09.34.10:251][510]LogModuleManager: Shutting down and abandoning module MatineeToLevelSequence (570)
[2020.04.29-09.34.10:251][510]LogModuleManager: Shutting down and abandoning module LevelSequenceEditor (568)
[2020.04.29-09.34.10:251][510]LogModuleManager: Shutting down and abandoning module PlacementMode (567)
[2020.04.29-09.34.10:251][510]LogModuleManager: Shutting down and abandoning module MaterialEditor (566)
[2020.04.29-09.34.10:251][510]LogModuleManager: Shutting down and abandoning module WmfMediaFactory (562)
[2020.04.29-09.34.10:252][510]LogModuleManager: Shutting down and abandoning module WmfMediaEditor (560)
[2020.04.29-09.34.10:252][510]LogModuleManager: Shutting down and abandoning module MediaPlayerEditor (558)
[2020.04.29-09.34.10:252][510]LogModuleManager: Shutting down and abandoning module OpenExrWrapper (556)
[2020.04.29-09.34.10:252][510]LogModuleManager: Shutting down and abandoning module ImgMediaFactory (554)
[2020.04.29-09.34.10:252][510]LogModuleManager: Shutting down and abandoning module ImgMediaEditor (552)
[2020.04.29-09.34.10:252][510]LogModuleManager: Shutting down and abandoning module AvfMediaFactory (550)
[2020.04.29-09.34.10:252][510]LogModuleManager: Shutting down and abandoning module AvfMediaEditor (548)
[2020.04.29-09.34.10:252][510]LogModuleManager: Shutting down and abandoning module AndroidMediaFactory (546)
[2020.04.29-09.34.10:252][510]LogModuleManager: Shutting down and abandoning module AndroidMediaEditor (544)
[2020.04.29-09.34.10:252][510]LogModuleManager: Shutting down and abandoning module MagicLeapCameraPreviewFactory (542)
[2020.04.29-09.34.10:252][510]LogModuleManager: Shutting down and abandoning module MagicLeapMediaFactory (540)
[2020.04.29-09.34.10:252][510]LogModuleManager: Shutting down and abandoning module MagicLeapMediaEditor (538)
[2020.04.29-09.34.10:252][510]LogModuleManager: Shutting down and abandoning module CharacterAI (536)
[2020.04.29-09.34.10:252][510]LogModuleManager: Shutting down and abandoning module SmartSnapping (534)
[2020.04.29-09.34.10:252][510]LogModuleManager: Shutting down and abandoning module SessionServices (532)
[2020.04.29-09.34.10:252][510]LogModuleManager: Shutting down and abandoning module ViewportSnapping (530)
[2020.04.29-09.34.10:252][510]LogModuleManager: Shutting down and abandoning module ViewportInteraction (528)
[2020.04.29-09.34.10:252][510]LogModuleManager: Shutting down and abandoning module ClothPainter (526)
[2020.04.29-09.34.10:252][510]LogModuleManager: Shutting down and abandoning module SkeletalMeshEditor (525)
[2020.04.29-09.34.10:252][510]LogModuleManager: Shutting down and abandoning module LogVisualizer (522)
[2020.04.29-09.34.10:252][510]LogModuleManager: Shutting down and abandoning module IntroTutorials (520)
[2020.04.29-09.34.10:252][510]LogModuleManager: Shutting down and abandoning module GameProjectGeneration (519)
[2020.04.29-09.34.10:252][510]LogModuleManager: Shutting down and abandoning module LuminPlatformEditor (516)
[2020.04.29-09.34.10:252][510]LogModuleManager: Shutting down and abandoning module IOSPlatformEditor (514)
[2020.04.29-09.34.10:252][510]LogModuleManager: Shutting down and abandoning module HTML5PlatformEditor (512)
[2020.04.29-09.34.10:252][510]LogModuleManager: Shutting down and abandoning module AndroidPlatformEditor (510)
[2020.04.29-09.34.10:252][510]LogModuleManager: Shutting down and abandoning module AndroidDeviceDetection (509)
[2020.04.29-09.34.11:029][510]LogModuleManager: Shutting down and abandoning module WindowsPlatformEditor (506)
[2020.04.29-09.34.11:029][510]LogModuleManager: Shutting down and abandoning module LuminRuntimeSettings (504)
[2020.04.29-09.34.11:029][510]LogModuleManager: Shutting down and abandoning module IOSRuntimeSettings (502)
[2020.04.29-09.34.11:029][510]LogModuleManager: Shutting down and abandoning module AndroidRuntimeSettings (500)
[2020.04.29-09.34.11:029][510]LogModuleManager: Shutting down and abandoning module InputBindingEditor (498)
[2020.04.29-09.34.11:029][510]LogModuleManager: Shutting down and abandoning module MergeActors (496)
[2020.04.29-09.34.11:029][510]LogModuleManager: Shutting down and abandoning module LocalizationDashboard (494)
[2020.04.29-09.34.11:029][510]LogModuleManager: Shutting down and abandoning module LocalizationService (493)
[2020.04.29-09.34.11:029][510]LogModuleManager: Shutting down and abandoning module HardwareTargeting (490)
[2020.04.29-09.34.11:030][510]LogModuleManager: Shutting down and abandoning module DeviceProfileEditor (488)
[2020.04.29-09.34.11:030][510]LogModuleManager: Shutting down and abandoning module UndoHistory (486)
[2020.04.29-09.34.11:030][510]LogModuleManager: Shutting down and abandoning module XmlParser (484)
[2020.04.29-09.34.11:030][510]LogModuleManager: Shutting down and abandoning module Blutility (482)
[2020.04.29-09.34.11:030][510]LogModuleManager: Shutting down and abandoning module ProjectSettingsViewer (480)
[2020.04.29-09.34.11:030][510]LogModuleManager: Shutting down and abandoning module ProjectTargetPlatformEditor (479)
[2020.04.29-09.34.11:030][510]LogModuleManager: Shutting down and abandoning module EditorSettingsViewer (476)
[2020.04.29-09.34.11:030][510]LogModuleManager: Shutting down and abandoning module SettingsEditor (474)
[2020.04.29-09.34.11:030][510]LogModuleManager: Shutting down and abandoning module ProjectLauncher (472)
[2020.04.29-09.34.11:030][510]LogModuleManager: Shutting down and abandoning module SessionFrontend (470)
[2020.04.29-09.34.11:030][510]LogModuleManager: Shutting down and abandoning module ProfilerClient (468)
[2020.04.29-09.34.11:030][510]LogModuleManager: Shutting down and abandoning module DeviceManager (466)
[2020.04.29-09.34.11:030][510]LogModuleManager: Shutting down and abandoning module TargetDeviceServices (465)
[2020.04.29-09.34.11:082][510]LogModuleManager: Shutting down and abandoning module AutomationController (462)
[2020.04.29-09.34.11:082][510]LogModuleManager: Shutting down and abandoning module AutomationWindow (460)
[2020.04.29-09.34.11:082][510]LogModuleManager: Shutting down and abandoning module Layers (458)
[2020.04.29-09.34.11:082][510]LogModuleManager: Shutting down and abandoning module ComponentVisualizers (456)
[2020.04.29-09.34.11:082][510]LogModuleManager: Shutting down and abandoning module DetailCustomizations (454)
[2020.04.29-09.34.11:082][510]LogModuleManager: Shutting down and abandoning module PackagesDialog (452)
[2020.04.29-09.34.11:082][510]LogModuleManager: Shutting down and abandoning module Persona (450)
[2020.04.29-09.34.11:082][510]LogModuleManager: Shutting down and abandoning module AdvancedPreviewScene (449)
[2020.04.29-09.34.11:082][510]LogModuleManager: Shutting down and abandoning module AnimGraph (447)
[2020.04.29-09.34.11:082][510]LogModuleManager: Shutting down and abandoning module Kismet (444)
[2020.04.29-09.34.11:083][510]LogModuleManager: Shutting down and abandoning module GraphEditor (442)
[2020.04.29-09.34.11:083][510]LogModuleManager: Shutting down and abandoning module ClassViewer (440)
[2020.04.29-09.34.11:083][510]LogModuleManager: Shutting down and abandoning module Toolbox (438)
[2020.04.29-09.34.11:083][510]LogModuleManager: Shutting down and abandoning module ModuleUI (436)
[2020.04.29-09.34.11:083][510]LogModuleManager: Shutting down and abandoning module MovieSceneTools (434)
[2020.04.29-09.34.11:083][510]LogModuleManager: Shutting down and abandoning module OutputLog (432)
[2020.04.29-09.34.11:083][510]LogModuleManager: Shutting down and abandoning module GammaUI (430)
[2020.04.29-09.34.11:083][510]LogModuleManager: Shutting down and abandoning module Documentation (428)
[2020.04.29-09.34.11:083][510]LogModuleManager: Shutting down and abandoning module MovieSceneTracks (426)
[2020.04.29-09.34.11:083][510]LogModuleManager: Shutting down and abandoning module MovieScene (424)
[2020.04.29-09.34.11:083][510]LogModuleManager: Shutting down and abandoning module StreamingPauseRendering (422)
[2020.04.29-09.34.11:083][510]LogModuleManager: Shutting down and abandoning module LauncherPlatform (420)
[2020.04.29-09.34.11:083][510]LogModuleManager: Shutting down and abandoning module AnalyticsET (418)
[2020.04.29-09.34.11:083][510]LogModuleManager: Shutting down and abandoning module PortalServices (416)
[2020.04.29-09.34.11:083][510]LogModuleManager: Shutting down and abandoning module PortalRpc (414)
[2020.04.29-09.34.11:083][510]LogModuleManager: Shutting down and abandoning module MessagingRpc (412)
[2020.04.29-09.34.11:083][510]LogModuleManager: Shutting down and abandoning module AIModule (410)
[2020.04.29-09.34.11:083][510]LogModuleManager: Shutting down and abandoning module GameplayDebugger (409)
[2020.04.29-09.34.11:083][510]LogModuleManager: Shutting down and abandoning module AITestSuite (407)
[2020.04.29-09.34.11:083][510]LogModuleManager: Shutting down and abandoning module NavigationSystem (405)
[2020.04.29-09.34.11:083][510]LogModuleManager: Shutting down and abandoning module DesktopPlatform (402)
[2020.04.29-09.34.11:083][510]LogModuleManager: Shutting down and abandoning module ProfilerService (400)
[2020.04.29-09.34.11:137][510]LogModuleManager: Shutting down and abandoning module TaskGraph (398)
[2020.04.29-09.34.11:137][510]LogModuleManager: Shutting down and abandoning module SteamVRController (396)
[2020.04.29-09.34.11:137][510]LogModuleManager: Shutting down and abandoning module ProceduralMeshComponentEditor (394)
[2020.04.29-09.34.11:137][510]LogModuleManager: Shutting down and abandoning module ProceduralMeshComponent (392)
[2020.04.29-09.34.11:137][510]LogModuleManager: Shutting down and abandoning module OculusInput (390)
[2020.04.29-09.34.11:137][510]LogModuleManager: Shutting down and abandoning module MobilePatchingUtils (388)
[2020.04.29-09.34.11:137][510]LogModuleManager: Shutting down and abandoning module EditableMesh (386)
[2020.04.29-09.34.11:137][510]LogModuleManager: Shutting down and abandoning module CustomMeshComponent (384)
[2020.04.29-09.34.11:137][510]LogModuleManager: Shutting down and abandoning module CableComponent (382)
[2020.04.29-09.34.11:137][510]LogModuleManager: Shutting down and abandoning module AudioCapture (380)
[2020.04.29-09.34.11:137][510]LogModuleManager: Shutting down and abandoning module ArchVisCharacter (378)
[2020.04.29-09.34.11:137][510]LogModuleManager: Shutting down and abandoning module AndroidPermission (376)
[2020.04.29-09.34.11:137][510]LogModuleManager: Shutting down and abandoning module NUTUnrealEngine4 (374)
[2020.04.29-09.34.11:137][510]LogModuleManager: Shutting down and abandoning module NetcodeUnitTest (372)
[2020.04.29-09.34.11:137][510]LogModuleManager: Shutting down and abandoning module MediaCompositingEditor (370)
[2020.04.29-09.34.11:137][510]LogModuleManager: Shutting down and abandoning module MediaCompositing (368)
[2020.04.29-09.34.11:137][510]LogModuleManager: Shutting down and abandoning module LinearTimecode (366)
[2020.04.29-09.34.11:137][510]LogModuleManager: Shutting down and abandoning module ImgMedia (364)
[2020.04.29-09.34.11:142][510]LogModuleManager: Shutting down and abandoning module HTML5Networking (362)
[2020.04.29-09.34.11:142][510]LogModuleManager: Shutting down and abandoning module GeometryCacheTracks (360)
[2020.04.29-09.34.11:142][510]LogModuleManager: Shutting down and abandoning module GeometryCacheSequencer (358)
[2020.04.29-09.34.11:142][510]LogModuleManager: Shutting down and abandoning module BackChannel (356)
[2020.04.29-09.34.11:142][510]LogModuleManager: Shutting down and abandoning module AppleVision (354)
[2020.04.29-09.34.11:142][510]LogModuleManager: Shutting down and abandoning module AppleImageUtils (352)
[2020.04.29-09.34.11:142][510]LogModuleManager: Shutting down and abandoning module AlembicImporter (350)
[2020.04.29-09.34.11:142][510]LogModuleManager: Shutting down and abandoning module AlembicLibrary (349)
[2020.04.29-09.34.11:142][510]LogModuleManager: Shutting down and abandoning module GeometryCache (348)
[2020.04.29-09.34.11:142][510]LogModuleManager: Shutting down and abandoning module GeometryCacheEd (347)
[2020.04.29-09.34.11:142][510]LogModuleManager: Shutting down and abandoning module DatasmithContentEditor (342)
[2020.04.29-09.34.11:143][510]LogModuleManager: Shutting down and abandoning module DatasmithContent (340)
[2020.04.29-09.34.11:143][510]LogModuleManager: Shutting down and abandoning module SpeedTreeImporter (338)
[2020.04.29-09.34.11:143][510]LogModuleManager: Shutting down and abandoning module PluginBrowser (336)
[2020.04.29-09.34.11:143][510]LogModuleManager: Shutting down and abandoning module MobileLauncherProfileWizard (334)
[2020.04.29-09.34.11:143][510]LogModuleManager: Shutting down and abandoning module PolygonModeling (332)
[2020.04.29-09.34.11:143][510]LogModuleManager: Shutting down and abandoning module MeshEditor (330)
[2020.04.29-09.34.11:143][510]LogModuleManager: Shutting down and abandoning module CryptoKeysOpenSSL (328)
[2020.04.29-09.34.11:143][510]LogModuleManager: Shutting down and abandoning module CryptoKeys (326)
[2020.04.29-09.34.11:143][510]LogModuleManager: Shutting down and abandoning module VisualStudioSourceCodeAccess (324)
[2020.04.29-09.34.11:143][510]LogModuleManager: Shutting down and abandoning module VisualStudioCodeSourceCodeAccess (322)
[2020.04.29-09.34.11:143][510]LogModuleManager: Shutting down and abandoning module UObjectPlugin (320)
[2020.04.29-09.34.11:143][510]LogModuleManager: Shutting down and abandoning module SubversionSourceControl (318)
[2020.04.29-09.34.11:143][510]LogModuleManager: Shutting down and abandoning module PerforceSourceControl (316)
[2020.04.29-09.34.11:143][510]LogModuleManager: Shutting down and abandoning module GitSourceControl (314)
[2020.04.29-09.34.11:144][510]LogModuleManager: Shutting down and abandoning module SourceControl (313)
[2020.04.29-09.34.11:144][510]LogModuleManager: Shutting down and abandoning module CLionSourceCodeAccess (310)
[2020.04.29-09.34.11:144][510]LogModuleManager: Shutting down and abandoning module LightPropagationVolumeEditor (308)
[2020.04.29-09.34.11:144][510]LogModuleManager: Shutting down and abandoning module PaperTiledImporter (306)
[2020.04.29-09.34.11:144][510]LogModuleManager: Shutting down and abandoning module PaperSpriteSheetImporter (304)
[2020.04.29-09.34.11:144][510]LogModuleManager: Shutting down and abandoning module Paper2DEditor (302)
[2020.04.29-09.34.11:144][510]LogModuleManager: Shutting down and abandoning module MeshPaint (301)
[2020.04.29-09.34.11:144][510]LogModuleManager: Shutting down and abandoning module RuntimePhysXCooking (298)
[2020.04.29-09.34.11:144][510]LogModuleManager: Shutting down and abandoning module PhysXVehiclesEditor (296)
[2020.04.29-09.34.11:144][510]LogModuleManager: Shutting down and abandoning module PhysXVehicles (294)
[2020.04.29-09.34.11:144][510]LogModuleManager: Shutting down and abandoning module OculusEditor (292)
[2020.04.29-09.34.11:144][510]LogModuleManager: Shutting down and abandoning module LocationServicesBPLibrary (290)
[2020.04.29-09.34.11:144][510]LogModuleManager: Shutting down and abandoning module ImmediatePhysicsEditor (288)
[2020.04.29-09.34.11:144][510]LogModuleManager: Shutting down and abandoning module ImmediatePhysics (286)
[2020.04.29-09.34.11:144][510]LogModuleManager: Shutting down and abandoning module ActorSequence (284)
[2020.04.29-09.34.11:144][510]LogModuleManager: Shutting down and abandoning module UdpMessaging (282)
[2020.04.29-09.34.11:245][510]LogModuleManager: Shutting down and abandoning module TcpMessaging (280)
[2020.04.29-09.34.11:346][510]LogModuleManager: Shutting down and abandoning module MagicLeapAudio (278)
[2020.04.29-09.34.11:346][510]LogModuleManager: Shutting down and abandoning module GameplayTagsEditor (276)
[2020.04.29-09.34.11:346][510]LogModuleManager: Shutting down and abandoning module FacialAnimationEditor (274)
[2020.04.29-09.34.11:346][510]LogModuleManager: Shutting down and abandoning module FacialAnimation (272)
[2020.04.29-09.34.11:346][510]LogModuleManager: Shutting down and abandoning module DataValidation (270)
[2020.04.29-09.34.11:346][510]LogModuleManager: Shutting down and abandoning module AssetManagerEditor (268)
[2020.04.29-09.34.11:346][510]LogModuleManager: Shutting down and abandoning module LevelEditor (267)
[2020.04.29-09.34.11:346][510]LogModuleManager: Shutting down and abandoning module PixelInspectorModule (266)
[2020.04.29-09.34.11:346][510]LogModuleManager: Shutting down and abandoning module CommonMenuExtensions (264)
[2020.04.29-09.34.11:347][510]LogModuleManager: Shutting down and abandoning module MainFrame (262)
[2020.04.29-09.34.11:347][510]LogModuleManager: Shutting down and abandoning module HotReload (261)
[2020.04.29-09.34.11:347][510]LogModuleManager: Shutting down and abandoning module ContentBrowser (257)
[2020.04.29-09.34.11:348][510]LogModuleManager: Shutting down and abandoning module TreeMap (255)
[2020.04.29-09.34.11:348][510]LogModuleManager: Shutting down and abandoning module LightPropagationVolumeRuntime (252)
[2020.04.29-09.34.11:348][510]LogModuleManager: Shutting down and abandoning module AISupportModule (250)
[2020.04.29-09.34.11:348][510]LogModuleManager: Shutting down and abandoning module Paper2D (248)
[2020.04.29-09.34.11:348][510]LogModuleManager: Shutting down and abandoning module WindowsMoviePlayer (246)
[2020.04.29-09.34.11:348][510]LogModuleManager: Shutting down and abandoning module WmfMedia (244)
[2020.04.29-09.34.11:350][510]LogModuleManager: Shutting down and abandoning module Media (243)
[2020.04.29-09.34.11:357][510]LogModuleManager: Shutting down and abandoning module PacketHandler (240)
[2020.04.29-09.34.11:357][510]LogModuleManager: Shutting down and abandoning module ClothingSystemEditor (238)
[2020.04.29-09.34.11:357][510]LogModuleManager: Shutting down and abandoning module ClothingSystemRuntime (236)
[2020.04.29-09.34.11:357][510]LogModuleManager: Shutting down and abandoning module MediaAssets (234)
[2020.04.29-09.34.11:357][510]LogModuleManager: Shutting down and abandoning module Overlay (232)
[2020.04.29-09.34.11:357][510]LogModuleManager: Shutting down and abandoning module OverlayEditor (231)
[2020.04.29-09.34.11:357][510]LogModuleManager: Shutting down and abandoning module VREditor (228)
[2020.04.29-09.34.11:357][510]LogModuleManager: Shutting down and abandoning module StringTableEditor (226)
[2020.04.29-09.34.11:357][510]LogModuleManager: Shutting down and abandoning module GameplayTasksEditor (224)
[2020.04.29-09.34.11:357][510]LogModuleManager: Shutting down and abandoning module BehaviorTreeEditor (222)
[2020.04.29-09.34.11:357][510]LogModuleManager: Shutting down and abandoning module FunctionalTesting (220)
[2020.04.29-09.34.11:357][510]LogModuleManager: Shutting down and abandoning module CollisionAnalyzer (218)
[2020.04.29-09.34.11:357][510]LogModuleManager: Shutting down and abandoning module WorkspaceMenuStructure (217)
[2020.04.29-09.34.11:357][510]LogModuleManager: Shutting down and abandoning module UMG (214)
[2020.04.29-09.34.11:357][510]LogModuleManager: Shutting down and abandoning module UMGEditor (213)
[2020.04.29-09.34.11:357][510]LogModuleManager: Shutting down and abandoning module Sequencer (212)
[2020.04.29-09.34.11:357][510]LogModuleManager: Shutting down and abandoning module MessageLog (209)
[2020.04.29-09.34.11:357][510]LogModuleManager: Shutting down and abandoning module SlateReflector (204)
[2020.04.29-09.34.11:357][510]LogModuleManager: Shutting down and abandoning module Slate (202)
[2020.04.29-09.34.11:357][510]LogModuleManager: Shutting down and abandoning module EditorStyle (200)
[2020.04.29-09.34.11:358][510]LogModuleManager: Shutting down and abandoning module MRMesh (198)
[2020.04.29-09.34.11:358][510]LogModuleManager: Shutting down and abandoning module SourceCodeAccess (196)
[2020.04.29-09.34.11:358][510]LogModuleManager: Shutting down and abandoning module HeadMountedDisplay (194)
[2020.04.29-09.34.11:358][510]LogModuleManager: Shutting down and abandoning module XAudio2 (192)
[2020.04.29-09.34.11:358][510]LogModuleManager: Shutting down and abandoning module Networking (190)
[2020.04.29-09.34.11:358][510]LogModuleManager: Shutting down and abandoning module Core (188)
[2020.04.29-09.34.11:358][510]LogModuleManager: Shutting down and abandoning module LevelSequence (186)
[2020.04.29-09.34.11:358][510]LogModuleManager: Shutting down and abandoning module KismetCompiler (184)
[2020.04.29-09.34.11:358][510]LogModuleManager: Shutting down and abandoning module MeshUtilities (182)
[2020.04.29-09.34.11:358][510]LogModuleManager: Shutting down and abandoning module MeshMergeUtilities (181)
[2020.04.29-09.34.11:358][510]LogModuleManager: Shutting down and abandoning module MeshReductionInterface (180)
[2020.04.29-09.34.11:358][510]LogModuleManager: Shutting down and abandoning module SimplygonSwarm (179)
[2020.04.29-09.34.11:358][510]LogModuleManager: Shutting down and abandoning module ProxyLODMeshReduction (177)
[2020.04.29-09.34.11:358][510]LogModuleManager: Shutting down and abandoning module SimplygonMeshReduction (175)
[2020.04.29-09.34.11:358][510]LogModuleManager: Shutting down and abandoning module QuadricMeshReduction (173)
[2020.04.29-09.34.11:358][510]LogModuleManager: Shutting down and abandoning module MaterialBaking (169)
[2020.04.29-09.34.11:358][510]LogModuleManager: Shutting down and abandoning module DirectoryWatcher (165)
[2020.04.29-09.34.11:358][510]LogModuleManager: Shutting down and abandoning module DerivedDataCache (162)
[2020.04.29-09.34.11:442][510]LogDerivedDataCache: Shutdown
[2020.04.29-09.34.11:442][510]LogModuleManager: Shutting down and abandoning module XGEController (160)
[2020.04.29-09.34.11:442][510]LogModuleManager: Shutting down and abandoning module TargetPlatform (158)
[2020.04.29-09.34.11:442][510]LogModuleManager: Shutting down and abandoning module VulkanShaderFormat (157)
[2020.04.29-09.34.11:442][510]LogModuleManager: Shutting down and abandoning module ShaderFormatVectorVM (155)
[2020.04.29-09.34.11:442][510]LogModuleManager: Shutting down and abandoning module ShaderFormatOpenGL (153)
[2020.04.29-09.34.11:442][510]LogModuleManager: Shutting down and abandoning module ShaderFormatD3D (151)
[2020.04.29-09.34.11:442][510]LogModuleManager: Shutting down and abandoning module MetalShaderFormat (149)
[2020.04.29-09.34.11:442][510]LogModuleManager: Shutting down and abandoning module TextureFormatUncompressed (147)
[2020.04.29-09.34.11:443][510]LogModuleManager: Shutting down and abandoning module TextureFormatPVR (145)
[2020.04.29-09.34.11:443][510]LogModuleManager: Shutting down and abandoning module TextureFormatDXT (143)
[2020.04.29-09.34.11:443][510]LogModuleManager: Shutting down and abandoning module TextureFormatIntelISPCTexComp (141)
[2020.04.29-09.34.11:443][510]LogModuleManager: Shutting down and abandoning module TextureFormatASTC (139)
[2020.04.29-09.34.11:443][510]LogModuleManager: Shutting down and abandoning module ImageWrapper (138)
[2020.04.29-09.34.11:443][510]LogModuleManager: Shutting down and abandoning module TextureFormatAndroid (135)
[2020.04.29-09.34.11:443][510]LogModuleManager: Shutting down and abandoning module AudioFormatOpus (133)
[2020.04.29-09.34.11:443][510]LogModuleManager: Shutting down and abandoning module AudioFormatOgg (131)
[2020.04.29-09.34.11:443][510]LogModuleManager: Shutting down and abandoning module AudioFormatADPCM (129)
[2020.04.29-09.34.11:443][510]LogModuleManager: Shutting down and abandoning module LuminTargetPlatform (127)
[2020.04.29-09.34.11:443][510]LogModuleManager: Shutting down and abandoning module LinuxTargetPlatform (125)
[2020.04.29-09.34.11:443][510]LogModuleManager: Shutting down and abandoning module LinuxServerTargetPlatform (123)
[2020.04.29-09.34.11:443][510]LogModuleManager: Shutting down and abandoning module LinuxNoEditorTargetPlatform (121)
[2020.04.29-09.34.11:443][510]LogModuleManager: Shutting down and abandoning module LinuxClientTargetPlatform (119)
[2020.04.29-09.34.11:443][510]LogModuleManager: Shutting down and abandoning module TVOSTargetPlatform (117)
[2020.04.29-09.34.11:444][510]LogModuleManager: Shutting down and abandoning module Messaging (115)
[2020.04.29-09.34.11:444][510]LogModuleManager: Shutting down and abandoning module IOSTargetPlatform (113)
[2020.04.29-09.34.11:444][510]LogModuleManager: Shutting down and abandoning module HTML5TargetPlatform (111)
[2020.04.29-09.34.11:444][510]LogModuleManager: Shutting down and abandoning module AndroidTargetPlatform (109)
[2020.04.29-09.34.11:456][510]LogModuleManager: Shutting down and abandoning module WindowsTargetPlatform (107)
[2020.04.29-09.34.11:457][510]LogModuleManager: Shutting down and abandoning module WindowsServerTargetPlatform (105)
[2020.04.29-09.34.11:457][510]LogModuleManager: Shutting down and abandoning module WindowsNoEditorTargetPlatform (103)
[2020.04.29-09.34.11:457][510]LogModuleManager: Shutting down and abandoning module WindowsClientTargetPlatform (101)
[2020.04.29-09.34.11:457][510]LogModuleManager: Shutting down and abandoning module MacTargetPlatform (99)
[2020.04.29-09.34.11:457][510]LogModuleManager: Shutting down and abandoning module MacServerTargetPlatform (97)
[2020.04.29-09.34.11:457][510]LogModuleManager: Shutting down and abandoning module MacNoEditorTargetPlatform (95)
[2020.04.29-09.34.11:457][510]LogModuleManager: Shutting down and abandoning module MacClientTargetPlatform (93)
[2020.04.29-09.34.11:457][510]LogModuleManager: Shutting down and abandoning module AllDesktopTargetPlatform (91)
[2020.04.29-09.34.11:457][510]LogModuleManager: Shutting down and abandoning module InputCore (88)
[2020.04.29-09.34.11:457][510]LogModuleManager: Shutting down and abandoning module Settings (86)
[2020.04.29-09.34.11:457][510]LogModuleManager: Shutting down and abandoning module PhysXCooking (84)
[2020.04.29-09.34.11:457][510]LogModuleManager: Shutting down and abandoning module SteamVR (82)
[2020.04.29-09.34.11:457][510]LogModuleManager: Shutting down and abandoning module OculusHMD (80)
[2020.04.29-09.34.11:457][510]LogModuleManager: Shutting down and abandoning module ExampleDeviceProfileSelector (78)
[2020.04.29-09.34.11:457][510]LogModuleManager: Shutting down and abandoning module LauncherChunkInstaller (76)
[2020.04.29-09.34.11:457][510]LogModuleManager: Shutting down and abandoning module OnlineBlueprintSupport (74)
[2020.04.29-09.34.11:457][510]LogModuleManager: Shutting down and abandoning module OnlineSubsystem (70)
[2020.04.29-09.34.11:459][510]LogModuleManager: Shutting down and abandoning module XMPP (65)
[2020.04.29-09.34.11:459][510]LogModuleManager: Shutting down and abandoning module WebSockets (64)
[2020.04.29-09.34.11:471][510]LogModuleManager: Shutting down and abandoning module HTTP (61)
[2020.04.29-09.34.11:472][510]LogHttp: Display: Http module shutting down, but needs to wait on 1 outstanding Http requests:
[2020.04.29-09.34.11:472][510]LogHttp: Display: 	verb=[POST] url=[https://datarouter.ol.epicgames.com/datarouter/api/v1/public/data?SessionID=%7BD3614A29-4065-8D24-F19C-46A4D87E5985%7D&AppID=UEEditor.Rocket.Release&AppVersion=4.20.3-4369336%2B%2B%2BUE4%2BRelease-4.20&UserID=812beea94022d7ef4ac67f97ca300526%7C87ff060a251a4abaad4e1a8eb606c168%7C8bc70129-4482-48be-b00f-9994bcafbc27&AppEnvironment=datacollector-binary&UploadType=eteventstream] status=Processing
[2020.04.29-09.34.11:472][510]LogHttp: Display: Sleeping 0.5s to wait for 1 outstanding Http requests.
[2020.04.29-09.34.11:973][510]LogHttp: Display: Sleeping 0.5s to wait for 1 outstanding Http requests.
[2020.04.29-09.34.12:474][510]LogHttp: Display: Sleeping 0.5s to wait for 1 outstanding Http requests.
[2020.04.29-09.34.12:974][510]LogHttp: Display: Sleeping 0.5s to wait for 1 outstanding Http requests.
[2020.04.29-09.34.13:492][510]LogModuleManager: Shutting down and abandoning module SSL (60)
[2020.04.29-09.34.13:495][510]LogModuleManager: Shutting down and abandoning module MagicLeapEmulator (56)
[2020.04.29-09.34.13:495][510]LogModuleManager: Shutting down and abandoning module MagicLeapPrivileges (54)
[2020.04.29-09.34.13:495][510]LogModuleManager: Shutting down and abandoning module MagicLeapIdentity (52)
[2020.04.29-09.34.13:495][510]LogModuleManager: Shutting down and abandoning module MagicLeapHelperVulkan (50)
[2020.04.29-09.34.13:495][510]LogModuleManager: Shutting down and abandoning module MagicLeapHelperOpenGL (48)
[2020.04.29-09.34.13:495][510]LogModuleManager: Shutting down and abandoning module MagicLeapSecureStorage (46)
[2020.04.29-09.34.13:495][510]LogModuleManager: Shutting down and abandoning module MagicLeapGestures (44)
[2020.04.29-09.34.13:495][510]LogModuleManager: Shutting down and abandoning module MagicLeapEyeTracker (42)
[2020.04.29-09.34.13:495][510]LogModuleManager: Shutting down and abandoning module MagicLeapController (40)
[2020.04.29-09.34.13:496][510]LogSlate: Slate User Destroyed.  User Index 0, Is Virtual User: 0
[2020.04.29-09.34.13:496][510]LogModuleManager: Shutting down and abandoning module MagicLeap (38)
[2020.04.29-09.34.13:496][510]LogModuleManager: Shutting down and abandoning module AnimationModifiers (36)
[2020.04.29-09.34.13:496][510]LogModuleManager: Shutting down and abandoning module PropertyEditor (35)
[2020.04.29-09.34.13:496][510]LogModuleManager: Shutting down and abandoning module AudioEditor (32)
[2020.04.29-09.34.13:496][510]LogModuleManager: Shutting down and abandoning module TextureCompressor (30)
[2020.04.29-09.34.13:496][510]LogModuleManager: Shutting down and abandoning module ShaderCore (28)
[2020.04.29-09.34.13:496][510]LogModuleManager: Shutting down and abandoning module Landscape (26)
[2020.04.29-09.34.13:496][510]LogModuleManager: Shutting down and abandoning module SlateRHIRenderer (24)
[2020.04.29-09.34.13:498][510]LogModuleManager: Shutting down and abandoning module OpenGLDrv (22)
[2020.04.29-09.34.13:498][510]LogModuleManager: Shutting down and abandoning module D3D11RHI (20)
[2020.04.29-09.34.13:498][510]LogModuleManager: Shutting down and abandoning module AnimGraphRuntime (18)
[2020.04.29-09.34.13:498][510]LogModuleManager: Shutting down and abandoning module Renderer (16)
[2020.04.29-09.34.13:498][510]LogModuleManager: Shutting down and abandoning module Engine (14)
[2020.04.29-09.34.13:498][510]LogModuleManager: Shutting down and abandoning module CoreUObject (12)
[2020.04.29-09.34.13:498][510]LogModuleManager: Shutting down and abandoning module NetworkFile (10)
[2020.04.29-09.34.13:498][510]LogModuleManager: Shutting down and abandoning module CookedIterativeFile (8)
[2020.04.29-09.34.13:498][510]LogModuleManager: Shutting down and abandoning module StreamingFile (6)
[2020.04.29-09.34.13:498][510]LogModuleManager: Shutting down and abandoning module SandboxFile (4)
[2020.04.29-09.34.13:498][510]LogModuleManager: Shutting down and abandoning module PakFile (2)
[2020.04.29-09.34.13:504][510]LogExit: Exiting.
[2020.04.29-09.34.13:598][510]Log file closed, 04/29/20 17:34:13
