Log file open, 05/03/20 13:22:33
LogWindows: Failed to load 'aqProf.dll' (GetLastError=126)
LogWindows: File 'aqProf.dll' does not exist
LogWindows: Failed to load 'VSPerf140.dll' (GetLastError=126)
LogWindows: File 'VSPerf140.dll' does not exist
LogWindows: Failed to load 'VtuneApi.dll' (GetLastError=126)
LogWindows: File 'VtuneApi.dll' does not exist
LogWindows: Failed to load 'VtuneApi32e.dll' (GetLastError=126)
LogWindows: File 'VtuneApi32e.dll' does not exist
LogInit: Display: Running engine for game: MyProject
LogPlatformFile: Not using cached read wrapper
LogTaskGraph: Started task graph with 5 named threads and 23 total threads with 3 sets of task threads.
LogStats: Stats thread started at 0.325624
LogD3D11RHI: Loaded GFSDK_Aftermath_Lib.x64.dll
LogICUInternationalization: Display: ICU TimeZone Detection - Raw Offset: +8:00, Platform Override: ''
LogPluginManager: Mounting plugin Paper2D
LogPluginManager: Mounting plugin AISupport
LogPluginManager: Mounting plugin LightPropagationVolume
LogPluginManager: Mounting plugin CLionSourceCodeAccess
LogPluginManager: Mounting plugin CodeLiteSourceCodeAccess
LogPluginManager: Mounting plugin GitSourceControl
LogPluginManager: Mounting plugin KDevelopSourceCodeAccess
LogPluginManager: Mounting plugin NullSourceCodeAccess
LogPluginManager: Mounting plugin PerforceSourceControl
LogPluginManager: Mounting plugin SubversionSourceControl
LogPluginManager: Mounting plugin UObjectPlugin
LogPluginManager: Mounting plugin VisualStudioCodeSourceCodeAccess
LogPluginManager: Mounting plugin VisualStudioSourceCodeAccess
LogPluginManager: Mounting plugin XCodeSourceCodeAccess
LogPluginManager: Mounting plugin AssetManagerEditor
LogPluginManager: Mounting plugin CryptoKeys
LogPluginManager: Mounting plugin DataValidation
LogPluginManager: Mounting plugin FacialAnimation
LogPluginManager: Mounting plugin GameplayTagsEditor
LogPluginManager: Mounting plugin MacGraphicsSwitching
LogPluginManager: Mounting plugin MeshEditor
LogPluginManager: Mounting plugin MobileLauncherProfileWizard
LogPluginManager: Mounting plugin PluginBrowser
LogPluginManager: Mounting plugin SpeedTreeImporter
LogPluginManager: Mounting plugin DatasmithContent
LogPluginManager: Mounting plugin AlembicImporter
LogPluginManager: Mounting plugin AppleImageUtils
LogPluginManager: Mounting plugin AppleVision
LogPluginManager: Mounting plugin BackChannel
LogPluginManager: Mounting plugin CharacterAI
LogPluginManager: Mounting plugin GeometryCache
LogPluginManager: Mounting plugin HTML5Networking
LogPluginManager: Mounting plugin ProxyLODPlugin
LogPluginManager: Mounting plugin MagicLeap
LogPluginManager: Mounting plugin MagicLeapEmulator
LogPluginManager: Mounting plugin MagicLeapMedia
LogPluginManager: Mounting plugin AndroidMedia
LogPluginManager: Mounting plugin AvfMedia
LogPluginManager: Mounting plugin ImgMedia
LogPluginManager: Mounting plugin LinearTimecode
LogPluginManager: Mounting plugin MediaCompositing
LogPluginManager: Mounting plugin MediaPlayerEditor
LogPluginManager: Mounting plugin WmfMedia
LogPluginManager: Mounting plugin TcpMessaging
LogPluginManager: Mounting plugin UdpMessaging
LogPluginManager: Mounting plugin ActorSequence
LogPluginManager: Mounting plugin LevelSequenceEditor
LogPluginManager: Mounting plugin MatineeToLevelSequence
LogPluginManager: Mounting plugin NetcodeUnitTest
LogPluginManager: Mounting plugin NUTUnrealEngine4
LogPluginManager: Mounting plugin OnlineSubsystemGooglePlay
LogPluginManager: Mounting plugin OnlineSubsystemIOS
LogPluginManager: Mounting plugin OnlineSubsystem
LogPluginManager: Mounting plugin OnlineSubsystemNull
LogPluginManager: Mounting plugin OnlineSubsystemUtils
LogPluginManager: Mounting plugin LauncherChunkInstaller
LogPluginManager: Mounting plugin AndroidDeviceProfileSelector
LogPluginManager: Mounting plugin AndroidMoviePlayer
LogPluginManager: Mounting plugin AndroidPermission
LogPluginManager: Mounting plugin AppleMoviePlayer
LogPluginManager: Mounting plugin ArchVisCharacter
LogPluginManager: Mounting plugin AudioCapture
LogPluginManager: Mounting plugin CableComponent
LogPluginManager: Mounting plugin CustomMeshComponent
LogPluginManager: Mounting plugin EditableMesh
LogPluginManager: Mounting plugin ExampleDeviceProfileSelector
LogPluginManager: Mounting plugin GoogleCloudMessaging
LogPluginManager: Mounting plugin ImmediatePhysics
LogPluginManager: Mounting plugin IOSDeviceProfileSelector
LogPluginManager: Mounting plugin LinuxDeviceProfileSelector
LogPluginManager: Mounting plugin LocationServicesBPLibrary
LogPluginManager: Mounting plugin MobilePatchingUtils
LogPluginManager: Mounting plugin OculusVR
LogPluginManager: Plugin shader directory ../../../Engine/Plugins/Runtime/Oculus/OculusVR/Shaders found
LogPluginManager: Mapping shader source directory ../../../Engine/Plugins/Runtime/Oculus/OculusVR/Shaders to virtual directory /Plugin/OculusVR
LogPluginManager: Mounting plugin PhysXVehicles
LogPluginManager: Mounting plugin ProceduralMeshComponent
LogPluginManager: Mounting plugin RuntimePhysXCooking
LogPluginManager: Mounting plugin SteamVR
LogPluginManager: Mounting plugin WindowsMoviePlayer
LogStreaming: Display: Took  0.239s to configure plugins.
LogInit: Using libcurl 7.55.1-DEV
LogInit:  - built for x86_64-pc-win32
LogInit:  - supports SSL with OpenSSL/1.0.2h
LogInit:  - supports HTTP deflate (compression) using libz 1.2.8
LogInit:  - other features:
LogInit:      CURL_VERSION_SSL
LogInit:      CURL_VERSION_LIBZ
LogInit:      CURL_VERSION_IPV6
LogInit:      CURL_VERSION_ASYNCHDNS
LogInit:      CURL_VERSION_LARGEFILE
LogInit:      CURL_VERSION_IDN
LogInit:  CurlRequestOptions (configurable via config and command line):
LogInit:  - bVerifyPeer = false  - Libcurl will NOT verify peer certificate
LogInit:  - bUseHttpProxy = true  - Libcurl will use HTTP proxy
LogInit:  - HttpProxyAddress = '127.0.0.1:4582'
LogInit:  - bDontReuseConnections = false  - Libcurl will reuse connections
LogInit:  - CertBundlePath = nullptr  - Libcurl will use whatever was configured at build time.
LogInit:  - MaxHostConnections = 16  - Libcurl will limit the number of connections to a host
LogInit:  - LocalHostAddr = Default
LogInit:  - BufferSize = 65536
LogInit: WinSock: version 1.1 (2.2), MaxSocks=32767, MaxUdp=65467
LogInit: Build: ++UE4+Release-4.20-CL-4369336
LogInit: Engine Version: 4.20.3-4369336+++UE4+Release-4.20
LogInit: Compatible Engine Version: 4.20.0-4212847+++UE4+Release-4.20
LogInit: Net CL: 4212847
LogInit: OS: Windows 10 (), CPU: Intel(R) Core(TM) i7-6700HQ CPU @ 2.60GHz, GPU: Intel(R) HD Graphics 530
LogInit: Compiled (64-bit): Sep 17 2018 12:26:19
LogInit: Compiled with Visual C++: 19.13.26129.00
LogInit: Build Configuration: Development
LogInit: Branch Name: ++UE4+Release-4.20
LogInit: Command Line: 
LogInit: Base Directory: E:/UE4/4.20.3/UE_4.20/Engine/Binaries/Win64/
LogInit: Installed Engine Build: 1
LogDevObjectVersion: Number of dev versions registered: 20
LogDevObjectVersion:   Dev-Blueprints (B0D832E4-1F89-4F0D-ACCF-7EB736FD4AA2): 10
LogDevObjectVersion:   Dev-Build (E1C64328-A22C-4D53-A36C-8E866417BD8C): 0
LogDevObjectVersion:   Dev-Core (375EC13C-06E4-48FB-B500-84F0262A717E): 2
LogDevObjectVersion:   Dev-Editor (E4B068ED-F494-42E9-A231-DA0B2E46BB41): 24
LogDevObjectVersion:   Dev-Framework (CFFC743F-43B0-4480-9391-14DF171D2073): 34
LogDevObjectVersion:   Dev-Mobile (B02B49B5-BB20-44E9-A304-32B752E40360): 2
LogDevObjectVersion:   Dev-Networking (A4E4105C-59A1-49B5-A7C5-40C4547EDFEE): 0
LogDevObjectVersion:   Dev-Online (39C831C9-5AE6-47DC-9A44-9C173E1C8E7C): 0
LogDevObjectVersion:   Dev-Physics (78F01B33-EBEA-4F98-B9B4-84EACCB95AA2): 0
LogDevObjectVersion:   Dev-Platform (6631380F-2D4D-43E0-8009-CF276956A95A): 0
LogDevObjectVersion:   Dev-Rendering (12F88B9F-8875-4AFC-A67C-D90C383ABD29): 26
LogDevObjectVersion:   Dev-Sequencer (7B5AE74C-D270-4C10-A958-57980B212A5A): 9
LogDevObjectVersion:   Dev-VR (D7296918-1DD6-4BDD-9DE2-64A83CC13884): 2
LogDevObjectVersion:   Dev-LoadTimes (C2A15278-BFE7-4AFE-6C17-90FF531DF755): 1
LogDevObjectVersion:   Private-Geometry (6EACA3D4-40EC-4CC1-B786-8BED09428FC5): 3
LogDevObjectVersion:   Dev-AnimPhys (29E575DD-E0A3-4627-9D10-D276232CDCEA): 17
LogDevObjectVersion:   Dev-ReflectionCapture (6B266CEC-1EC7-4B8F-A30B-E4D90942FC07): 1
LogDevObjectVersion:   Dev-Automation (0DF73D61-A23F-47EA-B727-89E90C41499A): 1
LogDevObjectVersion:   FortniteMain (601D1886-AC64-4F84-AA16-D3DE0DEAC7D6): 12
LogDevObjectVersion:   Dev-Enterprise (9DFFBCD6-494F-0158-E221-12823C92A888): 1
LogStreaming: Display: Took  0.000s to delete old logs.
LogInit: Presizing for max 8388607 objects, including 0 objects not considered by GC, pre-allocating 0 bytes for permanent pool.
LogInit: Object subsystem initialized
[2020.05.03-05.22.34:192][  0]LogInit: Selected Device Profile: [Windows]
[2020.05.03-05.22.34:192][  0]LogInit: Applying CVar settings loaded from the selected device profile: [Windows]
[2020.05.03-05.22.34:211][  0]LogHAL: Display: Platform has ~ 16 GB [17057243136 / 17179869184 / 16], which maps to Larger [LargestMinGB=32, LargerMinGB=12, DefaultMinGB=8, SmallerMinGB=6, SmallestMinGB=0)
[2020.05.03-05.22.34:211][  0]LogInit: Setting Device Profile CVar: [[r.Vulkan.UseRealUBs:1]]
[2020.05.03-05.22.34:211][  0]LogInit: Going up to parent DeviceProfile []
[2020.05.03-05.22.34:212][  0]LogInit: Computer: DESKTOP-BHGM3HS
[2020.05.03-05.22.34:212][  0]LogInit: User: hasee
[2020.05.03-05.22.34:212][  0]LogInit: CPU Page size=4096, Cores=4
[2020.05.03-05.22.34:212][  0]LogInit: High frequency timer resolution =10.000000 MHz
[2020.05.03-05.22.34:213][  0]LogMemory: Memory total: Physical=15.9GB (16GB approx)
[2020.05.03-05.22.34:213][  0]LogMemory: Platform Memory Stats for Windows
[2020.05.03-05.22.34:213][  0]LogMemory: Process Physical Memory: 100.52 MB used, 100.52 MB peak
[2020.05.03-05.22.34:213][  0]LogMemory: Process Virtual Memory: 91.02 MB used, 91.02 MB peak
[2020.05.03-05.22.34:213][  0]LogMemory: Physical Memory: 8630.80 MB used,  7636.25 MB free, 16267.05 MB total
[2020.05.03-05.22.34:213][  0]LogMemory: Virtual Memory: 4629.50 MB used,  7636.25 MB free, 134217728.00 MB total
[2020.05.03-05.22.34:266][  0]LogInit: Overriding language with editor language configuration option (en).
[2020.05.03-05.22.34:266][  0]LogInit: Overriding locale with editor locale configuration option (en).
[2020.05.03-05.22.34:801][  0]LogStreaming: Display: Took  0.535s to InitEngineTextLocalization.
[2020.05.03-05.22.34:801][  0]LogInit: Setting process to per monitor DPI aware
[2020.05.03-05.22.34:951][  0]LogSlate: New Slate User Created.  User Index 0, Is Virtual User: 0
[2020.05.03-05.22.34:951][  0]LogSlate: Slate User Registered.  User Index 0, Is Virtual User: 0
[2020.05.03-05.22.35:469][  0]LogHMD: Failed to initialize OpenVR with code 110
[2020.05.03-05.22.35:469][  0]LogD3D11RHI: D3D11 adapters:
[2020.05.03-05.22.35:565][  0]LogD3D11RHI:    0. 'NVIDIA GeForce GTX 965M' (Feature Level 11_0)
[2020.05.03-05.22.35:565][  0]LogD3D11RHI:       2016/0/8133 MB DedicatedVideo/DedicatedSystem/SharedSystem, Outputs:1, VendorId:0x10de
[2020.05.03-05.22.35:648][  0]LogD3D11RHI:    1. 'Intel(R) HD Graphics 530' (Feature Level 11_0)
[2020.05.03-05.22.35:649][  0]LogD3D11RHI:       128/0/8133 MB DedicatedVideo/DedicatedSystem/SharedSystem, Outputs:0, VendorId:0x8086
[2020.05.03-05.22.35:654][  0]LogD3D11RHI:    2. 'Microsoft Basic Render Driver' (Feature Level 11_0)
[2020.05.03-05.22.35:654][  0]LogD3D11RHI:       0/0/8133 MB DedicatedVideo/DedicatedSystem/SharedSystem, Outputs:0, VendorId:0x1414
[2020.05.03-05.22.35:655][  0]LogD3D11RHI: Chosen D3D11 Adapter: 0
[2020.05.03-05.22.35:726][  0]LogD3D11RHI: Creating new Direct3DDevice
[2020.05.03-05.22.35:726][  0]LogD3D11RHI:     GPU DeviceId: 0x1427 (for the marketing name, search the web for "GPU Device Id")
[2020.05.03-05.22.35:726][  0]LogWindows: EnumDisplayDevices:
[2020.05.03-05.22.35:727][  0]LogWindows:    0. 'Intel(R) HD Graphics 530' (P:1 D:1)
[2020.05.03-05.22.35:729][  0]LogWindows:    1. 'Intel(R) HD Graphics 530' (P:0 D:0)
[2020.05.03-05.22.35:731][  0]LogWindows:    2. 'Intel(R) HD Graphics 530' (P:0 D:0)
[2020.05.03-05.22.35:733][  0]LogWindows:    3. 'NVIDIA GeForce GTX 965M' (P:0 D:0)
[2020.05.03-05.22.35:735][  0]LogWindows:    4. 'NVIDIA GeForce GTX 965M' (P:0 D:0)
[2020.05.03-05.22.35:738][  0]LogWindows:    5. 'NVIDIA GeForce GTX 965M' (P:0 D:0)
[2020.05.03-05.22.35:740][  0]LogWindows:    6. 'NVIDIA GeForce GTX 965M' (P:0 D:0)
[2020.05.03-05.22.35:741][  0]LogWindows: DebugString: PrimaryIsNotTheChoosenAdapter PrimaryIsNotTheChoosenAdapter PrimaryIsNotTheChoosenAdapter FoundDriverCount:4 
[2020.05.03-05.22.35:741][  0]LogD3D11RHI:     Adapter Name: NVIDIA GeForce GTX 965M
[2020.05.03-05.22.35:741][  0]LogD3D11RHI:   Driver Version: 382.05 (internal:22.21.13.8205, unified:382.05)
[2020.05.03-05.22.35:741][  0]LogD3D11RHI:      Driver Date: 5-1-2017
[2020.05.03-05.22.35:741][  0]LogRHI: Texture pool is 1411 MB (70% of 2016 MB)
[2020.05.03-05.22.35:801][  0]LogD3D11RHI: Async texture creation enabled
[2020.05.03-05.22.35:814][  0]LogD3D11RHI: GPU Timing Frequency: 1000.000000 (Debug: 2 1)
[2020.05.03-05.22.35:820][  0]LogShaderCompilers: Guid format shader working directory is -12 characters bigger than the processId version (../../../../../MyProjects/MyProject/Intermediate/Shaders/WorkingDirectory/57080/).
[2020.05.03-05.22.35:820][  0]LogShaderCompilers: Cleaned the shader compiler working directory 'D:/TempFile/UnrealShaderWorkingDir/4E8E81364AEB520DC97D46942ED9E6CA/'.
[2020.05.03-05.22.36:786][  0]LogTemp: Display: Loaded TP AllDesktopTargetPlatform
[2020.05.03-05.22.36:810][  0]LogTemp: Display: Loaded TP MacClientTargetPlatform
[2020.05.03-05.22.36:833][  0]LogTemp: Display: Loaded TP MacNoEditorTargetPlatform
[2020.05.03-05.22.36:855][  0]LogTemp: Display: Loaded TP MacServerTargetPlatform
[2020.05.03-05.22.36:876][  0]LogTemp: Display: Loaded TP MacTargetPlatform
[2020.05.03-05.22.36:898][  0]LogTemp: Display: Loaded TP WindowsClientTargetPlatform
[2020.05.03-05.22.36:917][  0]LogTemp: Display: Loaded TP WindowsNoEditorTargetPlatform
[2020.05.03-05.22.36:940][  0]LogTemp: Display: Loaded TP WindowsServerTargetPlatform
[2020.05.03-05.22.36:950][  0]LogTemp: Display: Loaded TP WindowsTargetPlatform
[2020.05.03-05.22.37:075][  0]LogTemp: Display: Loaded TP AndroidTargetPlatform
[2020.05.03-05.22.37:075][  0]LogTemp: Display: Loaded TP AndroidTargetPlatform
[2020.05.03-05.22.37:075][  0]LogTemp: Display: Loaded TP AndroidTargetPlatform
[2020.05.03-05.22.37:075][  0]LogTemp: Display: Loaded TP AndroidTargetPlatform
[2020.05.03-05.22.37:075][  0]LogTemp: Display: Loaded TP AndroidTargetPlatform
[2020.05.03-05.22.37:075][  0]LogTemp: Display: Loaded TP AndroidTargetPlatform
[2020.05.03-05.22.37:075][  0]LogTemp: Display: Loaded TP AndroidTargetPlatform
[2020.05.03-05.22.37:075][  0]LogTemp: Display: Loaded TP AndroidTargetPlatform
[2020.05.03-05.22.37:075][  0]LogTemp: Display: Loaded TP AndroidTargetPlatform
[2020.05.03-05.22.37:075][  0]LogTemp: Display: Loaded TP AndroidTargetPlatform
[2020.05.03-05.22.37:075][  0]LogTemp: Display: Loaded TP AndroidTargetPlatform
[2020.05.03-05.22.37:075][  0]LogTemp: Display: Loaded TP AndroidTargetPlatform
[2020.05.03-05.22.37:075][  0]LogTemp: Display: Loaded TP AndroidTargetPlatform
[2020.05.03-05.22.37:076][  0]LogTemp: Display: Loaded TP AndroidTargetPlatform
[2020.05.03-05.22.37:076][  0]LogTemp: Display: Loaded TP AndroidTargetPlatform
[2020.05.03-05.22.37:076][  0]LogTemp: Display: Loaded TP AndroidTargetPlatform
[2020.05.03-05.22.37:076][  0]LogTemp: Display: Loaded TP AndroidTargetPlatform
[2020.05.03-05.22.37:076][  0]LogTemp: Display: Loaded TP AndroidTargetPlatform
[2020.05.03-05.22.37:079][  0]LogTemp: Display: Loaded TP HTML5TargetPlatform
[2020.05.03-05.22.37:152][  0]LogTemp: Display: Loaded TP IOSTargetPlatform
[2020.05.03-05.22.37:152][  0]LogTemp: Display: Loaded TP IOSTargetPlatform
[2020.05.03-05.22.37:187][  0]LogTemp: Display: Loaded TP TVOSTargetPlatform
[2020.05.03-05.22.37:187][  0]LogTemp: Display: Loaded TP TVOSTargetPlatform
[2020.05.03-05.22.37:207][  0]LogTemp: Display: Loaded TP LinuxClientTargetPlatform
[2020.05.03-05.22.37:227][  0]LogTemp: Display: Loaded TP LinuxNoEditorTargetPlatform
[2020.05.03-05.22.37:245][  0]LogTemp: Display: Loaded TP LinuxServerTargetPlatform
[2020.05.03-05.22.37:267][  0]LogTemp: Display: Loaded TP LinuxTargetPlatform
[2020.05.03-05.22.37:279][  0]LogTemp: Display: Loaded TP LuminTargetPlatform
[2020.05.03-05.22.37:280][  0]LogTargetPlatformManager: Display: Building Assets For Windows
[2020.05.03-05.22.37:377][  0]LogXGEController: Cannot use XGE Controller as Incredibuild is not installed on this machine.
[2020.05.03-05.22.37:377][  0]LogShaderCompilers: Cannot use XGE Shader Compiler as Incredibuild is not installed on this machine.
[2020.05.03-05.22.37:377][  0]LogShaderCompilers: Display: Using Local Shader Compiler.
[2020.05.03-05.22.38:413][  0]LogDerivedDataCache: Display: Max Cache Size: 512 MB
[2020.05.03-05.22.38:500][  0]LogDerivedDataCache: Loaded boot cache 0.09s 86MB C:/Users/hasee/AppData/Local/UnrealEngine/4.20/DerivedDataCache/Boot.ddc.
[2020.05.03-05.22.38:500][  0]LogDerivedDataCache: Display: Loaded Boot cache: C:/Users/hasee/AppData/Local/UnrealEngine/4.20/DerivedDataCache/Boot.ddc
[2020.05.03-05.22.38:500][  0]LogDerivedDataCache: FDerivedDataBackendGraph:  Pak pak cache file ../../../../../MyProjects/MyProject/DerivedDataCache/DDC.ddp not found, will not use a pak cache.
[2020.05.03-05.22.38:500][  0]LogDerivedDataCache: Unable to find inner node Pak for hierarchical cache Hierarchy.
[2020.05.03-05.22.38:500][  0]LogDerivedDataCache: FDerivedDataBackendGraph:  CompressedPak pak cache file ../../../../../MyProjects/MyProject/DerivedDataCache/Compressed.ddp not found, will not use a pak cache.
[2020.05.03-05.22.38:500][  0]LogDerivedDataCache: Unable to find inner node CompressedPak for hierarchical cache Hierarchy.
[2020.05.03-05.22.38:519][  0]LogDerivedDataCache: Display: Pak cache opened for reading ../../../Engine/DerivedDataCache/Compressed.ddp.
[2020.05.03-05.22.38:533][  0]LogDerivedDataCache: Using Local data cache path C:/Users/hasee/AppData/Local/UnrealEngine/Common/DerivedDataCache: Writable
[2020.05.03-05.22.38:533][  0]LogDerivedDataCache: Shared data cache path not found in *engine.ini, will not use an Shared cache.
[2020.05.03-05.22.38:533][  0]LogDerivedDataCache: Unable to find inner node Shared for hierarchical cache Hierarchy.
[2020.05.03-05.22.38:555][  0]LogMaterial: Verifying Global Shaders for PCD3D_SM5
[2020.05.03-05.22.38:557][  0]LogSlate: Using FreeType 2.6.0
[2020.05.03-05.22.38:558][  0]LogSlate: SlateFontServices - WITH_FREETYPE: 1, WITH_HARFBUZZ: 1
[2020.05.03-05.22.38:666][  0]LogAssetRegistry: FAssetRegistry took 0.0278 seconds to start up
[2020.05.03-05.22.39:093][  0]LogInit: Selected Device Profile: [Windows]
[2020.05.03-05.22.39:319][  0]LogSimplygon: Simplygon DLL not present - disabling.
[2020.05.03-05.22.39:325][  0]LogMeshReduction: Using SimplygonSwarm for distributed automatic mesh merging
[2020.05.03-05.22.39:325][  0]LogMeshReduction: Using ProxyLODMeshReduction for automatic mesh merging
[2020.05.03-05.22.39:325][  0]LogMeshReduction: Using QuadricMeshReduction for automatic static mesh reduction
[2020.05.03-05.22.39:325][  0]LogMeshReduction: No automatic skeletal mesh reduction module available
[2020.05.03-05.22.39:350][  0]LogNetVersion: MyProject 1.0.0, NetCL: 4212847, EngineNetVer: 5, GameNetVer: 0 (Checksum: 1110078900)
[2020.05.03-05.22.39:997][  0]LogPackageLocalizationCache: Processed 11 localized package path(s) for 1 prioritized culture(s) in 0.074670 seconds
[2020.05.03-05.22.40:006][  0]LogUObjectArray: 38425 objects as part of root set at end of initial load.
[2020.05.03-05.22.40:006][  0]LogUObjectAllocator: 6690864 out of 0 bytes used by permanent object pool.
[2020.05.03-05.22.40:006][  0]LogUObjectArray: CloseDisregardForGC: 0/0 objects in disregard for GC pool
[2020.05.03-05.22.41:457][  0]LogTcpMessaging: Initializing TcpMessaging bridge
[2020.05.03-05.22.41:472][  0]LogUdpMessaging: Initializing bridge on interface 0.0.0.0:0 to multicast group 230.0.0.1:6666.
[2020.05.03-05.22.41:671][  0]SourceControl: Source control is disabled
[2020.05.03-05.22.41:672][  0]SourceControl: Source control is disabled
[2020.05.03-05.22.41:674][  0]SourceControl: Source control is disabled
[2020.05.03-05.22.41:675][  0]SourceControl: Source control is disabled
[2020.05.03-05.22.41:907][  0]LogAndroidPermission: UAndroidPermissionCallbackProxy::GetInstance
[2020.05.03-05.22.42:108][  0]LogOcInput: OculusInput pre-init called
[2020.05.03-05.22.42:198][  0]LogEngine: Initializing Engine...
[2020.05.03-05.22.42:199][  0]LogHMD: Failed to initialize OpenVR with code 110
[2020.05.03-05.22.42:202][  0]LogStats: UGameplayTagsManager::ConstructGameplayTagTree: ImportINI prefixes -  0.000 s
[2020.05.03-05.22.42:202][  0]LogStats: UGameplayTagsManager::ConstructGameplayTagTree: Construct from data asset -  0.000 s
[2020.05.03-05.22.42:202][  0]LogStats: UGameplayTagsManager::ConstructGameplayTagTree: ImportINI -  0.000 s
[2020.05.03-05.22.42:202][  0]LogStats: UGameplayTagsManager::ConstructGameplayTagTree: GameplayTagTreeChangedEvent.Broadcast -  0.000 s
[2020.05.03-05.22.42:501][  0]LogInit: Initializing FReadOnlyCVARCache
[2020.05.03-05.22.42:522][  0]LogAIModule: Creating AISystem for world Untitled
[2020.05.03-05.22.42:560][  0]LogInit: XAudio2 using '扬声器 (Realtek High Definition Audio)' : 2 channels at 48 kHz using 32 bits per sample (channel mask 0x3)
[2020.05.03-05.22.42:632][  0]LogInit: FAudioDevice initialized.
[2020.05.03-05.22.42:633][  0]LogNetVersion: Set ProjectVersion to 1.0.0.0. Version Checksum will be recalculated on next use.
[2020.05.03-05.22.42:851][  0]LogDerivedDataCache: Saved boot cache 0.22s 86MB C:/Users/hasee/AppData/Local/UnrealEngine/4.20/DerivedDataCache/Boot.ddc.
[2020.05.03-05.22.42:863][  0]LogInit: Texture streaming: Enabled
[2020.05.03-05.22.42:885][  0]LogEngineSessionManager: EngineSessionManager initialized
[2020.05.03-05.22.42:908][  0]LogInit: Transaction tracking system initialized
[2020.05.03-05.22.42:941][  0]BlueprintLog: New page: Editor Load
[2020.05.03-05.22.43:068][  0]LocalizationService: Localization service is disabled
[2020.05.03-05.22.43:552][  0]LogCook: Display: Max memory allowance for cook 16384mb min free memory 0mb
[2020.05.03-05.22.43:552][  0]LogCook: Display: Mobile HDR setting 1
[2020.05.03-05.22.43:552][  0]LogGameplayTags: Display: UGameplayTagsManager::DoneAddingNativeTags. DelegateIsBound: 0
[2020.05.03-05.22.43:552][  0]LogStats: UGameplayTagsManager::ConstructGameplayTagTree: ImportINI prefixes -  0.000 s
[2020.05.03-05.22.43:552][  0]LogStats: UGameplayTagsManager::ConstructGameplayTagTree: Construct from data asset -  0.000 s
[2020.05.03-05.22.43:552][  0]LogStats: UGameplayTagsManager::ConstructGameplayTagTree: ImportINI -  0.000 s
[2020.05.03-05.22.43:552][  0]LogStats: UGameplayTagsManager::ConstructGameplayTagTree: GameplayTagTreeChangedEvent.Broadcast -  0.000 s
[2020.05.03-05.22.43:735][  0]LogFileCache: Scanning file cache for directory 'E:/UE4/MyProjects/MyProject/Content/' took 0.02s
[2020.05.03-05.22.43:736][  0]SourceControl: Source control is disabled
[2020.05.03-05.22.43:736][  0]Cmd: MAP LOAD FILE="../../../../../MyProjects/MyProject/Content/VirtualRealityBP/Maps/StartupMap.umap" TEMPLATE=0 SHOWPROGRESS=1 FEATURELEVEL=3
[2020.05.03-05.22.43:736][  0]LightingResults: New page: Lighting Build
[2020.05.03-05.22.43:739][  0]MapCheck: New page: Map Check
[2020.05.03-05.22.43:739][  0]LightingResults: New page: Lighting Build
[2020.05.03-05.22.43:899][  0]LogAIModule: Creating AISystem for world StartupMap
[2020.05.03-05.22.43:908][  0]LogEditorServer: Finished looking for orphan Actors (0.000 secs)
[2020.05.03-05.22.43:932][  0]Cmd: MAP CHECKDEP NOCLEARLOG
[2020.05.03-05.22.44:038][  0]MapCheck: Map check complete: 0 Error(s), 0 Warning(s), took 104.981ms to complete.
[2020.05.03-05.22.44:038][  0]LogFileHelpers: Loading map 'StartupMap' took 0.302
[2020.05.03-05.22.44:216][  0]LogSlate: Updating window title bar state: overlay mode, drag disabled, window buttons hidden, title bar hidden
[2020.05.03-05.22.44:231][  0]LogSlate: Updating window title bar state: overlay mode, drag disabled, window buttons hidden, title bar hidden
[2020.05.03-05.22.44:242][  0]LogSlate: Updating window title bar state: overlay mode, drag disabled, window buttons hidden, title bar hidden
[2020.05.03-05.22.44:254][  0]LogSlate: Updating window title bar state: overlay mode, drag disabled, window buttons hidden, title bar hidden
[2020.05.03-05.22.44:262][  0]LogCollectionManager: Loaded 0 collections in 0.001915 seconds
[2020.05.03-05.22.44:310][  0]LogFileCache: Scanning file cache for directory 'E:/UE4/MyProjects/MyProject/Saved/Collections/' took 0.01s
[2020.05.03-05.22.44:310][  0]LogFileCache: Scanning file cache for directory 'E:/UE4/MyProjects/MyProject/Content/Developers/hasee/Collections/' took 0.01s
[2020.05.03-05.22.44:310][  0]LogFileCache: Scanning file cache for directory 'E:/UE4/MyProjects/MyProject/Content/Collections/' took 0.01s
[2020.05.03-05.22.44:310][  0]LogCollectionManager: Rebuilt the GUID cache for 0 collections in 0.000000 seconds
[2020.05.03-05.22.44:330][  0]LogContentBrowser: Native class hierarchy populated in 0.0188 seconds. Added 2572 classes and 603 folders.
[2020.05.03-05.22.44:339][  0]LogContentBrowser: Native class hierarchy updated for 'WidgetCarousel' in 0.0003 seconds. Added 0 classes and 0 folders.
[2020.05.03-05.22.44:434][  0]LogContentBrowser: Native class hierarchy updated for 'AddContentDialog' in 0.0008 seconds. Added 0 classes and 0 folders.
[2020.05.03-05.22.44:442][  0]LogContentBrowser: Native class hierarchy updated for 'SceneOutliner' in 0.0003 seconds. Added 1 classes and 2 folders.
[2020.05.03-05.22.44:480][  0]LogSlate: Took 0.000353 seconds to synchronously load lazily loaded font '../../../Engine/Content/Slate/Fonts/Roboto-Regular.ttf' (155K)
[2020.05.03-05.22.44:483][  0]LogSlate: Took 0.000431 seconds to synchronously load lazily loaded font '../../../Engine/Content/Slate/Fonts/Roboto-Bold.ttf' (160K)
[2020.05.03-05.22.44:493][  0]LogSlate: Took 0.000473 seconds to synchronously load lazily loaded font '../../../Engine/Content/Editor/Slate/Fonts/FontAwesome.ttf' (139K)
[2020.05.03-05.22.44:610][  0]LogRenderer: Reallocating scene render targets to support 928x460 Format 26 NumSamples 1 (Frame:1).
[2020.05.03-05.22.44:957][  0]LogContentBrowser: Native class hierarchy updated for 'HierarchicalLODOutliner' in 0.0004 seconds. Added 0 classes and 0 folders.
[2020.05.03-05.22.44:957][  0]LogLoad: (Engine Initialization) Total time: 13.31 seconds
[2020.05.03-05.22.44:957][  0]LogLoad: (Engine Initialization) Total Blueprint compile time: 0.00 seconds
[2020.05.03-05.22.45:016][  0]LogContentStreaming: Texture pool size now 1000 MB
[2020.05.03-05.22.45:070][  0]LogSlate: Took 0.000619 seconds to synchronously load lazily loaded font '../../../Engine/Content/Slate/Fonts/Roboto-Light.ttf' (167K)
[2020.05.03-05.22.45:286][  3]LogAssetRegistry: Asset discovery search completed in 6.6428 seconds
[2020.05.03-05.22.45:290][  3]LogCollectionManager: Rebuilt the object cache for 0 collections in 0.000000 seconds (found 0 objects)
[2020.05.03-05.22.45:290][  3]LogCollectionManager: Fixed up redirectors for 0 collections in 0.000230 seconds (updated 0 objects)
[2020.05.03-05.22.48:556][138]LogSlate: FSceneViewport::OnFocusLost() reason 0
[2020.05.03-05.23.35:570][ 91]LogTexture: Display: Building textures: HQ_Lightmap0_11 (AutoDXT, 1024X1024)
[2020.05.03-05.23.35:570][ 91]LogTexture: Display: Building textures: HQ_Lightmap0_12 (AutoDXT, 1024X1024)
[2020.05.03-05.23.35:570][ 91]LogTexture: Display: Building textures: HQ_Lightmap0_10 (AutoDXT, 1024X1024)
[2020.05.03-05.23.35:570][ 91]LogTexture: Display: Building textures: HQ_Lightmap0_13 (AutoDXT, 1024X1024)
[2020.05.03-05.23.35:570][ 91]LogTexture: Display: Building textures: HQ_Lightmap0_1 (AutoDXT, 1024X1024)
[2020.05.03-05.23.35:570][ 91]LogTexture: Display: Building textures: HQ_Lightmap0_14 (AutoDXT, 1024X1024)
[2020.05.03-05.23.35:570][ 91]LogTexture: Display: Building textures: HQ_Lightmap0_15 (AutoDXT, 1024X1024)
[2020.05.03-05.23.35:570][ 91]LogTexture: Display: Building textures: HQ_Lightmap0_17 (AutoDXT, 1024X1024)
[2020.05.03-05.23.35:570][ 91]LogTexture: Display: Building textures: HQ_Lightmap0_2 (AutoDXT, 1024X1024)
[2020.05.03-05.23.35:570][ 91]LogTexture: Display: Building textures: HQ_Lightmap0_18 (AutoDXT, 1024X1024)
[2020.05.03-05.23.35:570][ 91]LogTexture: Display: Building textures: HQ_Lightmap0_16 (AutoDXT, 1024X1024)
[2020.05.03-05.23.35:570][ 91]LogTexture: Display: Building textures: HQ_Lightmap0_19 (AutoDXT, 1024X1024)
[2020.05.03-05.23.35:570][ 91]LogTexture: Display: Building textures: HQ_Lightmap0_20 (AutoDXT, 1024X1024)
[2020.05.03-05.23.35:570][ 91]LogTexture: Display: Building textures: HQ_Lightmap0_21 (AutoDXT, 1024X1024)
[2020.05.03-05.23.35:571][ 91]LogTexture: Display: Building textures: HQ_Lightmap0_25 (AutoDXT, 1024X1024)
[2020.05.03-05.23.35:571][ 91]LogTexture: Display: Building textures: HQ_Lightmap0_23 (AutoDXT, 1024X1024)
[2020.05.03-05.23.35:571][ 91]LogTexture: Display: Building textures: HQ_Lightmap0_22 (AutoDXT, 1024X1024)
[2020.05.03-05.23.35:571][ 91]LogTexture: Display: Building textures: HQ_Lightmap0_24 (AutoDXT, 1024X1024)
[2020.05.03-05.23.35:571][ 91]LogTexture: Display: Building textures: HQ_Lightmap0_3 (AutoDXT, 1024X1024)
[2020.05.03-05.23.35:571][ 91]LogTexture: Display: Building textures: HQ_Lightmap0_4 (AutoDXT, 1024X1024)
[2020.05.03-05.23.35:571][ 91]LogTexture: Display: Building textures: HQ_Lightmap0_5 (AutoDXT, 1024X1024)
[2020.05.03-05.23.35:571][ 91]LogTexture: Display: Building textures: HQ_Lightmap0_6 (AutoDXT, 1024X1024)
[2020.05.03-05.23.35:571][ 91]LogTexture: Display: Building textures: HQ_Lightmap0_7 (AutoDXT, 1024X1024)
[2020.05.03-05.23.35:571][ 91]LogTexture: Display: Building textures: HQ_Lightmap0_8 (AutoDXT, 1024X1024)
[2020.05.03-05.23.35:571][ 91]LogTexture: Display: Building textures: HQ_Lightmap0_9 (AutoDXT, 1024X1024)
[2020.05.03-05.23.35:571][ 91]LogTexture: Display: Building textures: HQ_Lightmap1_26 (AutoDXT, 64X64)
[2020.05.03-05.23.35:571][ 91]LogTexture: Display: Building textures: LQ_Lightmap_0_1 (DXT1, 1024X1024)
[2020.05.03-05.23.35:571][ 91]LogTexture: Display: Building textures: LQ_Lightmap_0_10 (DXT1, 1024X1024)
[2020.05.03-05.23.35:571][ 91]LogTexture: Display: Building textures: LQ_Lightmap_0_11 (DXT1, 1024X1024)
[2020.05.03-05.23.35:571][ 91]LogTexture: Display: Building textures: LQ_Lightmap_0_12 (DXT1, 1024X1024)
[2020.05.03-05.23.35:571][ 91]LogTexture: Display: Building textures: LQ_Lightmap_0_13 (DXT1, 1024X1024)
[2020.05.03-05.23.35:571][ 91]LogTexture: Display: Building textures: LQ_Lightmap_0_14 (DXT1, 1024X1024)
[2020.05.03-05.23.35:571][ 91]LogTexture: Display: Building textures: LQ_Lightmap_0_15 (DXT1, 1024X1024)
[2020.05.03-05.23.35:571][ 91]LogTexture: Display: Building textures: LQ_Lightmap_0_16 (DXT1, 1024X1024)
[2020.05.03-05.23.35:571][ 91]LogTexture: Display: Building textures: LQ_Lightmap_0_17 (DXT1, 1024X1024)
[2020.05.03-05.23.35:571][ 91]LogTexture: Display: Building textures: LQ_Lightmap_0_18 (DXT1, 1024X1024)
[2020.05.03-05.23.35:571][ 91]LogTexture: Display: Building textures: LQ_Lightmap_0_19 (DXT1, 1024X1024)
[2020.05.03-05.23.35:571][ 91]LogTexture: Display: Building textures: LQ_Lightmap_0_2 (DXT1, 1024X1024)
[2020.05.03-05.23.35:571][ 91]LogTexture: Display: Building textures: LQ_Lightmap_0_20 (DXT1, 1024X1024)
[2020.05.03-05.23.35:571][ 91]LogTexture: Display: Building textures: LQ_Lightmap_0_22 (DXT1, 1024X1024)
[2020.05.03-05.23.35:571][ 91]LogTexture: Display: Building textures: LQ_Lightmap_0_21 (DXT1, 1024X1024)
[2020.05.03-05.23.35:571][ 91]LogTexture: Display: Building textures: LQ_Lightmap_0_25 (DXT1, 1024X1024)
[2020.05.03-05.23.35:572][ 91]LogTexture: Display: Building textures: LQ_Lightmap_0_24 (DXT1, 1024X1024)
[2020.05.03-05.23.35:572][ 91]LogTexture: Display: Building textures: LQ_Lightmap_0_23 (DXT1, 1024X1024)
[2020.05.03-05.23.35:572][ 91]LogTexture: Display: Building textures: LQ_Lightmap_0_3 (DXT1, 1024X1024)
[2020.05.03-05.23.35:572][ 91]LogTexture: Display: Building textures: LQ_Lightmap_0_4 (DXT1, 1024X1024)
[2020.05.03-05.23.35:572][ 91]LogTexture: Display: Building textures: LQ_Lightmap_0_5 (DXT1, 1024X1024)
[2020.05.03-05.23.35:572][ 91]LogTexture: Display: Building textures: LQ_Lightmap_0_6 (DXT1, 1024X1024)
[2020.05.03-05.23.35:572][ 91]LogTexture: Display: Building textures: LQ_Lightmap_0_7 (DXT1, 1024X1024)
[2020.05.03-05.23.35:572][ 91]LogTexture: Display: Building textures: LQ_Lightmap_1_26 (DXT1, 64X64)
[2020.05.03-05.23.35:572][ 91]LogTexture: Display: Building textures: LQ_Lightmap_0_8 (DXT1, 1024X1024)
[2020.05.03-05.23.35:572][ 91]LogTexture: Display: Building textures: LQ_Lightmap_0_9 (DXT1, 1024X1024)
[2020.05.03-05.23.35:572][ 91]LogTexture: Display: Building textures: SkyOcclusion0_1 (AutoDXT, 1024X512)
[2020.05.03-05.23.35:572][ 91]LogTexture: Display: Building textures: SkyOcclusion0_10 (AutoDXT, 1024X512)
[2020.05.03-05.23.35:572][ 91]LogTexture: Display: Building textures: SkyOcclusion0_12 (AutoDXT, 1024X512)
[2020.05.03-05.23.35:572][ 91]LogTexture: Display: Building textures: SkyOcclusion0_11 (AutoDXT, 1024X512)
[2020.05.03-05.23.35:572][ 91]LogTexture: Display: Building textures: SkyOcclusion0_13 (AutoDXT, 1024X512)
[2020.05.03-05.23.35:572][ 91]LogTexture: Display: Building textures: SkyOcclusion0_14 (AutoDXT, 1024X512)
[2020.05.03-05.23.35:572][ 91]LogTexture: Display: Building textures: SkyOcclusion0_15 (AutoDXT, 1024X512)
[2020.05.03-05.23.35:572][ 91]LogTexture: Display: Building textures: SkyOcclusion0_16 (AutoDXT, 1024X512)
[2020.05.03-05.23.35:572][ 91]LogTexture: Display: Building textures: SkyOcclusion0_17 (AutoDXT, 1024X512)
[2020.05.03-05.23.35:572][ 91]LogTexture: Display: Building textures: SkyOcclusion0_18 (AutoDXT, 1024X512)
[2020.05.03-05.23.35:572][ 91]LogTexture: Display: Building textures: SkyOcclusion0_19 (AutoDXT, 1024X512)
[2020.05.03-05.23.35:572][ 91]LogTexture: Display: Building textures: SkyOcclusion0_2 (AutoDXT, 1024X512)
[2020.05.03-05.23.35:572][ 91]LogTexture: Display: Building textures: SkyOcclusion0_20 (AutoDXT, 1024X512)
[2020.05.03-05.23.35:572][ 91]LogTexture: Display: Building textures: SkyOcclusion0_21 (AutoDXT, 1024X512)
[2020.05.03-05.23.35:572][ 91]LogTexture: Display: Building textures: SkyOcclusion0_22 (AutoDXT, 1024X512)
[2020.05.03-05.23.35:573][ 91]LogTexture: Display: Building textures: SkyOcclusion0_23 (AutoDXT, 1024X512)
[2020.05.03-05.23.35:573][ 91]LogTexture: Display: Building textures: SkyOcclusion0_24 (AutoDXT, 1024X512)
[2020.05.03-05.23.35:573][ 91]LogTexture: Display: Building textures: SkyOcclusion0_25 (AutoDXT, 1024X512)
[2020.05.03-05.23.35:573][ 91]LogTexture: Display: Building textures: SkyOcclusion0_26 (AutoDXT, 64X32)
[2020.05.03-05.23.35:573][ 91]LogTexture: Display: Building textures: SkyOcclusion0_3 (AutoDXT, 1024X512)
[2020.05.03-05.23.35:573][ 91]LogTexture: Display: Building textures: SkyOcclusion0_4 (AutoDXT, 1024X512)
[2020.05.03-05.23.35:573][ 91]LogTexture: Display: Building textures: SkyOcclusion0_5 (AutoDXT, 1024X512)
[2020.05.03-05.23.35:573][ 91]LogTexture: Display: Building textures: SkyOcclusion0_6 (AutoDXT, 1024X512)
[2020.05.03-05.23.35:573][ 91]LogTexture: Display: Building textures: SkyOcclusion0_7 (AutoDXT, 1024X512)
[2020.05.03-05.23.35:573][ 91]LogTexture: Display: Building textures: SkyOcclusion0_8 (AutoDXT, 1024X512)
[2020.05.03-05.23.35:573][ 91]LogTexture: Display: Building textures: SkyOcclusion0_9 (AutoDXT, 1024X512)
[2020.05.03-05.23.35:573][ 91]LogTexture: Display: Building textures: ShadowMapTexture2D_14 (BGRA8, 1024X1024)
[2020.05.03-05.23.35:573][ 91]LogTexture: Display: Building textures: ShadowMapTexture2D_15 (BGRA8, 1024X1024)
[2020.05.03-05.23.35:573][ 91]LogTexture: Display: Building textures: ShadowMapTexture2D_16 (BGRA8, 1024X1024)
[2020.05.03-05.23.35:573][ 91]LogTexture: Display: Building textures: ShadowMapTexture2D_17 (BGRA8, 1024X1024)
[2020.05.03-05.23.35:573][ 91]LogTexture: Display: Building textures: ShadowMapTexture2D_18 (BGRA8, 1024X1024)
[2020.05.03-05.23.35:573][ 91]LogTexture: Display: Building textures: ShadowMapTexture2D_19 (BGRA8, 1024X1024)
[2020.05.03-05.23.35:573][ 91]LogTexture: Display: Building textures: ShadowMapTexture2D_20 (BGRA8, 1024X1024)
[2020.05.03-05.23.35:580][ 91]LogSlate: Took 0.000560 seconds to synchronously load lazily loaded font '../../../Engine/Content/Slate/Fonts/Roboto-Light.ttf' (167K)
[2020.05.03-05.23.35:618][ 91]LogAssetEditorManager: Opening Asset editor for MapBuildDataRegistry /Game/ModularSchool/Scene/School_BuiltData.School_BuiltData
[2020.05.03-05.23.38:173][232]LogSlate: Window 'School_BuiltData - Generic Asset Editor' being destroyed
[2020.05.03-05.23.38:185][232]LogSlate: Window 'School_BuiltData - Generic Asset Editor' being destroyed
[2020.05.03-05.23.47:056][331]LogTexture: Display: Building textures: T_BigTable_MT (AutoDXT, 2048X2048)
[2020.05.03-05.23.50:393][331]LogTexture: Display: Building textures: T_BigTable_N (BC5, 4096X4096)
[2020.05.03-05.23.50:393][331]LogTexture: Display: Building textures: T_Printer_MT (AutoDXT, 4096X4096)
[2020.05.03-05.23.50:393][331]LogTexture: Display: Building textures: T_BigTable_D (AutoDXT, 4096X4096)
[2020.05.03-05.23.50:393][331]LogTexture: Display: Building textures: T_Printer_D (AutoDXT, 4096X4096)
[2020.05.03-05.23.50:393][331]LogTexture: Display: Building textures: T_Flag_MT (AutoDXT, 2048X2048)
[2020.05.03-05.23.50:393][331]LogMemory: Warning: Freeing 33554432 bytes from backup pool to handle out of memory.
[2020.05.03-05.23.50:393][331]LogMemory: Warning: MemoryStats:
	AvailablePhysical 5165527040
	 AvailableVirtual 140728177528832
	     UsedPhysical 3452399616
	 PeakUsedPhysical 3532328960
	      UsedVirtual 3923435520
	  PeakUsedVirtual 4021760000
[2020.05.03-05.23.50:393][331]Allocator Stats for TBB: (not implemented)
[2020.05.03-05.23.50:393][331]LogWindows: Windows GetLastError: 操作成功完成。 (0)
[2020.05.03-05.24.03:490][331]LogTexture: Display: Building textures: T_BigTable2_D (AutoDXT, 4096X4096)
[2020.05.03-05.24.03:490][331]LogThreadingWindows: Error: Runnable thread TaskGraphThreadHP 8 crashed.
[2020.05.03-05.24.03:491][331]LogThreadingWindows: Error: Runnable thread TaskGraphThreadHP 6 crashed.
[2020.05.03-05.24.03:491][331]LogWindows: Error: HandleError re-entered.
[2020.05.03-05.24.03:491][331]LogThreadingWindows: Error: Runnable thread TaskGraphThreadHP 9 crashed.
[2020.05.03-05.24.03:491][331]LogWindows: Error: === Critical error: ===
[2020.05.03-05.24.03:491][331]LogWindows: Error: 
[2020.05.03-05.24.03:491][331]LogWindows: Error: Fatal error: [File:D:\Build\++UE4\Sync\Engine\Source\Runtime\Core\Private\GenericPlatform\GenericPlatformMemory.cpp] [Line: 193] 
[2020.05.03-05.24.03:491][331]LogWindows: Error: HandleError re-entered.
[2020.05.03-05.24.03:491][331]LogWindows: Error: Ran out of memory allocating 67108864 bytes with alignment 0
[2020.05.03-05.24.03:491][331]LogWindows: Error: 
[2020.05.03-05.24.03:491][331]LogWindows: Error: 
[2020.05.03-05.24.03:491][331]LogWindows: Error: Unhandled Exception: EXCEPTION_ACCESS_VIOLATION writing address 0x000c0000
[2020.05.03-05.24.03:491][331]LogWindows: Error: 
[2020.05.03-05.24.03:491][331]LogWindows: Error: [Callstack] 0x00007ff9bdcf6548 UE4Editor-TextureCompressor.dll!UnknownFunction []
[2020.05.03-05.24.03:491][331]LogWindows: Error: [Callstack] 0x00007ff9bdd00cf3 UE4Editor-TextureCompressor.dll!UnknownFunction []
[2020.05.03-05.24.03:491][331]LogWindows: Error: [Callstack] 0x00007ff9bdcfc427 UE4Editor-TextureCompressor.dll!UnknownFunction []
[2020.05.03-05.24.03:491][331]LogWindows: Error: [Callstack] 0x00007ff9cd3f137c UE4Editor-Core.dll!UnknownFunction []
[2020.05.03-05.24.03:491][331]LogWindows: Error: [Callstack] 0x00007ff9cd3f2570 UE4Editor-Core.dll!UnknownFunction []
[2020.05.03-05.24.03:491][331]LogWindows: Error: [Callstack] 0x00007ff9cd3fc6f5 UE4Editor-Core.dll!UnknownFunction []
[2020.05.03-05.24.03:491][331]LogWindows: Error: [Callstack] 0x00007ff9cd836b7c UE4Editor-Core.dll!UnknownFunction []
[2020.05.03-05.24.03:491][331]LogWindows: Error: [Callstack] 0x00007ff9cd8317c7 UE4Editor-Core.dll!UnknownFunction []
[2020.05.03-05.24.03:491][331]LogWindows: Error: [Callstack] 0x00007ffa1d227bd4 KERNEL32.DLL!UnknownFunction []
[2020.05.03-05.24.03:491][331]LogWindows: Error: [Callstack] 0x00007ffa1edcce51 ntdll.dll!UnknownFunction []
[2020.05.03-05.24.03:491][331]LogWindows: Error: 
[2020.05.03-05.24.03:491][331]LogWindows: Error: Crash in runnable thread 
[2020.05.03-05.24.03:491][331]LogWindows: Error: Crash in runnable thread TaskGraphThreadHP 8TaskGraphThreadHP 6
[2020.05.03-05.24.03:491][331]LogWindows: Error: Crash in runnable thread TaskGraphThreadHP 9
[2020.05.03-05.24.03:519][331]LogThreadingWindows: Error: Runnable thread TaskGraphThreadHP 7 crashed.
[2020.05.03-05.24.03:519][331]LogThreadingWindows: Error: Runnable thread TaskGraphThreadHP 10 crashed.
[2020.05.03-05.24.03:519][331]LogWindows: Error: HandleError re-entered.
[2020.05.03-05.24.03:519][331]LogThreadingWindows: Error: Runnable thread TaskGraphThreadHP 11 crashed.
[2020.05.03-05.24.03:519][331]LogWindows: Error: HandleError re-entered.
[2020.05.03-05.24.03:519][331]LogWindows: Error: HandleError re-entered.
[2020.05.03-05.24.03:519][331]LogThreadingWindows: Error: Runnable thread PoolThread 10 crashed.
[2020.05.03-05.24.03:519][331]LogWindows: Error: HandleError re-entered.
[2020.05.03-05.24.03:519][331]LogThreadingWindows: Error: Runnable thread PoolThread 8 crashed.
[2020.05.03-05.24.03:519][331]LogWindows: Error: HandleError re-entered.
[2020.05.03-05.24.03:519][331]LogThreadingWindows: Error: Runnable thread PoolThread 11 crashed.
[2020.05.03-05.24.03:519][331]LogWindows: Error: HandleError re-entered.
[2020.05.03-05.24.03:519][331]LogThreadingWindows: Error: Runnable thread PoolThread 9 crashed.
[2020.05.03-05.24.03:519][331]LogWindows: Error: HandleError re-entered.
[2020.05.03-05.24.03:519][331]LogWindows: FPlatformMisc::RequestExit(1)
[2020.05.03-05.24.03:520][331]LogWindows: FPlatformMisc::RequestExit(1)
[2020.05.03-05.24.03:520][331]LogWindows: FPlatformMisc::RequestExit(1)
[2020.05.03-05.24.03:520][331]LogWindows: FPlatformMisc::RequestExit(1)
[2020.05.03-05.24.03:520][331]LogWindows: FPlatformMisc::RequestExit(1)
[2020.05.03-05.24.03:520][331]LogWindows: FPlatformMisc::RequestExit(1)
[2020.05.03-05.24.03:520][331]LogWindows: FPlatformMisc::RequestExit(1)
[2020.05.03-05.24.03:520][331]LogWindows: FPlatformMisc::RequestExit(1)
[2020.05.03-05.24.03:520][331]LogWindows: FPlatformMisc::RequestExit(1)
[2020.05.03-05.24.03:525][331]Log file closed, 05/03/20 13:24:03
