Log file open, 05/03/20 23:29:22
LogWindows: Failed to load 'aqProf.dll' (GetLastError=126)
LogWindows: File 'aqProf.dll' does not exist
LogWindows: Failed to load 'VSPerf140.dll' (GetLastError=126)
LogWindows: File 'VSPerf140.dll' does not exist
LogWindows: Failed to load 'VtuneApi.dll' (GetLastError=126)
LogWindows: File 'VtuneApi.dll' does not exist
LogWindows: Failed to load 'VtuneApi32e.dll' (GetLastError=126)
LogWindows: File 'VtuneApi32e.dll' does not exist
LogInit: Display: Running engine for game: MyProject
LogPlatformFile: Not using cached read wrapper
LogTaskGraph: Started task graph with 5 named threads and 23 total threads with 3 sets of task threads.
LogStats: Stats thread started at 0.308074
LogD3D11RHI: Loaded GFSDK_Aftermath_Lib.x64.dll
LogICUInternationalization: Display: ICU TimeZone Detection - Raw Offset: +8:00, Platform Override: ''
LogPluginManager: Mounting plugin Paper2D
LogPluginManager: Mounting plugin AISupport
LogPluginManager: Mounting plugin LightPropagationVolume
LogPluginManager: Mounting plugin CLionSourceCodeAccess
LogPluginManager: Mounting plugin CodeLiteSourceCodeAccess
LogPluginManager: Mounting plugin GitSourceControl
LogPluginManager: Mounting plugin KDevelopSourceCodeAccess
LogPluginManager: Mounting plugin NullSourceCodeAccess
LogPluginManager: Mounting plugin PerforceSourceControl
LogPluginManager: Mounting plugin SubversionSourceControl
LogPluginManager: Mounting plugin UObjectPlugin
LogPluginManager: Mounting plugin VisualStudioCodeSourceCodeAccess
LogPluginManager: Mounting plugin VisualStudioSourceCodeAccess
LogPluginManager: Mounting plugin XCodeSourceCodeAccess
LogPluginManager: Mounting plugin AssetManagerEditor
LogPluginManager: Mounting plugin CryptoKeys
LogPluginManager: Mounting plugin DataValidation
LogPluginManager: Mounting plugin FacialAnimation
LogPluginManager: Mounting plugin GameplayTagsEditor
LogPluginManager: Mounting plugin MacGraphicsSwitching
LogPluginManager: Mounting plugin MeshEditor
LogPluginManager: Mounting plugin MobileLauncherProfileWizard
LogPluginManager: Mounting plugin PluginBrowser
LogPluginManager: Mounting plugin SpeedTreeImporter
LogPluginManager: Mounting plugin DatasmithContent
LogPluginManager: Mounting plugin AlembicImporter
LogPluginManager: Mounting plugin AppleImageUtils
LogPluginManager: Mounting plugin AppleVision
LogPluginManager: Mounting plugin BackChannel
LogPluginManager: Mounting plugin CharacterAI
LogPluginManager: Mounting plugin GeometryCache
LogPluginManager: Mounting plugin HTML5Networking
LogPluginManager: Mounting plugin ProxyLODPlugin
LogPluginManager: Mounting plugin MagicLeap
LogPluginManager: Mounting plugin MagicLeapEmulator
LogPluginManager: Mounting plugin MagicLeapMedia
LogPluginManager: Mounting plugin AndroidMedia
LogPluginManager: Mounting plugin AvfMedia
LogPluginManager: Mounting plugin ImgMedia
LogPluginManager: Mounting plugin LinearTimecode
LogPluginManager: Mounting plugin MediaCompositing
LogPluginManager: Mounting plugin MediaPlayerEditor
LogPluginManager: Mounting plugin WmfMedia
LogPluginManager: Mounting plugin TcpMessaging
LogPluginManager: Mounting plugin UdpMessaging
LogPluginManager: Mounting plugin ActorSequence
LogPluginManager: Mounting plugin LevelSequenceEditor
LogPluginManager: Mounting plugin MatineeToLevelSequence
LogPluginManager: Mounting plugin NetcodeUnitTest
LogPluginManager: Mounting plugin NUTUnrealEngine4
LogPluginManager: Mounting plugin OnlineSubsystemGooglePlay
LogPluginManager: Mounting plugin OnlineSubsystemIOS
LogPluginManager: Mounting plugin OnlineSubsystem
LogPluginManager: Mounting plugin OnlineSubsystemNull
LogPluginManager: Mounting plugin OnlineSubsystemUtils
LogPluginManager: Mounting plugin LauncherChunkInstaller
LogPluginManager: Mounting plugin AndroidDeviceProfileSelector
LogPluginManager: Mounting plugin AndroidMoviePlayer
LogPluginManager: Mounting plugin AndroidPermission
LogPluginManager: Mounting plugin AppleMoviePlayer
LogPluginManager: Mounting plugin ArchVisCharacter
LogPluginManager: Mounting plugin AudioCapture
LogPluginManager: Mounting plugin CableComponent
LogPluginManager: Mounting plugin CustomMeshComponent
LogPluginManager: Mounting plugin EditableMesh
LogPluginManager: Mounting plugin ExampleDeviceProfileSelector
LogPluginManager: Mounting plugin GoogleCloudMessaging
LogPluginManager: Mounting plugin ImmediatePhysics
LogPluginManager: Mounting plugin IOSDeviceProfileSelector
LogPluginManager: Mounting plugin LinuxDeviceProfileSelector
LogPluginManager: Mounting plugin LocationServicesBPLibrary
LogPluginManager: Mounting plugin MobilePatchingUtils
LogPluginManager: Mounting plugin OculusVR
LogPluginManager: Plugin shader directory ../../../Engine/Plugins/Runtime/Oculus/OculusVR/Shaders found
LogPluginManager: Mapping shader source directory ../../../Engine/Plugins/Runtime/Oculus/OculusVR/Shaders to virtual directory /Plugin/OculusVR
LogPluginManager: Mounting plugin PhysXVehicles
LogPluginManager: Mounting plugin ProceduralMeshComponent
LogPluginManager: Mounting plugin RuntimePhysXCooking
LogPluginManager: Mounting plugin SteamVR
LogPluginManager: Mounting plugin WindowsMoviePlayer
LogStreaming: Display: Took  0.211s to configure plugins.
LogInit: Using libcurl 7.55.1-DEV
LogInit:  - built for x86_64-pc-win32
LogInit:  - supports SSL with OpenSSL/1.0.2h
LogInit:  - supports HTTP deflate (compression) using libz 1.2.8
LogInit:  - other features:
LogInit:      CURL_VERSION_SSL
LogInit:      CURL_VERSION_LIBZ
LogInit:      CURL_VERSION_IPV6
LogInit:      CURL_VERSION_ASYNCHDNS
LogInit:      CURL_VERSION_LARGEFILE
LogInit:      CURL_VERSION_IDN
LogInit:  CurlRequestOptions (configurable via config and command line):
LogInit:  - bVerifyPeer = false  - Libcurl will NOT verify peer certificate
LogInit:  - bUseHttpProxy = false  - Libcurl will NOT use HTTP proxy
LogInit:  - bDontReuseConnections = false  - Libcurl will reuse connections
LogInit:  - CertBundlePath = nullptr  - Libcurl will use whatever was configured at build time.
LogInit:  - MaxHostConnections = 16  - Libcurl will limit the number of connections to a host
LogInit:  - LocalHostAddr = Default
LogInit:  - BufferSize = 65536
LogInit: WinSock: version 1.1 (2.2), MaxSocks=32767, MaxUdp=65467
LogInit: Build: ++UE4+Release-4.20-CL-4369336
LogInit: Engine Version: 4.20.3-4369336+++UE4+Release-4.20
LogInit: Compatible Engine Version: 4.20.0-4212847+++UE4+Release-4.20
LogInit: Net CL: 4212847
LogInit: OS: Windows 10 (), CPU: Intel(R) Core(TM) i7-6700HQ CPU @ 2.60GHz, GPU: Intel(R) HD Graphics 530
LogInit: Compiled (64-bit): Sep 17 2018 12:26:19
LogInit: Compiled with Visual C++: 19.13.26129.00
LogInit: Build Configuration: Development
LogInit: Branch Name: ++UE4+Release-4.20
LogInit: Command Line: 
LogInit: Base Directory: E:/UE4/4.20.3/UE_4.20/Engine/Binaries/Win64/
LogInit: Installed Engine Build: 1
LogDevObjectVersion: Number of dev versions registered: 20
LogDevObjectVersion:   Dev-Blueprints (B0D832E4-1F89-4F0D-ACCF-7EB736FD4AA2): 10
LogDevObjectVersion:   Dev-Build (E1C64328-A22C-4D53-A36C-8E866417BD8C): 0
LogDevObjectVersion:   Dev-Core (375EC13C-06E4-48FB-B500-84F0262A717E): 2
LogDevObjectVersion:   Dev-Editor (E4B068ED-F494-42E9-A231-DA0B2E46BB41): 24
LogDevObjectVersion:   Dev-Framework (CFFC743F-43B0-4480-9391-14DF171D2073): 34
LogDevObjectVersion:   Dev-Mobile (B02B49B5-BB20-44E9-A304-32B752E40360): 2
LogDevObjectVersion:   Dev-Networking (A4E4105C-59A1-49B5-A7C5-40C4547EDFEE): 0
LogDevObjectVersion:   Dev-Online (39C831C9-5AE6-47DC-9A44-9C173E1C8E7C): 0
LogDevObjectVersion:   Dev-Physics (78F01B33-EBEA-4F98-B9B4-84EACCB95AA2): 0
LogDevObjectVersion:   Dev-Platform (6631380F-2D4D-43E0-8009-CF276956A95A): 0
LogDevObjectVersion:   Dev-Rendering (12F88B9F-8875-4AFC-A67C-D90C383ABD29): 26
LogDevObjectVersion:   Dev-Sequencer (7B5AE74C-D270-4C10-A958-57980B212A5A): 9
LogDevObjectVersion:   Dev-VR (D7296918-1DD6-4BDD-9DE2-64A83CC13884): 2
LogDevObjectVersion:   Dev-LoadTimes (C2A15278-BFE7-4AFE-6C17-90FF531DF755): 1
LogDevObjectVersion:   Private-Geometry (6EACA3D4-40EC-4CC1-B786-8BED09428FC5): 3
LogDevObjectVersion:   Dev-AnimPhys (29E575DD-E0A3-4627-9D10-D276232CDCEA): 17
LogDevObjectVersion:   Dev-ReflectionCapture (6B266CEC-1EC7-4B8F-A30B-E4D90942FC07): 1
LogDevObjectVersion:   Dev-Automation (0DF73D61-A23F-47EA-B727-89E90C41499A): 1
LogDevObjectVersion:   FortniteMain (601D1886-AC64-4F84-AA16-D3DE0DEAC7D6): 12
LogDevObjectVersion:   Dev-Enterprise (9DFFBCD6-494F-0158-E221-12823C92A888): 1
LogStreaming: Display: Took  0.001s to delete old logs.
LogInit: Presizing for max 8388607 objects, including 0 objects not considered by GC, pre-allocating 0 bytes for permanent pool.
LogInit: Object subsystem initialized
[2020.05.03-15.29.22:648][  0]LogInit: Selected Device Profile: [Windows]
[2020.05.03-15.29.22:648][  0]LogInit: Applying CVar settings loaded from the selected device profile: [Windows]
[2020.05.03-15.29.22:697][  0]LogHAL: Display: Platform has ~ 16 GB [17057243136 / 17179869184 / 16], which maps to Larger [LargestMinGB=32, LargerMinGB=12, DefaultMinGB=8, SmallerMinGB=6, SmallestMinGB=0)
[2020.05.03-15.29.22:697][  0]LogInit: Setting Device Profile CVar: [[r.Vulkan.UseRealUBs:1]]
[2020.05.03-15.29.22:697][  0]LogInit: Going up to parent DeviceProfile []
[2020.05.03-15.29.22:698][  0]LogInit: Computer: DESKTOP-BHGM3HS
[2020.05.03-15.29.22:698][  0]LogInit: User: hasee
[2020.05.03-15.29.22:698][  0]LogInit: CPU Page size=4096, Cores=4
[2020.05.03-15.29.22:698][  0]LogInit: High frequency timer resolution =10.000000 MHz
[2020.05.03-15.29.22:698][  0]LogMemory: Memory total: Physical=15.9GB (16GB approx)
[2020.05.03-15.29.22:698][  0]LogMemory: Platform Memory Stats for Windows
[2020.05.03-15.29.22:698][  0]LogMemory: Process Physical Memory: 100.84 MB used, 100.84 MB peak
[2020.05.03-15.29.22:698][  0]LogMemory: Process Virtual Memory: 98.98 MB used, 98.98 MB peak
[2020.05.03-15.29.22:698][  0]LogMemory: Physical Memory: 7225.55 MB used,  9041.50 MB free, 16267.05 MB total
[2020.05.03-15.29.22:698][  0]LogMemory: Virtual Memory: 4637.50 MB used,  9041.50 MB free, 134217728.00 MB total
[2020.05.03-15.29.22:745][  0]LogInit: Overriding language with editor language configuration option (en).
[2020.05.03-15.29.22:745][  0]LogInit: Overriding locale with editor locale configuration option (en).
[2020.05.03-15.29.23:196][  0]LogStreaming: Display: Took  0.451s to InitEngineTextLocalization.
[2020.05.03-15.29.23:196][  0]LogInit: Setting process to per monitor DPI aware
[2020.05.03-15.29.23:319][  0]LogSlate: New Slate User Created.  User Index 0, Is Virtual User: 0
[2020.05.03-15.29.23:319][  0]LogSlate: Slate User Registered.  User Index 0, Is Virtual User: 0
[2020.05.03-15.29.23:744][  0]LogHMD: Failed to initialize OpenVR with code 110
[2020.05.03-15.29.23:744][  0]LogD3D11RHI: D3D11 adapters:
[2020.05.03-15.29.23:816][  0]LogD3D11RHI:    0. 'NVIDIA GeForce GTX 965M' (Feature Level 11_0)
[2020.05.03-15.29.23:816][  0]LogD3D11RHI:       2016/0/8133 MB DedicatedVideo/DedicatedSystem/SharedSystem, Outputs:1, VendorId:0x10de
[2020.05.03-15.29.23:838][  0]LogD3D11RHI:    1. 'Intel(R) HD Graphics 530' (Feature Level 11_0)
[2020.05.03-15.29.23:838][  0]LogD3D11RHI:       128/0/8133 MB DedicatedVideo/DedicatedSystem/SharedSystem, Outputs:0, VendorId:0x8086
[2020.05.03-15.29.23:842][  0]LogD3D11RHI:    2. 'Microsoft Basic Render Driver' (Feature Level 11_0)
[2020.05.03-15.29.23:842][  0]LogD3D11RHI:       0/0/8133 MB DedicatedVideo/DedicatedSystem/SharedSystem, Outputs:0, VendorId:0x1414
[2020.05.03-15.29.23:842][  0]LogD3D11RHI: Chosen D3D11 Adapter: 0
[2020.05.03-15.29.23:901][  0]LogD3D11RHI: Creating new Direct3DDevice
[2020.05.03-15.29.23:901][  0]LogD3D11RHI:     GPU DeviceId: 0x1427 (for the marketing name, search the web for "GPU Device Id")
[2020.05.03-15.29.23:901][  0]LogWindows: EnumDisplayDevices:
[2020.05.03-15.29.23:901][  0]LogWindows:    0. 'Intel(R) HD Graphics 530' (P:1 D:1)
[2020.05.03-15.29.23:902][  0]LogWindows:    1. 'Intel(R) HD Graphics 530' (P:0 D:0)
[2020.05.03-15.29.23:903][  0]LogWindows:    2. 'Intel(R) HD Graphics 530' (P:0 D:0)
[2020.05.03-15.29.23:905][  0]LogWindows:    3. 'NVIDIA GeForce GTX 965M' (P:0 D:0)
[2020.05.03-15.29.23:906][  0]LogWindows:    4. 'NVIDIA GeForce GTX 965M' (P:0 D:0)
[2020.05.03-15.29.23:907][  0]LogWindows:    5. 'NVIDIA GeForce GTX 965M' (P:0 D:0)
[2020.05.03-15.29.23:908][  0]LogWindows:    6. 'NVIDIA GeForce GTX 965M' (P:0 D:0)
[2020.05.03-15.29.23:908][  0]LogWindows: DebugString: PrimaryIsNotTheChoosenAdapter PrimaryIsNotTheChoosenAdapter PrimaryIsNotTheChoosenAdapter FoundDriverCount:4 
[2020.05.03-15.29.23:909][  0]LogD3D11RHI:     Adapter Name: NVIDIA GeForce GTX 965M
[2020.05.03-15.29.23:909][  0]LogD3D11RHI:   Driver Version: 382.05 (internal:22.21.13.8205, unified:382.05)
[2020.05.03-15.29.23:909][  0]LogD3D11RHI:      Driver Date: 5-1-2017
[2020.05.03-15.29.23:909][  0]LogRHI: Texture pool is 1411 MB (70% of 2016 MB)
[2020.05.03-15.29.23:946][  0]LogD3D11RHI: Async texture creation enabled
[2020.05.03-15.29.23:958][  0]LogD3D11RHI: GPU Timing Frequency: 1000.000000 (Debug: 2 1)
[2020.05.03-15.29.23:961][  0]LogShaderCompilers: Guid format shader working directory is -12 characters bigger than the processId version (../../../../../MyProjects/MyProject/Intermediate/Shaders/WorkingDirectory/76704/).
[2020.05.03-15.29.23:961][  0]LogShaderCompilers: Cleaned the shader compiler working directory 'D:/TempFile/UnrealShaderWorkingDir/D2E6F71B420D1861C85CE3ACA3B9C16D/'.
[2020.05.03-15.29.24:506][  0]LogTemp: Display: Loaded TP AllDesktopTargetPlatform
[2020.05.03-15.29.24:526][  0]LogTemp: Display: Loaded TP MacClientTargetPlatform
[2020.05.03-15.29.24:550][  0]LogTemp: Display: Loaded TP MacNoEditorTargetPlatform
[2020.05.03-15.29.24:572][  0]LogTemp: Display: Loaded TP MacServerTargetPlatform
[2020.05.03-15.29.24:590][  0]LogTemp: Display: Loaded TP MacTargetPlatform
[2020.05.03-15.29.24:612][  0]LogTemp: Display: Loaded TP WindowsClientTargetPlatform
[2020.05.03-15.29.24:628][  0]LogTemp: Display: Loaded TP WindowsNoEditorTargetPlatform
[2020.05.03-15.29.24:645][  0]LogTemp: Display: Loaded TP WindowsServerTargetPlatform
[2020.05.03-15.29.24:654][  0]LogTemp: Display: Loaded TP WindowsTargetPlatform
[2020.05.03-15.29.24:776][  0]LogTemp: Display: Loaded TP AndroidTargetPlatform
[2020.05.03-15.29.24:776][  0]LogTemp: Display: Loaded TP AndroidTargetPlatform
[2020.05.03-15.29.24:776][  0]LogTemp: Display: Loaded TP AndroidTargetPlatform
[2020.05.03-15.29.24:776][  0]LogTemp: Display: Loaded TP AndroidTargetPlatform
[2020.05.03-15.29.24:776][  0]LogTemp: Display: Loaded TP AndroidTargetPlatform
[2020.05.03-15.29.24:776][  0]LogTemp: Display: Loaded TP AndroidTargetPlatform
[2020.05.03-15.29.24:776][  0]LogTemp: Display: Loaded TP AndroidTargetPlatform
[2020.05.03-15.29.24:776][  0]LogTemp: Display: Loaded TP AndroidTargetPlatform
[2020.05.03-15.29.24:776][  0]LogTemp: Display: Loaded TP AndroidTargetPlatform
[2020.05.03-15.29.24:776][  0]LogTemp: Display: Loaded TP AndroidTargetPlatform
[2020.05.03-15.29.24:777][  0]LogTemp: Display: Loaded TP AndroidTargetPlatform
[2020.05.03-15.29.24:777][  0]LogTemp: Display: Loaded TP AndroidTargetPlatform
[2020.05.03-15.29.24:777][  0]LogTemp: Display: Loaded TP AndroidTargetPlatform
[2020.05.03-15.29.24:777][  0]LogTemp: Display: Loaded TP AndroidTargetPlatform
[2020.05.03-15.29.24:777][  0]LogTemp: Display: Loaded TP AndroidTargetPlatform
[2020.05.03-15.29.24:777][  0]LogTemp: Display: Loaded TP AndroidTargetPlatform
[2020.05.03-15.29.24:777][  0]LogTemp: Display: Loaded TP AndroidTargetPlatform
[2020.05.03-15.29.24:777][  0]LogTemp: Display: Loaded TP AndroidTargetPlatform
[2020.05.03-15.29.24:781][  0]LogTemp: Display: Loaded TP HTML5TargetPlatform
[2020.05.03-15.29.24:856][  0]LogTemp: Display: Loaded TP IOSTargetPlatform
[2020.05.03-15.29.24:856][  0]LogTemp: Display: Loaded TP IOSTargetPlatform
[2020.05.03-15.29.24:888][  0]LogTemp: Display: Loaded TP TVOSTargetPlatform
[2020.05.03-15.29.24:888][  0]LogTemp: Display: Loaded TP TVOSTargetPlatform
[2020.05.03-15.29.24:903][  0]LogTemp: Display: Loaded TP LinuxClientTargetPlatform
[2020.05.03-15.29.24:921][  0]LogTemp: Display: Loaded TP LinuxNoEditorTargetPlatform
[2020.05.03-15.29.24:938][  0]LogTemp: Display: Loaded TP LinuxServerTargetPlatform
[2020.05.03-15.29.24:954][  0]LogTemp: Display: Loaded TP LinuxTargetPlatform
[2020.05.03-15.29.24:966][  0]LogTemp: Display: Loaded TP LuminTargetPlatform
[2020.05.03-15.29.24:966][  0]LogTargetPlatformManager: Display: Building Assets For Windows
[2020.05.03-15.29.25:054][  0]LogXGEController: Cannot use XGE Controller as Incredibuild is not installed on this machine.
[2020.05.03-15.29.25:054][  0]LogShaderCompilers: Cannot use XGE Shader Compiler as Incredibuild is not installed on this machine.
[2020.05.03-15.29.25:054][  0]LogShaderCompilers: Display: Using Local Shader Compiler.
[2020.05.03-15.29.26:085][  0]LogDerivedDataCache: Display: Max Cache Size: 512 MB
[2020.05.03-15.29.26:154][  0]LogDerivedDataCache: Loaded boot cache 0.07s 86MB C:/Users/hasee/AppData/Local/UnrealEngine/4.20/DerivedDataCache/Boot.ddc.
[2020.05.03-15.29.26:154][  0]LogDerivedDataCache: Display: Loaded Boot cache: C:/Users/hasee/AppData/Local/UnrealEngine/4.20/DerivedDataCache/Boot.ddc
[2020.05.03-15.29.26:154][  0]LogDerivedDataCache: FDerivedDataBackendGraph:  Pak pak cache file ../../../../../MyProjects/MyProject/DerivedDataCache/DDC.ddp not found, will not use a pak cache.
[2020.05.03-15.29.26:154][  0]LogDerivedDataCache: Unable to find inner node Pak for hierarchical cache Hierarchy.
[2020.05.03-15.29.26:154][  0]LogDerivedDataCache: FDerivedDataBackendGraph:  CompressedPak pak cache file ../../../../../MyProjects/MyProject/DerivedDataCache/Compressed.ddp not found, will not use a pak cache.
[2020.05.03-15.29.26:154][  0]LogDerivedDataCache: Unable to find inner node CompressedPak for hierarchical cache Hierarchy.
[2020.05.03-15.29.26:172][  0]LogDerivedDataCache: Display: Pak cache opened for reading ../../../Engine/DerivedDataCache/Compressed.ddp.
[2020.05.03-15.29.26:186][  0]LogDerivedDataCache: Using Local data cache path C:/Users/hasee/AppData/Local/UnrealEngine/Common/DerivedDataCache: Writable
[2020.05.03-15.29.26:186][  0]LogDerivedDataCache: Shared data cache path not found in *engine.ini, will not use an Shared cache.
[2020.05.03-15.29.26:186][  0]LogDerivedDataCache: Unable to find inner node Shared for hierarchical cache Hierarchy.
[2020.05.03-15.29.26:285][  0]LogMaterial: Verifying Global Shaders for PCD3D_SM5
[2020.05.03-15.29.26:287][  0]LogSlate: Using FreeType 2.6.0
[2020.05.03-15.29.26:288][  0]LogSlate: SlateFontServices - WITH_FREETYPE: 1, WITH_HARFBUZZ: 1
[2020.05.03-15.29.26:405][  0]LogAssetRegistry: FAssetRegistry took 0.0282 seconds to start up
[2020.05.03-15.29.26:868][  0]LogInit: Selected Device Profile: [Windows]
[2020.05.03-15.29.27:089][  0]LogSimplygon: Simplygon DLL not present - disabling.
[2020.05.03-15.29.27:094][  0]LogMeshReduction: Using SimplygonSwarm for distributed automatic mesh merging
[2020.05.03-15.29.27:094][  0]LogMeshReduction: Using ProxyLODMeshReduction for automatic mesh merging
[2020.05.03-15.29.27:094][  0]LogMeshReduction: Using QuadricMeshReduction for automatic static mesh reduction
[2020.05.03-15.29.27:094][  0]LogMeshReduction: No automatic skeletal mesh reduction module available
[2020.05.03-15.29.27:125][  0]LogNetVersion: MyProject 1.0.0, NetCL: 4212847, EngineNetVer: 5, GameNetVer: 0 (Checksum: 1110078900)
[2020.05.03-15.29.27:946][  0]LogPackageLocalizationCache: Processed 11 localized package path(s) for 1 prioritized culture(s) in 0.118669 seconds
[2020.05.03-15.29.27:954][  0]LogUObjectArray: 38425 objects as part of root set at end of initial load.
[2020.05.03-15.29.27:954][  0]LogUObjectAllocator: 6690872 out of 0 bytes used by permanent object pool.
[2020.05.03-15.29.27:954][  0]LogUObjectArray: CloseDisregardForGC: 0/0 objects in disregard for GC pool
[2020.05.03-15.29.29:388][  0]LogTcpMessaging: Initializing TcpMessaging bridge
[2020.05.03-15.29.29:403][  0]LogUdpMessaging: Initializing bridge on interface 0.0.0.0:0 to multicast group 230.0.0.1:6666.
[2020.05.03-15.29.29:608][  0]SourceControl: Source control is disabled
[2020.05.03-15.29.29:609][  0]SourceControl: Source control is disabled
[2020.05.03-15.29.29:610][  0]SourceControl: Source control is disabled
[2020.05.03-15.29.29:611][  0]SourceControl: Source control is disabled
[2020.05.03-15.29.29:805][  0]LogAndroidPermission: UAndroidPermissionCallbackProxy::GetInstance
[2020.05.03-15.29.29:956][  0]LogOcInput: OculusInput pre-init called
[2020.05.03-15.29.30:033][  0]LogEngine: Initializing Engine...
[2020.05.03-15.29.30:035][  0]LogHMD: Failed to initialize OpenVR with code 110
[2020.05.03-15.29.30:037][  0]LogStats: UGameplayTagsManager::ConstructGameplayTagTree: ImportINI prefixes -  0.000 s
[2020.05.03-15.29.30:037][  0]LogStats: UGameplayTagsManager::ConstructGameplayTagTree: Construct from data asset -  0.000 s
[2020.05.03-15.29.30:037][  0]LogStats: UGameplayTagsManager::ConstructGameplayTagTree: ImportINI -  0.000 s
[2020.05.03-15.29.30:037][  0]LogStats: UGameplayTagsManager::ConstructGameplayTagTree: GameplayTagTreeChangedEvent.Broadcast -  0.000 s
[2020.05.03-15.29.30:394][  0]LogInit: Initializing FReadOnlyCVARCache
[2020.05.03-15.29.30:409][  0]LogAIModule: Creating AISystem for world Untitled
[2020.05.03-15.29.30:451][  0]LogInit: XAudio2 using '扬声器 (Realtek High Definition Audio)' : 2 channels at 48 kHz using 32 bits per sample (channel mask 0x3)
[2020.05.03-15.29.30:597][  0]LogInit: FAudioDevice initialized.
[2020.05.03-15.29.30:597][  0]LogNetVersion: Set ProjectVersion to 1.0.0.0. Version Checksum will be recalculated on next use.
[2020.05.03-15.29.30:799][  0]LogDerivedDataCache: Saved boot cache 0.20s 86MB C:/Users/hasee/AppData/Local/UnrealEngine/4.20/DerivedDataCache/Boot.ddc.
[2020.05.03-15.29.30:810][  0]LogInit: Texture streaming: Enabled
[2020.05.03-15.29.30:835][  0]LogEngineSessionManager: EngineSessionManager initialized
[2020.05.03-15.29.30:860][  0]LogInit: Transaction tracking system initialized
[2020.05.03-15.29.30:890][  0]BlueprintLog: New page: Editor Load
[2020.05.03-15.29.30:989][  0]LocalizationService: Localization service is disabled
[2020.05.03-15.29.31:564][  0]LogCook: Display: Max memory allowance for cook 16384mb min free memory 0mb
[2020.05.03-15.29.31:564][  0]LogCook: Display: Mobile HDR setting 1
[2020.05.03-15.29.31:564][  0]LogGameplayTags: Display: UGameplayTagsManager::DoneAddingNativeTags. DelegateIsBound: 0
[2020.05.03-15.29.31:564][  0]LogStats: UGameplayTagsManager::ConstructGameplayTagTree: ImportINI prefixes -  0.000 s
[2020.05.03-15.29.31:564][  0]LogStats: UGameplayTagsManager::ConstructGameplayTagTree: Construct from data asset -  0.000 s
[2020.05.03-15.29.31:565][  0]LogStats: UGameplayTagsManager::ConstructGameplayTagTree: ImportINI -  0.000 s
[2020.05.03-15.29.31:565][  0]LogStats: UGameplayTagsManager::ConstructGameplayTagTree: GameplayTagTreeChangedEvent.Broadcast -  0.000 s
[2020.05.03-15.29.31:754][  0]LogFileCache: Scanning file cache for directory 'E:/UE4/MyProjects/MyProject/Content/' took 0.02s
[2020.05.03-15.29.31:754][  0]SourceControl: Source control is disabled
[2020.05.03-15.29.31:754][  0]Cmd: MAP LOAD FILE="../../../../../MyProjects/MyProject/Content/VirtualRealityBP/Maps/StartupMap.umap" TEMPLATE=0 SHOWPROGRESS=1 FEATURELEVEL=3
[2020.05.03-15.29.31:754][  0]LightingResults: New page: Lighting Build
[2020.05.03-15.29.31:758][  0]MapCheck: New page: Map Check
[2020.05.03-15.29.31:758][  0]LightingResults: New page: Lighting Build
[2020.05.03-15.29.32:330][  0]LogAIModule: Creating AISystem for world StartupMap
[2020.05.03-15.29.32:341][  0]LogEditorServer: Finished looking for orphan Actors (0.000 secs)
[2020.05.03-15.29.32:363][  0]Cmd: MAP CHECKDEP NOCLEARLOG
[2020.05.03-15.29.32:475][  0]MapCheck: Map check complete: 0 Error(s), 0 Warning(s), took 112.486ms to complete.
[2020.05.03-15.29.32:475][  0]LogFileHelpers: Loading map 'StartupMap' took 0.722
[2020.05.03-15.29.32:716][  0]LogSlate: Updating window title bar state: overlay mode, drag disabled, window buttons hidden, title bar hidden
[2020.05.03-15.29.32:727][  0]LogSlate: Updating window title bar state: overlay mode, drag disabled, window buttons hidden, title bar hidden
[2020.05.03-15.29.32:735][  0]LogSlate: Updating window title bar state: overlay mode, drag disabled, window buttons hidden, title bar hidden
[2020.05.03-15.29.32:746][  0]LogSlate: Updating window title bar state: overlay mode, drag disabled, window buttons hidden, title bar hidden
[2020.05.03-15.29.32:763][  0]LogCollectionManager: Loaded 0 collections in 0.002440 seconds
[2020.05.03-15.29.32:831][  0]LogFileCache: Scanning file cache for directory 'E:/UE4/MyProjects/MyProject/Saved/Collections/' took 0.01s
[2020.05.03-15.29.32:831][  0]LogFileCache: Scanning file cache for directory 'E:/UE4/MyProjects/MyProject/Content/Developers/hasee/Collections/' took 0.01s
[2020.05.03-15.29.32:831][  0]LogFileCache: Scanning file cache for directory 'E:/UE4/MyProjects/MyProject/Content/Collections/' took 0.01s
[2020.05.03-15.29.32:831][  0]LogCollectionManager: Rebuilt the GUID cache for 0 collections in 0.000000 seconds
[2020.05.03-15.29.32:844][  0]LogContentBrowser: Native class hierarchy populated in 0.0139 seconds. Added 2572 classes and 603 folders.
[2020.05.03-15.29.32:893][  0]LogContentBrowser: Native class hierarchy updated for 'WidgetCarousel' in 0.0003 seconds. Added 0 classes and 0 folders.
[2020.05.03-15.29.33:594][  0]LogContentBrowser: Native class hierarchy updated for 'AddContentDialog' in 0.0004 seconds. Added 0 classes and 0 folders.
[2020.05.03-15.29.33:766][  0]LogContentBrowser: Native class hierarchy updated for 'SceneOutliner' in 0.0003 seconds. Added 1 classes and 2 folders.
[2020.05.03-15.29.33:792][  0]LogSlate: Took 0.000370 seconds to synchronously load lazily loaded font '../../../Engine/Content/Slate/Fonts/Roboto-Regular.ttf' (155K)
[2020.05.03-15.29.33:796][  0]LogSlate: Took 0.000350 seconds to synchronously load lazily loaded font '../../../Engine/Content/Slate/Fonts/Roboto-Bold.ttf' (160K)
[2020.05.03-15.29.33:820][  0]LogSlate: Took 0.014055 seconds to synchronously load lazily loaded font '../../../Engine/Content/Editor/Slate/Fonts/FontAwesome.ttf' (139K)
[2020.05.03-15.29.33:973][  0]LogRenderer: Reallocating scene render targets to support 928x460 Format 26 NumSamples 1 (Frame:1).
[2020.05.03-15.29.34:167][  0]LogContentBrowser: Native class hierarchy updated for 'HierarchicalLODOutliner' in 0.0003 seconds. Added 0 classes and 0 folders.
[2020.05.03-15.29.34:167][  0]LogLoad: (Engine Initialization) Total time: 14.05 seconds
[2020.05.03-15.29.34:167][  0]LogLoad: (Engine Initialization) Total Blueprint compile time: 0.00 seconds
[2020.05.03-15.29.34:211][  0]LogContentStreaming: Texture pool size now 1000 MB
[2020.05.03-15.29.34:265][  0]LogSlate: Took 0.011112 seconds to synchronously load lazily loaded font '../../../Engine/Content/Slate/Fonts/Roboto-Light.ttf' (167K)
[2020.05.03-15.29.34:291][  1]LogAssetRegistry: Asset discovery search completed in 7.9079 seconds
[2020.05.03-15.29.34:293][  1]LogCollectionManager: Rebuilt the object cache for 0 collections in 0.000000 seconds (found 0 objects)
[2020.05.03-15.29.34:293][  1]LogCollectionManager: Fixed up redirectors for 0 collections in 0.000060 seconds (updated 0 objects)
[2020.05.03-15.29.37:892][202]LogSlate: FSceneViewport::OnFocusLost() reason 0
[2020.05.03-15.29.43:131][504]LogSlate: Took 0.000302 seconds to synchronously load lazily loaded font '../../../Engine/Content/Slate/Fonts/Roboto-Light.ttf' (167K)
[2020.05.03-15.29.44:882][504]LogTexture: Display: Building textures: T_Chart_D (AutoDXT, 1024X1024)
[2020.05.03-15.29.44:882][504]LogTexture: Display: Building textures: T_Projector_N (BC5, 2048X2048)
[2020.05.03-15.29.44:882][504]LogTexture: Display: Building textures: T_Lockers_N (BC5, 2048X2048)
[2020.05.03-15.29.45:185][504]LogTexture: Display: Building textures: T_Tiles_N (BC5, 2048X2048)
[2020.05.03-15.29.45:185][504]LogTexture: Display: Building textures: T_Tiles_MT (AutoDXT, 2048X2048)
[2020.05.03-15.29.45:185][504]LogTexture: Display: Building textures: T_Lockers_D (AutoDXT, 2048X2048)
[2020.05.03-15.29.45:185][504]LogTexture: Display: Building textures: T_Laptop_D (AutoDXT, 2048X2048)
[2020.05.03-15.29.46:046][504]LogTexture: Display: Building textures: T_Lockers_MT (AutoDXT, 2048X2048)
[2020.05.03-15.29.46:046][504]LogTexture: Display: Building textures: T_linoleum_D (AutoDXT, 1024X1024)
[2020.05.03-15.29.46:046][504]LogTexture: Display: Building textures: T_Laptop_N (BC5, 2048X2048)
[2020.05.03-15.29.46:359][504]LogTexture: Display: Building textures: T_Laptop_MT (AutoDXT, 2048X2048)
[2020.05.03-15.29.46:359][504]LogTexture: Display: Building textures: T_Ceramic_MT (AutoDXT, 2048X2048)
[2020.05.03-15.29.46:359][504]LogTexture: Display: Building textures: T_Laptop_E (AutoDXT, 2048X2048)
[2020.05.03-15.29.48:321][504]LogTexture: Display: Building textures: T_Ceiling_MT (AutoDXT, 2048X2048)
[2020.05.03-15.29.48:321][504]LogTexture: Display: Building textures: T_hdri_D (RGBA16F, 1024X512)
[2020.05.03-15.29.48:321][504]LogTexture: Display: Building textures: T_Shelf_N (BC5, 2048X2048)
[2020.05.03-15.29.48:321][504]LogTexture: Display: Building textures: T_Shelf_MT (AutoDXT, 2048X2048)
[2020.05.03-15.29.48:321][504]LogTexture: Display: Building textures: T_Tubes_MT (AutoDXT, 2048X2048)
[2020.05.03-15.29.48:321][504]LogTexture: Display: Building textures: T_Doors_N (BC5, 2048X2048)
[2020.05.03-15.29.48:321][504]LogTexture: Display: Building textures: T_Radiator_MT (AutoDXT, 2048X2048)
[2020.05.03-15.29.50:450][504]LogTexture: Display: Building textures: T_Radiator_N (BC5, 2048X2048)
[2020.05.03-15.29.50:450][504]LogTexture: Display: Building textures: T_Vase1_N (BC5, 1024X1024)
[2020.05.03-15.29.50:450][504]LogTexture: Display: Building textures: T_Plant2_MT (AutoDXT, 1024X1024)
[2020.05.03-15.29.50:450][504]LogTexture: Display: Building textures: T_Plant2_N (BC5, 1024X1024)
[2020.05.03-15.29.50:450][504]LogTexture: Display: Building textures: T_Plant1_N (BC5, 1024X1024)
[2020.05.03-15.29.50:670][504]LogTexture: Display: Building textures: T_Plant1_MT (AutoDXT, 1024X1024)
[2020.05.03-15.29.51:339][504]LogTexture: Display: Building textures: T_Doors_MT (AutoDXT, 2048X2048)
[2020.05.03-15.29.51:775][504]LogTexture: Display: Building textures: T_Doors_D (AutoDXT, 2048X2048)
[2020.05.03-15.29.54:487][504]LogTexture: Display: Building textures: T_Flag_MT (AutoDXT, 2048X2048)
[2020.05.03-15.29.54:487][504]LogTexture: Display: Building textures: T_Flag_N (BC5, 2048X2048)
[2020.05.03-15.29.56:984][504]LogAIModule: Creating AISystem for world School
[2020.05.03-15.29.57:056][504]LogAssetEditorManager: Opening Asset editor for World /Game/ModularSchool/Scene/School.School
[2020.05.03-15.29.57:088][504]Cmd: MAP LOAD FILE="../../../../../MyProjects/MyProject/Content/ModularSchool/Scene/School.umap" TEMPLATE=0 SHOWPROGRESS=1 FEATURELEVEL=3
[2020.05.03-15.29.57:088][504]LightingResults: New page: Lighting Build
[2020.05.03-15.29.57:089][504]LoadErrors: New page: Loading map: School.umap
[2020.05.03-15.29.57:090][504]MapCheck: New page: Map Check
[2020.05.03-15.29.57:090][504]LightingResults: New page: Lighting Build
[2020.05.03-15.29.57:168][504]LogEditorServer: Finished looking for orphan Actors (0.000 secs)
[2020.05.03-15.29.57:214][504]Cmd: MAP CHECKDEP NOCLEARLOG
[2020.05.03-15.29.57:385][504]MapCheck: Map check complete: 0 Error(s), 0 Warning(s), took 170.569ms to complete.
[2020.05.03-15.29.57:388][504]LogFileHelpers: Loading map 'School' took 0.300
[2020.05.03-15.29.57:655][505]LogStaticMesh: Allocated 73x99x124 distance field atlas = 1.7Mb, with 1 objects containing 1.7Mb backing data
[2020.05.03-15.30.13:453][357]LogTemp: Repeating last play command: Selected Viewport
[2020.05.03-15.30.13:465][357]LogPlayLevel: PlayLevel: No blueprints needed recompiling
[2020.05.03-15.30.13:478][357]PIE: New page: PIE session: School (May 4, 2020, 7:30:13 AM)
[2020.05.03-15.30.13:478][357]LogPlayLevel: Creating play world package: /Game/ModularSchool/Scene/UEDPIE_0_School
[2020.05.03-15.30.13:562][357]LogPlayLevel: PIE: StaticDuplicateObject took: (0.083639s)
[2020.05.03-15.30.13:563][357]LogAIModule: Creating AISystem for world School
[2020.05.03-15.30.13:563][357]LogPlayLevel: PIE: World Init took: (0.001346s)
[2020.05.03-15.30.13:564][357]LogPlayLevel: PIE: Created PIE world by copying editor world from /Game/ModularSchool/Scene/School.School to /Game/ModularSchool/Scene/UEDPIE_0_School.School (0.085665s)
[2020.05.03-15.30.13:604][357]LogInit: XAudio2 using '扬声器 (Realtek High Definition Audio)' : 2 channels at 48 kHz using 32 bits per sample (channel mask 0x3)
[2020.05.03-15.30.13:659][357]LogInit: FAudioDevice initialized.
[2020.05.03-15.30.13:704][357]LogUObjectGlobals: Warning: Failed to find object 'Class None.'
[2020.05.03-15.30.13:704][357]LogLoad: Game class is 'GameModeBase'
[2020.05.03-15.30.13:726][357]LogWorld: Bringing World /Game/ModularSchool/Scene/UEDPIE_0_School.School up for play (max tick rate 60) at 2020.05.03-23.30.13
[2020.05.03-15.30.13:733][357]LogWorld: Bringing up level for play took: 0.027476
[2020.05.03-15.30.13:786][357]LogContentBrowser: Native class hierarchy updated for 'MovieSceneCapture' in 0.0003 seconds. Added 10 classes and 0 folders.
[2020.05.03-15.30.13:789][357]PIE: Play in editor start time for /Game/ModularSchool/Scene/UEDPIE_0_School 0.373
[2020.05.03-15.30.17:323][545]LogSlate: FSceneViewport::OnFocusLost() reason 0
[2020.05.03-15.30.17:405][548]LogSlate: Updating window title bar state: overlay mode, drag disabled, window buttons hidden, title bar hidden
[2020.05.03-15.30.17:470][548]LogPlayLevel: Display: Shutting down PIE online subsystems
[2020.05.03-15.30.17:499][548]LogSlate: Updating window title bar state: overlay mode, drag disabled, window buttons hidden, title bar hidden
[2020.05.03-15.30.17:522][549]LogPlayLevel: Display: Destroying online subsystem :Context_1
[2020.05.03-15.30.24:265][920]LogSlate: FSceneViewport::OnFocusLost() reason 2
[2020.05.03-15.30.24:319][920]LogSlate: Took 0.040903 seconds to synchronously load lazily loaded font '../../../Engine/Content/Slate/Fonts/DroidSansMono.ttf' (77K)
[2020.05.03-15.30.29:684][212]LogRenderer: Reallocating scene render targets to support 932x460 Format 26 NumSamples 1 (Frame:1511).
[2020.05.03-15.30.29:757][213]LogRenderer: Reallocating scene render targets to support 936x460 Format 26 NumSamples 1 (Frame:1513).
[2020.05.03-15.30.29:837][214]LogRenderer: Reallocating scene render targets to support 940x460 Format 26 NumSamples 1 (Frame:1515).
[2020.05.03-15.30.29:912][215]LogRenderer: Reallocating scene render targets to support 948x460 Format 26 NumSamples 1 (Frame:1517).
[2020.05.03-15.30.29:986][216]LogRenderer: Reallocating scene render targets to support 976x460 Format 26 NumSamples 1 (Frame:1519).
[2020.05.03-15.30.30:111][217]LogRenderer: Reallocating scene render targets to support 988x460 Format 26 NumSamples 1 (Frame:1521).
[2020.05.03-15.30.30:187][218]LogRenderer: Reallocating scene render targets to support 1044x460 Format 26 NumSamples 1 (Frame:1523).
[2020.05.03-15.30.30:281][219]LogRenderer: Reallocating scene render targets to support 1052x460 Format 26 NumSamples 1 (Frame:1525).
[2020.05.03-15.30.30:364][220]LogRenderer: Reallocating scene render targets to support 1120x460 Format 26 NumSamples 1 (Frame:1527).
[2020.05.03-15.30.30:437][221]LogRenderer: Reallocating scene render targets to support 1144x460 Format 26 NumSamples 1 (Frame:1529).
[2020.05.03-15.30.36:160][494]LogRenderer: Reallocating scene render targets to support 1152x460 Format 26 NumSamples 1 (Frame:1732).
[2020.05.03-15.30.36:233][495]LogRenderer: Reallocating scene render targets to support 1168x460 Format 26 NumSamples 1 (Frame:1734).
[2020.05.03-15.30.36:322][496]LogRenderer: Reallocating scene render targets to support 1208x460 Format 26 NumSamples 1 (Frame:1736).
[2020.05.03-15.30.36:411][497]LogRenderer: Reallocating scene render targets to support 1364x460 Format 26 NumSamples 1 (Frame:1738).
[2020.05.03-15.30.36:590][499]LogRenderer: Reallocating scene render targets to support 1480x460 Format 26 NumSamples 1 (Frame:1742).
[2020.05.03-15.30.36:665][500]LogRenderer: Reallocating scene render targets to support 1484x460 Format 26 NumSamples 1 (Frame:1744).
[2020.05.03-15.30.38:261][580]LogRenderer: Reallocating scene render targets to support 1484x464 Format 26 NumSamples 1 (Frame:1798).
[2020.05.03-15.30.38:338][581]LogRenderer: Reallocating scene render targets to support 1484x480 Format 26 NumSamples 1 (Frame:1800).
[2020.05.03-15.30.38:436][582]LogRenderer: Reallocating scene render targets to support 1484x536 Format 26 NumSamples 1 (Frame:1802).
[2020.05.03-15.30.38:540][583]LogRenderer: Reallocating scene render targets to support 1484x584 Format 26 NumSamples 1 (Frame:1804).
[2020.05.03-15.30.38:619][584]LogRenderer: Reallocating scene render targets to support 1484x656 Format 26 NumSamples 1 (Frame:1806).
[2020.05.03-15.30.38:691][585]LogRenderer: Reallocating scene render targets to support 1484x696 Format 26 NumSamples 1 (Frame:1808).
[2020.05.03-15.30.38:767][586]LogRenderer: Reallocating scene render targets to support 1484x724 Format 26 NumSamples 1 (Frame:1810).
[2020.05.03-15.30.46:657][845]LogTemp: Repeating last play command: Selected Viewport
[2020.05.03-15.30.46:673][845]LogPlayLevel: PlayLevel: No blueprints needed recompiling
[2020.05.03-15.30.46:673][845]PIE: New page: PIE session: School (May 4, 2020, 7:30:46 AM)
[2020.05.03-15.30.46:673][845]LogPlayLevel: Creating play world package: /Game/ModularSchool/Scene/UEDPIE_0_School
[2020.05.03-15.30.46:763][845]LogPlayLevel: PIE: StaticDuplicateObject took: (0.090396s)
[2020.05.03-15.30.46:764][845]LogAIModule: Creating AISystem for world School
[2020.05.03-15.30.46:764][845]LogPlayLevel: PIE: World Init took: (0.001025s)
[2020.05.03-15.30.46:764][845]LogPlayLevel: PIE: Created PIE world by copying editor world from /Game/ModularSchool/Scene/School.School to /Game/ModularSchool/Scene/UEDPIE_0_School.School (0.091770s)
[2020.05.03-15.30.46:811][845]LogInit: XAudio2 using '扬声器 (Realtek High Definition Audio)' : 2 channels at 48 kHz using 32 bits per sample (channel mask 0x3)
[2020.05.03-15.30.46:870][845]LogInit: FAudioDevice initialized.
[2020.05.03-15.30.46:905][845]LogUObjectGlobals: Warning: Failed to find object 'Class None.'
[2020.05.03-15.30.46:906][845]LogLoad: Game class is 'GameModeBase'
[2020.05.03-15.30.46:929][845]LogWorld: Bringing World /Game/ModularSchool/Scene/UEDPIE_0_School.School up for play (max tick rate 60) at 2020.05.03-23.30.46
[2020.05.03-15.30.46:936][845]LogWorld: Bringing up level for play took: 0.029477
[2020.05.03-15.30.46:952][845]PIE: Play in editor start time for /Game/ModularSchool/Scene/UEDPIE_0_School -0.464
[2020.05.03-15.34.01:261][776]LogSlate: FSceneViewport::OnFocusLost() reason 0
[2020.05.03-15.34.01:358][780]LogSlate: Updating window title bar state: overlay mode, drag disabled, window buttons hidden, title bar hidden
[2020.05.03-15.34.01:431][780]LogPlayLevel: Display: Shutting down PIE online subsystems
[2020.05.03-15.34.01:472][780]LogSlate: Updating window title bar state: overlay mode, drag disabled, window buttons hidden, title bar hidden
[2020.05.03-15.34.01:512][781]LogPlayLevel: Display: Destroying online subsystem :Context_2
[2020.05.03-15.34.32:187][843]LogSlate: Window 'MyProject - Unreal Editor' being destroyed
[2020.05.03-15.34.32:196][843]LogWindowsTextInputMethodSystem: Display: IME system now activated using TSF (搜狗拼音输入法).
[2020.05.03-15.34.32:516][844]Cmd: QUIT_EDITOR
[2020.05.03-15.34.33:532][844]LogExit: Preparing to exit.
[2020.05.03-15.34.35:234][844]LogExit: Editor shut down
[2020.05.03-15.34.35:235][844]LogExit: Transaction tracking system shut down
[2020.05.03-15.34.35:825][844]LogExit: Object subsystem successfully closed.
[2020.05.03-15.34.35:853][844]LogShaderCompilers: Display: Shaders left to compile 0
[2020.05.03-15.34.35:859][844]LogD3D11RHI: Shutdown
[2020.05.03-15.34.35:859][844]LogD3D11RHI: CleanupD3DDevice
[2020.05.03-15.34.35:900][844]LogD3D11RHI: ~FD3D11DynamicRHI
[2020.05.03-15.34.35:923][844]LogModuleManager: Shutting down and abandoning module MovieSceneCapture (614)
[2020.05.03-15.34.35:923][844]LogModuleManager: Shutting down and abandoning module Voice (612)
[2020.05.03-15.34.35:928][844]LogModuleManager: Shutting down and abandoning module HierarchicalLODOutliner (610)
[2020.05.03-15.34.35:928][844]LogModuleManager: Shutting down and abandoning module SceneOutliner (608)
[2020.05.03-15.34.35:928][844]LogModuleManager: Shutting down and abandoning module AddContentDialog (606)
[2020.05.03-15.34.35:929][844]LogModuleManager: Shutting down and abandoning module WidgetCarousel (605)
[2020.05.03-15.34.35:929][844]LogModuleManager: Shutting down and abandoning module EditorWidgets (602)
[2020.05.03-15.34.35:929][844]LogModuleManager: Shutting down and abandoning module CollectionManager (600)
[2020.05.03-15.34.35:930][844]LogModuleManager: Shutting down and abandoning module StatsViewer (598)
[2020.05.03-15.34.35:930][844]LogModuleManager: Shutting down and abandoning module FoliageEdit (596)
[2020.05.03-15.34.35:930][844]LogModuleManager: Shutting down and abandoning module LandscapeEditor (594)
[2020.05.03-15.34.35:930][844]LogModuleManager: Shutting down and abandoning module MeshPaintMode (592)
[2020.05.03-15.34.35:930][844]LogModuleManager: Shutting down and abandoning module SceneDepthPickerMode (590)
[2020.05.03-15.34.35:930][844]LogModuleManager: Shutting down and abandoning module ActorPickerMode (588)
[2020.05.03-15.34.35:930][844]LogModuleManager: Shutting down and abandoning module GeometryMode (586)
[2020.05.03-15.34.35:930][844]LogModuleManager: Shutting down and abandoning module TextureAlignMode (584)
[2020.05.03-15.34.35:930][844]LogModuleManager: Shutting down and abandoning module BspMode (582)
[2020.05.03-15.34.35:930][844]LogModuleManager: Shutting down and abandoning module PIEPreviewDeviceProfileSelector (580)
[2020.05.03-15.34.35:930][844]LogModuleManager: Shutting down and abandoning module SequenceRecorderSections (578)
[2020.05.03-15.34.35:930][844]LogModuleManager: Shutting down and abandoning module AutomationWorker (576)
[2020.05.03-15.34.35:930][844]LogModuleManager: Shutting down and abandoning module AudioCaptureEditor (574)
[2020.05.03-15.34.35:930][844]LogModuleManager: Shutting down and abandoning module SequenceRecorder (573)
[2020.05.03-15.34.35:930][844]LogModuleManager: Shutting down and abandoning module MatineeToLevelSequence (570)
[2020.05.03-15.34.35:930][844]LogModuleManager: Shutting down and abandoning module LevelSequenceEditor (568)
[2020.05.03-15.34.35:930][844]LogModuleManager: Shutting down and abandoning module PlacementMode (567)
[2020.05.03-15.34.35:930][844]LogModuleManager: Shutting down and abandoning module MaterialEditor (566)
[2020.05.03-15.34.35:930][844]LogModuleManager: Shutting down and abandoning module WmfMediaFactory (562)
[2020.05.03-15.34.35:930][844]LogModuleManager: Shutting down and abandoning module WmfMediaEditor (560)
[2020.05.03-15.34.35:930][844]LogModuleManager: Shutting down and abandoning module MediaPlayerEditor (558)
[2020.05.03-15.34.35:930][844]LogModuleManager: Shutting down and abandoning module OpenExrWrapper (556)
[2020.05.03-15.34.35:930][844]LogModuleManager: Shutting down and abandoning module ImgMediaFactory (554)
[2020.05.03-15.34.35:930][844]LogModuleManager: Shutting down and abandoning module ImgMediaEditor (552)
[2020.05.03-15.34.35:930][844]LogModuleManager: Shutting down and abandoning module AvfMediaFactory (550)
[2020.05.03-15.34.35:930][844]LogModuleManager: Shutting down and abandoning module AvfMediaEditor (548)
[2020.05.03-15.34.35:931][844]LogModuleManager: Shutting down and abandoning module AndroidMediaFactory (546)
[2020.05.03-15.34.35:931][844]LogModuleManager: Shutting down and abandoning module AndroidMediaEditor (544)
[2020.05.03-15.34.35:931][844]LogModuleManager: Shutting down and abandoning module MagicLeapCameraPreviewFactory (542)
[2020.05.03-15.34.35:931][844]LogModuleManager: Shutting down and abandoning module MagicLeapMediaFactory (540)
[2020.05.03-15.34.35:931][844]LogModuleManager: Shutting down and abandoning module MagicLeapMediaEditor (538)
[2020.05.03-15.34.35:931][844]LogModuleManager: Shutting down and abandoning module CharacterAI (536)
[2020.05.03-15.34.35:931][844]LogModuleManager: Shutting down and abandoning module SmartSnapping (534)
[2020.05.03-15.34.35:931][844]LogModuleManager: Shutting down and abandoning module SessionServices (532)
[2020.05.03-15.34.35:931][844]LogModuleManager: Shutting down and abandoning module ViewportSnapping (530)
[2020.05.03-15.34.35:931][844]LogModuleManager: Shutting down and abandoning module ViewportInteraction (528)
[2020.05.03-15.34.35:931][844]LogModuleManager: Shutting down and abandoning module ClothPainter (526)
[2020.05.03-15.34.35:931][844]LogModuleManager: Shutting down and abandoning module SkeletalMeshEditor (525)
[2020.05.03-15.34.35:931][844]LogModuleManager: Shutting down and abandoning module LogVisualizer (522)
[2020.05.03-15.34.35:931][844]LogModuleManager: Shutting down and abandoning module IntroTutorials (520)
[2020.05.03-15.34.35:931][844]LogModuleManager: Shutting down and abandoning module GameProjectGeneration (519)
[2020.05.03-15.34.35:931][844]LogModuleManager: Shutting down and abandoning module LuminPlatformEditor (516)
[2020.05.03-15.34.35:931][844]LogModuleManager: Shutting down and abandoning module IOSPlatformEditor (514)
[2020.05.03-15.34.35:931][844]LogModuleManager: Shutting down and abandoning module HTML5PlatformEditor (512)
[2020.05.03-15.34.35:932][844]LogModuleManager: Shutting down and abandoning module AndroidPlatformEditor (510)
[2020.05.03-15.34.35:932][844]LogModuleManager: Shutting down and abandoning module AndroidDeviceDetection (509)
[2020.05.03-15.34.36:238][844]LogModuleManager: Shutting down and abandoning module WindowsPlatformEditor (506)
[2020.05.03-15.34.36:238][844]LogModuleManager: Shutting down and abandoning module LuminRuntimeSettings (504)
[2020.05.03-15.34.36:238][844]LogModuleManager: Shutting down and abandoning module IOSRuntimeSettings (502)
[2020.05.03-15.34.36:238][844]LogModuleManager: Shutting down and abandoning module AndroidRuntimeSettings (500)
[2020.05.03-15.34.36:238][844]LogModuleManager: Shutting down and abandoning module InputBindingEditor (498)
[2020.05.03-15.34.36:238][844]LogModuleManager: Shutting down and abandoning module MergeActors (496)
[2020.05.03-15.34.36:238][844]LogModuleManager: Shutting down and abandoning module LocalizationDashboard (494)
[2020.05.03-15.34.36:238][844]LogModuleManager: Shutting down and abandoning module LocalizationService (493)
[2020.05.03-15.34.36:238][844]LogModuleManager: Shutting down and abandoning module HardwareTargeting (490)
[2020.05.03-15.34.36:239][844]LogModuleManager: Shutting down and abandoning module DeviceProfileEditor (488)
[2020.05.03-15.34.36:239][844]LogModuleManager: Shutting down and abandoning module UndoHistory (486)
[2020.05.03-15.34.36:239][844]LogModuleManager: Shutting down and abandoning module XmlParser (484)
[2020.05.03-15.34.36:239][844]LogModuleManager: Shutting down and abandoning module Blutility (482)
[2020.05.03-15.34.36:239][844]LogModuleManager: Shutting down and abandoning module ProjectSettingsViewer (480)
[2020.05.03-15.34.36:239][844]LogModuleManager: Shutting down and abandoning module ProjectTargetPlatformEditor (479)
[2020.05.03-15.34.36:239][844]LogModuleManager: Shutting down and abandoning module EditorSettingsViewer (476)
[2020.05.03-15.34.36:239][844]LogModuleManager: Shutting down and abandoning module SettingsEditor (474)
[2020.05.03-15.34.36:239][844]LogModuleManager: Shutting down and abandoning module ProjectLauncher (472)
[2020.05.03-15.34.36:239][844]LogModuleManager: Shutting down and abandoning module SessionFrontend (470)
[2020.05.03-15.34.36:239][844]LogModuleManager: Shutting down and abandoning module ProfilerClient (468)
[2020.05.03-15.34.36:239][844]LogModuleManager: Shutting down and abandoning module DeviceManager (466)
[2020.05.03-15.34.36:239][844]LogModuleManager: Shutting down and abandoning module TargetDeviceServices (465)
[2020.05.03-15.34.36:294][844]LogModuleManager: Shutting down and abandoning module AutomationController (462)
[2020.05.03-15.34.36:294][844]LogModuleManager: Shutting down and abandoning module AutomationWindow (460)
[2020.05.03-15.34.36:294][844]LogModuleManager: Shutting down and abandoning module Layers (458)
[2020.05.03-15.34.36:294][844]LogModuleManager: Shutting down and abandoning module ComponentVisualizers (456)
[2020.05.03-15.34.36:294][844]LogModuleManager: Shutting down and abandoning module DetailCustomizations (454)
[2020.05.03-15.34.36:294][844]LogModuleManager: Shutting down and abandoning module PackagesDialog (452)
[2020.05.03-15.34.36:294][844]LogModuleManager: Shutting down and abandoning module Persona (450)
[2020.05.03-15.34.36:294][844]LogModuleManager: Shutting down and abandoning module AdvancedPreviewScene (449)
[2020.05.03-15.34.36:294][844]LogModuleManager: Shutting down and abandoning module AnimGraph (447)
[2020.05.03-15.34.36:294][844]LogModuleManager: Shutting down and abandoning module Kismet (444)
[2020.05.03-15.34.36:294][844]LogModuleManager: Shutting down and abandoning module GraphEditor (442)
[2020.05.03-15.34.36:294][844]LogModuleManager: Shutting down and abandoning module ClassViewer (440)
[2020.05.03-15.34.36:294][844]LogModuleManager: Shutting down and abandoning module Toolbox (438)
[2020.05.03-15.34.36:294][844]LogModuleManager: Shutting down and abandoning module ModuleUI (436)
[2020.05.03-15.34.36:294][844]LogModuleManager: Shutting down and abandoning module MovieSceneTools (434)
[2020.05.03-15.34.36:294][844]LogModuleManager: Shutting down and abandoning module OutputLog (432)
[2020.05.03-15.34.36:295][844]LogModuleManager: Shutting down and abandoning module GammaUI (430)
[2020.05.03-15.34.36:295][844]LogModuleManager: Shutting down and abandoning module Documentation (428)
[2020.05.03-15.34.36:295][844]LogModuleManager: Shutting down and abandoning module MovieSceneTracks (426)
[2020.05.03-15.34.36:295][844]LogModuleManager: Shutting down and abandoning module MovieScene (424)
[2020.05.03-15.34.36:295][844]LogModuleManager: Shutting down and abandoning module StreamingPauseRendering (422)
[2020.05.03-15.34.36:295][844]LogModuleManager: Shutting down and abandoning module LauncherPlatform (420)
[2020.05.03-15.34.36:295][844]LogModuleManager: Shutting down and abandoning module AnalyticsET (418)
[2020.05.03-15.34.36:295][844]LogModuleManager: Shutting down and abandoning module PortalServices (416)
[2020.05.03-15.34.36:295][844]LogModuleManager: Shutting down and abandoning module PortalRpc (414)
[2020.05.03-15.34.36:295][844]LogModuleManager: Shutting down and abandoning module MessagingRpc (412)
[2020.05.03-15.34.36:295][844]LogModuleManager: Shutting down and abandoning module AIModule (410)
[2020.05.03-15.34.36:295][844]LogModuleManager: Shutting down and abandoning module GameplayDebugger (409)
[2020.05.03-15.34.36:295][844]LogModuleManager: Shutting down and abandoning module AITestSuite (407)
[2020.05.03-15.34.36:295][844]LogModuleManager: Shutting down and abandoning module NavigationSystem (405)
[2020.05.03-15.34.36:295][844]LogModuleManager: Shutting down and abandoning module DesktopPlatform (402)
[2020.05.03-15.34.36:295][844]LogModuleManager: Shutting down and abandoning module ProfilerService (400)
[2020.05.03-15.34.36:311][844]LogModuleManager: Shutting down and abandoning module TaskGraph (398)
[2020.05.03-15.34.36:311][844]LogModuleManager: Shutting down and abandoning module SteamVRController (396)
[2020.05.03-15.34.36:311][844]LogModuleManager: Shutting down and abandoning module ProceduralMeshComponentEditor (394)
[2020.05.03-15.34.36:311][844]LogModuleManager: Shutting down and abandoning module ProceduralMeshComponent (392)
[2020.05.03-15.34.36:311][844]LogModuleManager: Shutting down and abandoning module OculusInput (390)
[2020.05.03-15.34.36:311][844]LogModuleManager: Shutting down and abandoning module MobilePatchingUtils (388)
[2020.05.03-15.34.36:311][844]LogModuleManager: Shutting down and abandoning module EditableMesh (386)
[2020.05.03-15.34.36:312][844]LogModuleManager: Shutting down and abandoning module CustomMeshComponent (384)
[2020.05.03-15.34.36:312][844]LogModuleManager: Shutting down and abandoning module CableComponent (382)
[2020.05.03-15.34.36:312][844]LogModuleManager: Shutting down and abandoning module AudioCapture (380)
[2020.05.03-15.34.36:312][844]LogModuleManager: Shutting down and abandoning module ArchVisCharacter (378)
[2020.05.03-15.34.36:312][844]LogModuleManager: Shutting down and abandoning module AndroidPermission (376)
[2020.05.03-15.34.36:312][844]LogModuleManager: Shutting down and abandoning module NUTUnrealEngine4 (374)
[2020.05.03-15.34.36:312][844]LogModuleManager: Shutting down and abandoning module NetcodeUnitTest (372)
[2020.05.03-15.34.36:312][844]LogModuleManager: Shutting down and abandoning module MediaCompositingEditor (370)
[2020.05.03-15.34.36:312][844]LogModuleManager: Shutting down and abandoning module MediaCompositing (368)
[2020.05.03-15.34.36:312][844]LogModuleManager: Shutting down and abandoning module LinearTimecode (366)
[2020.05.03-15.34.36:312][844]LogModuleManager: Shutting down and abandoning module ImgMedia (364)
[2020.05.03-15.34.36:316][844]LogModuleManager: Shutting down and abandoning module HTML5Networking (362)
[2020.05.03-15.34.36:316][844]LogModuleManager: Shutting down and abandoning module GeometryCacheTracks (360)
[2020.05.03-15.34.36:316][844]LogModuleManager: Shutting down and abandoning module GeometryCacheSequencer (358)
[2020.05.03-15.34.36:316][844]LogModuleManager: Shutting down and abandoning module BackChannel (356)
[2020.05.03-15.34.36:316][844]LogModuleManager: Shutting down and abandoning module AppleVision (354)
[2020.05.03-15.34.36:316][844]LogModuleManager: Shutting down and abandoning module AppleImageUtils (352)
[2020.05.03-15.34.36:316][844]LogModuleManager: Shutting down and abandoning module AlembicImporter (350)
[2020.05.03-15.34.36:316][844]LogModuleManager: Shutting down and abandoning module AlembicLibrary (349)
[2020.05.03-15.34.36:316][844]LogModuleManager: Shutting down and abandoning module GeometryCache (348)
[2020.05.03-15.34.36:316][844]LogModuleManager: Shutting down and abandoning module GeometryCacheEd (347)
[2020.05.03-15.34.36:316][844]LogModuleManager: Shutting down and abandoning module DatasmithContentEditor (342)
[2020.05.03-15.34.36:316][844]LogModuleManager: Shutting down and abandoning module DatasmithContent (340)
[2020.05.03-15.34.36:317][844]LogModuleManager: Shutting down and abandoning module SpeedTreeImporter (338)
[2020.05.03-15.34.36:317][844]LogModuleManager: Shutting down and abandoning module PluginBrowser (336)
[2020.05.03-15.34.36:317][844]LogModuleManager: Shutting down and abandoning module MobileLauncherProfileWizard (334)
[2020.05.03-15.34.36:317][844]LogModuleManager: Shutting down and abandoning module PolygonModeling (332)
[2020.05.03-15.34.36:317][844]LogModuleManager: Shutting down and abandoning module MeshEditor (330)
[2020.05.03-15.34.36:318][844]LogModuleManager: Shutting down and abandoning module CryptoKeysOpenSSL (328)
[2020.05.03-15.34.36:318][844]LogModuleManager: Shutting down and abandoning module CryptoKeys (326)
[2020.05.03-15.34.36:318][844]LogModuleManager: Shutting down and abandoning module VisualStudioSourceCodeAccess (324)
[2020.05.03-15.34.36:318][844]LogModuleManager: Shutting down and abandoning module VisualStudioCodeSourceCodeAccess (322)
[2020.05.03-15.34.36:318][844]LogModuleManager: Shutting down and abandoning module UObjectPlugin (320)
[2020.05.03-15.34.36:318][844]LogModuleManager: Shutting down and abandoning module SubversionSourceControl (318)
[2020.05.03-15.34.36:318][844]LogModuleManager: Shutting down and abandoning module PerforceSourceControl (316)
[2020.05.03-15.34.36:318][844]LogModuleManager: Shutting down and abandoning module GitSourceControl (314)
[2020.05.03-15.34.36:318][844]LogModuleManager: Shutting down and abandoning module SourceControl (313)
[2020.05.03-15.34.36:318][844]LogModuleManager: Shutting down and abandoning module CLionSourceCodeAccess (310)
[2020.05.03-15.34.36:318][844]LogModuleManager: Shutting down and abandoning module LightPropagationVolumeEditor (308)
[2020.05.03-15.34.36:318][844]LogModuleManager: Shutting down and abandoning module PaperTiledImporter (306)
[2020.05.03-15.34.36:318][844]LogModuleManager: Shutting down and abandoning module PaperSpriteSheetImporter (304)
[2020.05.03-15.34.36:318][844]LogModuleManager: Shutting down and abandoning module Paper2DEditor (302)
[2020.05.03-15.34.36:318][844]LogModuleManager: Shutting down and abandoning module MeshPaint (301)
[2020.05.03-15.34.36:318][844]LogModuleManager: Shutting down and abandoning module RuntimePhysXCooking (298)
[2020.05.03-15.34.36:318][844]LogModuleManager: Shutting down and abandoning module PhysXVehiclesEditor (296)
[2020.05.03-15.34.36:318][844]LogModuleManager: Shutting down and abandoning module PhysXVehicles (294)
[2020.05.03-15.34.36:318][844]LogModuleManager: Shutting down and abandoning module OculusEditor (292)
[2020.05.03-15.34.36:318][844]LogModuleManager: Shutting down and abandoning module LocationServicesBPLibrary (290)
[2020.05.03-15.34.36:318][844]LogModuleManager: Shutting down and abandoning module ImmediatePhysicsEditor (288)
[2020.05.03-15.34.36:318][844]LogModuleManager: Shutting down and abandoning module ImmediatePhysics (286)
[2020.05.03-15.34.36:318][844]LogModuleManager: Shutting down and abandoning module ActorSequence (284)
[2020.05.03-15.34.36:318][844]LogModuleManager: Shutting down and abandoning module UdpMessaging (282)
[2020.05.03-15.34.36:420][844]LogModuleManager: Shutting down and abandoning module TcpMessaging (280)
[2020.05.03-15.34.36:520][844]LogModuleManager: Shutting down and abandoning module MagicLeapAudio (278)
[2020.05.03-15.34.36:520][844]LogModuleManager: Shutting down and abandoning module GameplayTagsEditor (276)
[2020.05.03-15.34.36:520][844]LogModuleManager: Shutting down and abandoning module FacialAnimationEditor (274)
[2020.05.03-15.34.36:520][844]LogModuleManager: Shutting down and abandoning module FacialAnimation (272)
[2020.05.03-15.34.36:520][844]LogModuleManager: Shutting down and abandoning module DataValidation (270)
[2020.05.03-15.34.36:520][844]LogModuleManager: Shutting down and abandoning module AssetManagerEditor (268)
[2020.05.03-15.34.36:520][844]LogModuleManager: Shutting down and abandoning module LevelEditor (267)
[2020.05.03-15.34.36:522][844]LogModuleManager: Shutting down and abandoning module PixelInspectorModule (266)
[2020.05.03-15.34.36:522][844]LogModuleManager: Shutting down and abandoning module CommonMenuExtensions (264)
[2020.05.03-15.34.36:522][844]LogModuleManager: Shutting down and abandoning module MainFrame (262)
[2020.05.03-15.34.36:522][844]LogModuleManager: Shutting down and abandoning module HotReload (261)
[2020.05.03-15.34.36:523][844]LogModuleManager: Shutting down and abandoning module ContentBrowser (257)
[2020.05.03-15.34.36:524][844]LogModuleManager: Shutting down and abandoning module TreeMap (255)
[2020.05.03-15.34.36:524][844]LogModuleManager: Shutting down and abandoning module LightPropagationVolumeRuntime (252)
[2020.05.03-15.34.36:524][844]LogModuleManager: Shutting down and abandoning module AISupportModule (250)
[2020.05.03-15.34.36:524][844]LogModuleManager: Shutting down and abandoning module Paper2D (248)
[2020.05.03-15.34.36:524][844]LogModuleManager: Shutting down and abandoning module WindowsMoviePlayer (246)
[2020.05.03-15.34.36:524][844]LogModuleManager: Shutting down and abandoning module WmfMedia (244)
[2020.05.03-15.34.36:526][844]LogModuleManager: Shutting down and abandoning module Media (243)
[2020.05.03-15.34.36:532][844]LogModuleManager: Shutting down and abandoning module PacketHandler (240)
[2020.05.03-15.34.36:532][844]LogModuleManager: Shutting down and abandoning module ClothingSystemEditor (238)
[2020.05.03-15.34.36:532][844]LogModuleManager: Shutting down and abandoning module ClothingSystemRuntime (236)
[2020.05.03-15.34.36:532][844]LogModuleManager: Shutting down and abandoning module MediaAssets (234)
[2020.05.03-15.34.36:532][844]LogModuleManager: Shutting down and abandoning module Overlay (232)
[2020.05.03-15.34.36:532][844]LogModuleManager: Shutting down and abandoning module OverlayEditor (231)
[2020.05.03-15.34.36:532][844]LogModuleManager: Shutting down and abandoning module VREditor (228)
[2020.05.03-15.34.36:532][844]LogModuleManager: Shutting down and abandoning module StringTableEditor (226)
[2020.05.03-15.34.36:532][844]LogModuleManager: Shutting down and abandoning module GameplayTasksEditor (224)
[2020.05.03-15.34.36:532][844]LogModuleManager: Shutting down and abandoning module BehaviorTreeEditor (222)
[2020.05.03-15.34.36:533][844]LogModuleManager: Shutting down and abandoning module FunctionalTesting (220)
[2020.05.03-15.34.36:533][844]LogModuleManager: Shutting down and abandoning module CollisionAnalyzer (218)
[2020.05.03-15.34.36:533][844]LogModuleManager: Shutting down and abandoning module WorkspaceMenuStructure (217)
[2020.05.03-15.34.36:533][844]LogModuleManager: Shutting down and abandoning module UMG (214)
[2020.05.03-15.34.36:533][844]LogModuleManager: Shutting down and abandoning module UMGEditor (213)
[2020.05.03-15.34.36:533][844]LogModuleManager: Shutting down and abandoning module Sequencer (212)
[2020.05.03-15.34.36:533][844]LogModuleManager: Shutting down and abandoning module MessageLog (209)
[2020.05.03-15.34.36:533][844]LogModuleManager: Shutting down and abandoning module SlateReflector (204)
[2020.05.03-15.34.36:533][844]LogModuleManager: Shutting down and abandoning module Slate (202)
[2020.05.03-15.34.36:533][844]LogModuleManager: Shutting down and abandoning module EditorStyle (200)
[2020.05.03-15.34.36:535][844]LogModuleManager: Shutting down and abandoning module MRMesh (198)
[2020.05.03-15.34.36:535][844]LogModuleManager: Shutting down and abandoning module SourceCodeAccess (196)
[2020.05.03-15.34.36:535][844]LogModuleManager: Shutting down and abandoning module HeadMountedDisplay (194)
[2020.05.03-15.34.36:535][844]LogModuleManager: Shutting down and abandoning module XAudio2 (192)
[2020.05.03-15.34.36:535][844]LogModuleManager: Shutting down and abandoning module Networking (190)
[2020.05.03-15.34.36:535][844]LogModuleManager: Shutting down and abandoning module Core (188)
[2020.05.03-15.34.36:535][844]LogModuleManager: Shutting down and abandoning module LevelSequence (186)
[2020.05.03-15.34.36:535][844]LogModuleManager: Shutting down and abandoning module KismetCompiler (184)
[2020.05.03-15.34.36:535][844]LogModuleManager: Shutting down and abandoning module MeshUtilities (182)
[2020.05.03-15.34.36:535][844]LogModuleManager: Shutting down and abandoning module MeshMergeUtilities (181)
[2020.05.03-15.34.36:535][844]LogModuleManager: Shutting down and abandoning module MeshReductionInterface (180)
[2020.05.03-15.34.36:535][844]LogModuleManager: Shutting down and abandoning module SimplygonSwarm (179)
[2020.05.03-15.34.36:536][844]LogModuleManager: Shutting down and abandoning module ProxyLODMeshReduction (177)
[2020.05.03-15.34.36:536][844]LogModuleManager: Shutting down and abandoning module SimplygonMeshReduction (175)
[2020.05.03-15.34.36:536][844]LogModuleManager: Shutting down and abandoning module QuadricMeshReduction (173)
[2020.05.03-15.34.36:536][844]LogModuleManager: Shutting down and abandoning module MaterialBaking (169)
[2020.05.03-15.34.36:536][844]LogModuleManager: Shutting down and abandoning module DirectoryWatcher (165)
[2020.05.03-15.34.36:536][844]LogModuleManager: Shutting down and abandoning module DerivedDataCache (162)
[2020.05.03-15.34.36:629][844]LogDerivedDataCache: Shutdown
[2020.05.03-15.34.36:629][844]LogModuleManager: Shutting down and abandoning module XGEController (160)
[2020.05.03-15.34.36:629][844]LogModuleManager: Shutting down and abandoning module TargetPlatform (158)
[2020.05.03-15.34.36:629][844]LogModuleManager: Shutting down and abandoning module VulkanShaderFormat (157)
[2020.05.03-15.34.36:629][844]LogModuleManager: Shutting down and abandoning module ShaderFormatVectorVM (155)
[2020.05.03-15.34.36:630][844]LogModuleManager: Shutting down and abandoning module ShaderFormatOpenGL (153)
[2020.05.03-15.34.36:630][844]LogModuleManager: Shutting down and abandoning module ShaderFormatD3D (151)
[2020.05.03-15.34.36:630][844]LogModuleManager: Shutting down and abandoning module MetalShaderFormat (149)
[2020.05.03-15.34.36:630][844]LogModuleManager: Shutting down and abandoning module TextureFormatUncompressed (147)
[2020.05.03-15.34.36:630][844]LogModuleManager: Shutting down and abandoning module TextureFormatPVR (145)
[2020.05.03-15.34.36:630][844]LogModuleManager: Shutting down and abandoning module TextureFormatDXT (143)
[2020.05.03-15.34.36:630][844]LogModuleManager: Shutting down and abandoning module TextureFormatIntelISPCTexComp (141)
[2020.05.03-15.34.36:630][844]LogModuleManager: Shutting down and abandoning module TextureFormatASTC (139)
[2020.05.03-15.34.36:630][844]LogModuleManager: Shutting down and abandoning module ImageWrapper (138)
[2020.05.03-15.34.36:630][844]LogModuleManager: Shutting down and abandoning module TextureFormatAndroid (135)
[2020.05.03-15.34.36:630][844]LogModuleManager: Shutting down and abandoning module AudioFormatOpus (133)
[2020.05.03-15.34.36:630][844]LogModuleManager: Shutting down and abandoning module AudioFormatOgg (131)
[2020.05.03-15.34.36:630][844]LogModuleManager: Shutting down and abandoning module AudioFormatADPCM (129)
[2020.05.03-15.34.36:630][844]LogModuleManager: Shutting down and abandoning module LuminTargetPlatform (127)
[2020.05.03-15.34.36:630][844]LogModuleManager: Shutting down and abandoning module LinuxTargetPlatform (125)
[2020.05.03-15.34.36:630][844]LogModuleManager: Shutting down and abandoning module LinuxServerTargetPlatform (123)
[2020.05.03-15.34.36:631][844]LogModuleManager: Shutting down and abandoning module LinuxNoEditorTargetPlatform (121)
[2020.05.03-15.34.36:631][844]LogModuleManager: Shutting down and abandoning module LinuxClientTargetPlatform (119)
[2020.05.03-15.34.36:631][844]LogModuleManager: Shutting down and abandoning module TVOSTargetPlatform (117)
[2020.05.03-15.34.36:632][844]LogModuleManager: Shutting down and abandoning module Messaging (115)
[2020.05.03-15.34.36:632][844]LogModuleManager: Shutting down and abandoning module IOSTargetPlatform (113)
[2020.05.03-15.34.36:633][844]LogModuleManager: Shutting down and abandoning module HTML5TargetPlatform (111)
[2020.05.03-15.34.36:633][844]LogModuleManager: Shutting down and abandoning module AndroidTargetPlatform (109)
[2020.05.03-15.34.36:640][844]LogModuleManager: Shutting down and abandoning module WindowsTargetPlatform (107)
[2020.05.03-15.34.36:640][844]LogModuleManager: Shutting down and abandoning module WindowsServerTargetPlatform (105)
[2020.05.03-15.34.36:640][844]LogModuleManager: Shutting down and abandoning module WindowsNoEditorTargetPlatform (103)
[2020.05.03-15.34.36:640][844]LogModuleManager: Shutting down and abandoning module WindowsClientTargetPlatform (101)
[2020.05.03-15.34.36:640][844]LogModuleManager: Shutting down and abandoning module MacTargetPlatform (99)
[2020.05.03-15.34.36:640][844]LogModuleManager: Shutting down and abandoning module MacServerTargetPlatform (97)
[2020.05.03-15.34.36:640][844]LogModuleManager: Shutting down and abandoning module MacNoEditorTargetPlatform (95)
[2020.05.03-15.34.36:640][844]LogModuleManager: Shutting down and abandoning module MacClientTargetPlatform (93)
[2020.05.03-15.34.36:640][844]LogModuleManager: Shutting down and abandoning module AllDesktopTargetPlatform (91)
[2020.05.03-15.34.36:640][844]LogModuleManager: Shutting down and abandoning module InputCore (88)
[2020.05.03-15.34.36:640][844]LogModuleManager: Shutting down and abandoning module Settings (86)
[2020.05.03-15.34.36:641][844]LogModuleManager: Shutting down and abandoning module PhysXCooking (84)
[2020.05.03-15.34.36:641][844]LogModuleManager: Shutting down and abandoning module SteamVR (82)
[2020.05.03-15.34.36:641][844]LogModuleManager: Shutting down and abandoning module OculusHMD (80)
[2020.05.03-15.34.36:641][844]LogModuleManager: Shutting down and abandoning module ExampleDeviceProfileSelector (78)
[2020.05.03-15.34.36:641][844]LogModuleManager: Shutting down and abandoning module LauncherChunkInstaller (76)
[2020.05.03-15.34.36:641][844]LogModuleManager: Shutting down and abandoning module OnlineBlueprintSupport (74)
[2020.05.03-15.34.36:641][844]LogModuleManager: Shutting down and abandoning module OnlineSubsystem (70)
[2020.05.03-15.34.36:642][844]LogModuleManager: Shutting down and abandoning module XMPP (65)
[2020.05.03-15.34.36:642][844]LogModuleManager: Shutting down and abandoning module WebSockets (64)
[2020.05.03-15.34.36:676][844]LogModuleManager: Shutting down and abandoning module HTTP (61)
[2020.05.03-15.34.36:676][844]LogHttp: Display: Http module shutting down, but needs to wait on 1 outstanding Http requests:
[2020.05.03-15.34.36:676][844]LogHttp: Display: 	verb=[POST] url=[https://datarouter.ol.epicgames.com/datarouter/api/v1/public/data?SessionID=%7BA3C2F815-4681-E335-9C94-219CC65164EA%7D&AppID=UEEditor.Rocket.Release&AppVersion=4.20.3-4369336%2B%2B%2BUE4%2BRelease-4.20&UserID=c4cb4a1245fe5ec9f842a3a1035c5a7d%7C111daced3493425991052d4a6c3872af%7C913611b3-da91-42c2-ab51-fca97bae075e&AppEnvironment=datacollector-binary&UploadType=eteventstream] status=Processing
[2020.05.03-15.34.36:693][844]LogModuleManager: Shutting down and abandoning module SSL (60)
[2020.05.03-15.34.36:695][844]LogModuleManager: Shutting down and abandoning module MagicLeapEmulator (56)
[2020.05.03-15.34.36:695][844]LogModuleManager: Shutting down and abandoning module MagicLeapPrivileges (54)
[2020.05.03-15.34.36:695][844]LogModuleManager: Shutting down and abandoning module MagicLeapIdentity (52)
[2020.05.03-15.34.36:695][844]LogModuleManager: Shutting down and abandoning module MagicLeapHelperVulkan (50)
[2020.05.03-15.34.36:695][844]LogModuleManager: Shutting down and abandoning module MagicLeapHelperOpenGL (48)
[2020.05.03-15.34.36:695][844]LogModuleManager: Shutting down and abandoning module MagicLeapSecureStorage (46)
[2020.05.03-15.34.36:695][844]LogModuleManager: Shutting down and abandoning module MagicLeapGestures (44)
[2020.05.03-15.34.36:695][844]LogModuleManager: Shutting down and abandoning module MagicLeapEyeTracker (42)
[2020.05.03-15.34.36:695][844]LogModuleManager: Shutting down and abandoning module MagicLeapController (40)
[2020.05.03-15.34.36:696][844]LogSlate: Slate User Destroyed.  User Index 0, Is Virtual User: 0
[2020.05.03-15.34.36:696][844]LogModuleManager: Shutting down and abandoning module MagicLeap (38)
[2020.05.03-15.34.36:696][844]LogModuleManager: Shutting down and abandoning module AnimationModifiers (36)
[2020.05.03-15.34.36:696][844]LogModuleManager: Shutting down and abandoning module PropertyEditor (35)
[2020.05.03-15.34.36:696][844]LogModuleManager: Shutting down and abandoning module AudioEditor (32)
[2020.05.03-15.34.36:696][844]LogModuleManager: Shutting down and abandoning module TextureCompressor (30)
[2020.05.03-15.34.36:696][844]LogModuleManager: Shutting down and abandoning module ShaderCore (28)
[2020.05.03-15.34.36:696][844]LogModuleManager: Shutting down and abandoning module Landscape (26)
[2020.05.03-15.34.36:696][844]LogModuleManager: Shutting down and abandoning module SlateRHIRenderer (24)
[2020.05.03-15.34.36:697][844]LogModuleManager: Shutting down and abandoning module OpenGLDrv (22)
[2020.05.03-15.34.36:697][844]LogModuleManager: Shutting down and abandoning module D3D11RHI (20)
[2020.05.03-15.34.36:697][844]LogModuleManager: Shutting down and abandoning module AnimGraphRuntime (18)
[2020.05.03-15.34.36:697][844]LogModuleManager: Shutting down and abandoning module Renderer (16)
[2020.05.03-15.34.36:697][844]LogModuleManager: Shutting down and abandoning module Engine (14)
[2020.05.03-15.34.36:697][844]LogModuleManager: Shutting down and abandoning module CoreUObject (12)
[2020.05.03-15.34.36:697][844]LogModuleManager: Shutting down and abandoning module NetworkFile (10)
[2020.05.03-15.34.36:697][844]LogModuleManager: Shutting down and abandoning module CookedIterativeFile (8)
[2020.05.03-15.34.36:697][844]LogModuleManager: Shutting down and abandoning module StreamingFile (6)
[2020.05.03-15.34.36:697][844]LogModuleManager: Shutting down and abandoning module SandboxFile (4)
[2020.05.03-15.34.36:697][844]LogModuleManager: Shutting down and abandoning module PakFile (2)
[2020.05.03-15.34.36:705][844]LogExit: Exiting.
[2020.05.03-15.34.36:716][844]Log file closed, 05/03/20 23:34:36
