Log file open, 05/03/20 13:25:14
LogWindows: Failed to load 'aqProf.dll' (GetLastError=126)
LogWindows: File 'aqProf.dll' does not exist
LogWindows: Failed to load 'VSPerf140.dll' (GetLastError=126)
LogWindows: File 'VSPerf140.dll' does not exist
LogWindows: Failed to load 'VtuneApi.dll' (GetLastError=126)
LogWindows: File 'VtuneApi.dll' does not exist
LogWindows: Failed to load 'VtuneApi32e.dll' (GetLastError=126)
LogWindows: File 'VtuneApi32e.dll' does not exist
LogInit: Display: Running engine for game: MyProject
LogPlatformFile: Not using cached read wrapper
LogTaskGraph: Started task graph with 5 named threads and 23 total threads with 3 sets of task threads.
LogStats: Stats thread started at 0.320161
LogD3D11RHI: Loaded GFSDK_Aftermath_Lib.x64.dll
LogICUInternationalization: Display: ICU TimeZone Detection - Raw Offset: +8:00, Platform Override: ''
LogPluginManager: Mounting plugin Paper2D
LogPluginManager: Mounting plugin AISupport
LogPluginManager: Mounting plugin LightPropagationVolume
LogPluginManager: Mounting plugin CLionSourceCodeAccess
LogPluginManager: Mounting plugin CodeLiteSourceCodeAccess
LogPluginManager: Mounting plugin GitSourceControl
LogPluginManager: Mounting plugin KDevelopSourceCodeAccess
LogPluginManager: Mounting plugin NullSourceCodeAccess
LogPluginManager: Mounting plugin PerforceSourceControl
LogPluginManager: Mounting plugin SubversionSourceControl
LogPluginManager: Mounting plugin UObjectPlugin
LogPluginManager: Mounting plugin VisualStudioCodeSourceCodeAccess
LogPluginManager: Mounting plugin VisualStudioSourceCodeAccess
LogPluginManager: Mounting plugin XCodeSourceCodeAccess
LogPluginManager: Mounting plugin AssetManagerEditor
LogPluginManager: Mounting plugin CryptoKeys
LogPluginManager: Mounting plugin DataValidation
LogPluginManager: Mounting plugin FacialAnimation
LogPluginManager: Mounting plugin GameplayTagsEditor
LogPluginManager: Mounting plugin MacGraphicsSwitching
LogPluginManager: Mounting plugin MeshEditor
LogPluginManager: Mounting plugin MobileLauncherProfileWizard
LogPluginManager: Mounting plugin PluginBrowser
LogPluginManager: Mounting plugin SpeedTreeImporter
LogPluginManager: Mounting plugin DatasmithContent
LogPluginManager: Mounting plugin AlembicImporter
LogPluginManager: Mounting plugin AppleImageUtils
LogPluginManager: Mounting plugin AppleVision
LogPluginManager: Mounting plugin BackChannel
LogPluginManager: Mounting plugin CharacterAI
LogPluginManager: Mounting plugin GeometryCache
LogPluginManager: Mounting plugin HTML5Networking
LogPluginManager: Mounting plugin ProxyLODPlugin
LogPluginManager: Mounting plugin MagicLeap
LogPluginManager: Mounting plugin MagicLeapEmulator
LogPluginManager: Mounting plugin MagicLeapMedia
LogPluginManager: Mounting plugin AndroidMedia
LogPluginManager: Mounting plugin AvfMedia
LogPluginManager: Mounting plugin ImgMedia
LogPluginManager: Mounting plugin LinearTimecode
LogPluginManager: Mounting plugin MediaCompositing
LogPluginManager: Mounting plugin MediaPlayerEditor
LogPluginManager: Mounting plugin WmfMedia
LogPluginManager: Mounting plugin TcpMessaging
LogPluginManager: Mounting plugin UdpMessaging
LogPluginManager: Mounting plugin ActorSequence
LogPluginManager: Mounting plugin LevelSequenceEditor
LogPluginManager: Mounting plugin MatineeToLevelSequence
LogPluginManager: Mounting plugin NetcodeUnitTest
LogPluginManager: Mounting plugin NUTUnrealEngine4
LogPluginManager: Mounting plugin OnlineSubsystemGooglePlay
LogPluginManager: Mounting plugin OnlineSubsystemIOS
LogPluginManager: Mounting plugin OnlineSubsystem
LogPluginManager: Mounting plugin OnlineSubsystemNull
LogPluginManager: Mounting plugin OnlineSubsystemUtils
LogPluginManager: Mounting plugin LauncherChunkInstaller
LogPluginManager: Mounting plugin AndroidDeviceProfileSelector
LogPluginManager: Mounting plugin AndroidMoviePlayer
LogPluginManager: Mounting plugin AndroidPermission
LogPluginManager: Mounting plugin AppleMoviePlayer
LogPluginManager: Mounting plugin ArchVisCharacter
LogPluginManager: Mounting plugin AudioCapture
LogPluginManager: Mounting plugin CableComponent
LogPluginManager: Mounting plugin CustomMeshComponent
LogPluginManager: Mounting plugin EditableMesh
LogPluginManager: Mounting plugin ExampleDeviceProfileSelector
LogPluginManager: Mounting plugin GoogleCloudMessaging
LogPluginManager: Mounting plugin ImmediatePhysics
LogPluginManager: Mounting plugin IOSDeviceProfileSelector
LogPluginManager: Mounting plugin LinuxDeviceProfileSelector
LogPluginManager: Mounting plugin LocationServicesBPLibrary
LogPluginManager: Mounting plugin MobilePatchingUtils
LogPluginManager: Mounting plugin OculusVR
LogPluginManager: Plugin shader directory ../../../Engine/Plugins/Runtime/Oculus/OculusVR/Shaders found
LogPluginManager: Mapping shader source directory ../../../Engine/Plugins/Runtime/Oculus/OculusVR/Shaders to virtual directory /Plugin/OculusVR
LogPluginManager: Mounting plugin PhysXVehicles
LogPluginManager: Mounting plugin ProceduralMeshComponent
LogPluginManager: Mounting plugin RuntimePhysXCooking
LogPluginManager: Mounting plugin SteamVR
LogPluginManager: Mounting plugin WindowsMoviePlayer
LogStreaming: Display: Took  0.243s to configure plugins.
LogInit: Using libcurl 7.55.1-DEV
LogInit:  - built for x86_64-pc-win32
LogInit:  - supports SSL with OpenSSL/1.0.2h
LogInit:  - supports HTTP deflate (compression) using libz 1.2.8
LogInit:  - other features:
LogInit:      CURL_VERSION_SSL
LogInit:      CURL_VERSION_LIBZ
LogInit:      CURL_VERSION_IPV6
LogInit:      CURL_VERSION_ASYNCHDNS
LogInit:      CURL_VERSION_LARGEFILE
LogInit:      CURL_VERSION_IDN
LogInit:  CurlRequestOptions (configurable via config and command line):
LogInit:  - bVerifyPeer = false  - Libcurl will NOT verify peer certificate
LogInit:  - bUseHttpProxy = true  - Libcurl will use HTTP proxy
LogInit:  - HttpProxyAddress = '127.0.0.1:4582'
LogInit:  - bDontReuseConnections = false  - Libcurl will reuse connections
LogInit:  - CertBundlePath = nullptr  - Libcurl will use whatever was configured at build time.
LogInit:  - MaxHostConnections = 16  - Libcurl will limit the number of connections to a host
LogInit:  - LocalHostAddr = Default
LogInit:  - BufferSize = 65536
LogInit: WinSock: version 1.1 (2.2), MaxSocks=32767, MaxUdp=65467
LogInit: Build: ++UE4+Release-4.20-CL-4369336
LogInit: Engine Version: 4.20.3-4369336+++UE4+Release-4.20
LogInit: Compatible Engine Version: 4.20.0-4212847+++UE4+Release-4.20
LogInit: Net CL: 4212847
LogInit: OS: Windows 10 (), CPU: Intel(R) Core(TM) i7-6700HQ CPU @ 2.60GHz, GPU: Intel(R) HD Graphics 530
LogInit: Compiled (64-bit): Sep 17 2018 12:26:19
LogInit: Compiled with Visual C++: 19.13.26129.00
LogInit: Build Configuration: Development
LogInit: Branch Name: ++UE4+Release-4.20
LogInit: Command Line: 
LogInit: Base Directory: E:/UE4/4.20.3/UE_4.20/Engine/Binaries/Win64/
LogInit: Installed Engine Build: 1
LogDevObjectVersion: Number of dev versions registered: 20
LogDevObjectVersion:   Dev-Blueprints (B0D832E4-1F89-4F0D-ACCF-7EB736FD4AA2): 10
LogDevObjectVersion:   Dev-Build (E1C64328-A22C-4D53-A36C-8E866417BD8C): 0
LogDevObjectVersion:   Dev-Core (375EC13C-06E4-48FB-B500-84F0262A717E): 2
LogDevObjectVersion:   Dev-Editor (E4B068ED-F494-42E9-A231-DA0B2E46BB41): 24
LogDevObjectVersion:   Dev-Framework (CFFC743F-43B0-4480-9391-14DF171D2073): 34
LogDevObjectVersion:   Dev-Mobile (B02B49B5-BB20-44E9-A304-32B752E40360): 2
LogDevObjectVersion:   Dev-Networking (A4E4105C-59A1-49B5-A7C5-40C4547EDFEE): 0
LogDevObjectVersion:   Dev-Online (39C831C9-5AE6-47DC-9A44-9C173E1C8E7C): 0
LogDevObjectVersion:   Dev-Physics (78F01B33-EBEA-4F98-B9B4-84EACCB95AA2): 0
LogDevObjectVersion:   Dev-Platform (6631380F-2D4D-43E0-8009-CF276956A95A): 0
LogDevObjectVersion:   Dev-Rendering (12F88B9F-8875-4AFC-A67C-D90C383ABD29): 26
LogDevObjectVersion:   Dev-Sequencer (7B5AE74C-D270-4C10-A958-57980B212A5A): 9
LogDevObjectVersion:   Dev-VR (D7296918-1DD6-4BDD-9DE2-64A83CC13884): 2
LogDevObjectVersion:   Dev-LoadTimes (C2A15278-BFE7-4AFE-6C17-90FF531DF755): 1
LogDevObjectVersion:   Private-Geometry (6EACA3D4-40EC-4CC1-B786-8BED09428FC5): 3
LogDevObjectVersion:   Dev-AnimPhys (29E575DD-E0A3-4627-9D10-D276232CDCEA): 17
LogDevObjectVersion:   Dev-ReflectionCapture (6B266CEC-1EC7-4B8F-A30B-E4D90942FC07): 1
LogDevObjectVersion:   Dev-Automation (0DF73D61-A23F-47EA-B727-89E90C41499A): 1
LogDevObjectVersion:   FortniteMain (601D1886-AC64-4F84-AA16-D3DE0DEAC7D6): 12
LogDevObjectVersion:   Dev-Enterprise (9DFFBCD6-494F-0158-E221-12823C92A888): 1
LogStreaming: Display: Took  0.000s to delete old logs.
LogInit: Presizing for max 8388607 objects, including 0 objects not considered by GC, pre-allocating 0 bytes for permanent pool.
LogInit: Object subsystem initialized
[2020.05.03-05.25.14:832][  0]LogInit: Selected Device Profile: [Windows]
[2020.05.03-05.25.14:832][  0]LogInit: Applying CVar settings loaded from the selected device profile: [Windows]
[2020.05.03-05.25.14:843][  0]LogHAL: Display: Platform has ~ 16 GB [17057243136 / 17179869184 / 16], which maps to Larger [LargestMinGB=32, LargerMinGB=12, DefaultMinGB=8, SmallerMinGB=6, SmallestMinGB=0)
[2020.05.03-05.25.14:843][  0]LogInit: Setting Device Profile CVar: [[r.Vulkan.UseRealUBs:1]]
[2020.05.03-05.25.14:843][  0]LogInit: Going up to parent DeviceProfile []
[2020.05.03-05.25.14:844][  0]LogInit: Computer: DESKTOP-BHGM3HS
[2020.05.03-05.25.14:844][  0]LogInit: User: hasee
[2020.05.03-05.25.14:844][  0]LogInit: CPU Page size=4096, Cores=4
[2020.05.03-05.25.14:844][  0]LogInit: High frequency timer resolution =10.000000 MHz
[2020.05.03-05.25.14:844][  0]LogMemory: Memory total: Physical=15.9GB (16GB approx)
[2020.05.03-05.25.14:844][  0]LogMemory: Platform Memory Stats for Windows
[2020.05.03-05.25.14:844][  0]LogMemory: Process Physical Memory: 100.34 MB used, 100.34 MB peak
[2020.05.03-05.25.14:844][  0]LogMemory: Process Virtual Memory: 91.20 MB used, 91.20 MB peak
[2020.05.03-05.25.14:844][  0]LogMemory: Physical Memory: 8538.43 MB used,  7728.63 MB free, 16267.05 MB total
[2020.05.03-05.25.14:844][  0]LogMemory: Virtual Memory: 4629.50 MB used,  7728.63 MB free, 134217728.00 MB total
[2020.05.03-05.25.14:888][  0]LogInit: Overriding language with editor language configuration option (en).
[2020.05.03-05.25.14:888][  0]LogInit: Overriding locale with editor locale configuration option (en).
[2020.05.03-05.25.15:364][  0]LogStreaming: Display: Took  0.476s to InitEngineTextLocalization.
[2020.05.03-05.25.15:364][  0]LogInit: Setting process to per monitor DPI aware
[2020.05.03-05.25.15:492][  0]LogSlate: New Slate User Created.  User Index 0, Is Virtual User: 0
[2020.05.03-05.25.15:492][  0]LogSlate: Slate User Registered.  User Index 0, Is Virtual User: 0
[2020.05.03-05.25.15:906][  0]LogHMD: Failed to initialize OpenVR with code 110
[2020.05.03-05.25.15:906][  0]LogD3D11RHI: D3D11 adapters:
[2020.05.03-05.25.15:973][  0]LogD3D11RHI:    0. 'NVIDIA GeForce GTX 965M' (Feature Level 11_0)
[2020.05.03-05.25.15:973][  0]LogD3D11RHI:       2016/0/8133 MB DedicatedVideo/DedicatedSystem/SharedSystem, Outputs:1, VendorId:0x10de
[2020.05.03-05.25.16:034][  0]LogD3D11RHI:    1. 'Intel(R) HD Graphics 530' (Feature Level 11_0)
[2020.05.03-05.25.16:034][  0]LogD3D11RHI:       128/0/8133 MB DedicatedVideo/DedicatedSystem/SharedSystem, Outputs:0, VendorId:0x8086
[2020.05.03-05.25.16:037][  0]LogD3D11RHI:    2. 'Microsoft Basic Render Driver' (Feature Level 11_0)
[2020.05.03-05.25.16:037][  0]LogD3D11RHI:       0/0/8133 MB DedicatedVideo/DedicatedSystem/SharedSystem, Outputs:0, VendorId:0x1414
[2020.05.03-05.25.16:037][  0]LogD3D11RHI: Chosen D3D11 Adapter: 0
[2020.05.03-05.25.16:096][  0]LogD3D11RHI: Creating new Direct3DDevice
[2020.05.03-05.25.16:097][  0]LogD3D11RHI:     GPU DeviceId: 0x1427 (for the marketing name, search the web for "GPU Device Id")
[2020.05.03-05.25.16:097][  0]LogWindows: EnumDisplayDevices:
[2020.05.03-05.25.16:097][  0]LogWindows:    0. 'Intel(R) HD Graphics 530' (P:1 D:1)
[2020.05.03-05.25.16:098][  0]LogWindows:    1. 'Intel(R) HD Graphics 530' (P:0 D:0)
[2020.05.03-05.25.16:100][  0]LogWindows:    2. 'Intel(R) HD Graphics 530' (P:0 D:0)
[2020.05.03-05.25.16:101][  0]LogWindows:    3. 'NVIDIA GeForce GTX 965M' (P:0 D:0)
[2020.05.03-05.25.16:102][  0]LogWindows:    4. 'NVIDIA GeForce GTX 965M' (P:0 D:0)
[2020.05.03-05.25.16:103][  0]LogWindows:    5. 'NVIDIA GeForce GTX 965M' (P:0 D:0)
[2020.05.03-05.25.16:104][  0]LogWindows:    6. 'NVIDIA GeForce GTX 965M' (P:0 D:0)
[2020.05.03-05.25.16:106][  0]LogWindows: DebugString: PrimaryIsNotTheChoosenAdapter PrimaryIsNotTheChoosenAdapter PrimaryIsNotTheChoosenAdapter FoundDriverCount:4 
[2020.05.03-05.25.16:106][  0]LogD3D11RHI:     Adapter Name: NVIDIA GeForce GTX 965M
[2020.05.03-05.25.16:106][  0]LogD3D11RHI:   Driver Version: 382.05 (internal:22.21.13.8205, unified:382.05)
[2020.05.03-05.25.16:106][  0]LogD3D11RHI:      Driver Date: 5-1-2017
[2020.05.03-05.25.16:106][  0]LogRHI: Texture pool is 1411 MB (70% of 2016 MB)
[2020.05.03-05.25.16:146][  0]LogD3D11RHI: Async texture creation enabled
[2020.05.03-05.25.16:159][  0]LogD3D11RHI: GPU Timing Frequency: 1000.000000 (Debug: 2 1)
[2020.05.03-05.25.16:163][  0]LogShaderCompilers: Guid format shader working directory is -12 characters bigger than the processId version (../../../../../MyProjects/MyProject/Intermediate/Shaders/WorkingDirectory/71792/).
[2020.05.03-05.25.16:163][  0]LogShaderCompilers: Cleaned the shader compiler working directory 'D:/TempFile/UnrealShaderWorkingDir/DBF6FD84430C96880E67C09C07D2A436/'.
[2020.05.03-05.25.17:274][  0]LogTemp: Display: Loaded TP AllDesktopTargetPlatform
[2020.05.03-05.25.17:293][  0]LogTemp: Display: Loaded TP MacClientTargetPlatform
[2020.05.03-05.25.17:311][  0]LogTemp: Display: Loaded TP MacNoEditorTargetPlatform
[2020.05.03-05.25.17:328][  0]LogTemp: Display: Loaded TP MacServerTargetPlatform
[2020.05.03-05.25.17:346][  0]LogTemp: Display: Loaded TP MacTargetPlatform
[2020.05.03-05.25.17:365][  0]LogTemp: Display: Loaded TP WindowsClientTargetPlatform
[2020.05.03-05.25.17:384][  0]LogTemp: Display: Loaded TP WindowsNoEditorTargetPlatform
[2020.05.03-05.25.17:404][  0]LogTemp: Display: Loaded TP WindowsServerTargetPlatform
[2020.05.03-05.25.17:413][  0]LogTemp: Display: Loaded TP WindowsTargetPlatform
[2020.05.03-05.25.17:530][  0]LogTemp: Display: Loaded TP AndroidTargetPlatform
[2020.05.03-05.25.17:530][  0]LogTemp: Display: Loaded TP AndroidTargetPlatform
[2020.05.03-05.25.17:530][  0]LogTemp: Display: Loaded TP AndroidTargetPlatform
[2020.05.03-05.25.17:530][  0]LogTemp: Display: Loaded TP AndroidTargetPlatform
[2020.05.03-05.25.17:530][  0]LogTemp: Display: Loaded TP AndroidTargetPlatform
[2020.05.03-05.25.17:530][  0]LogTemp: Display: Loaded TP AndroidTargetPlatform
[2020.05.03-05.25.17:530][  0]LogTemp: Display: Loaded TP AndroidTargetPlatform
[2020.05.03-05.25.17:531][  0]LogTemp: Display: Loaded TP AndroidTargetPlatform
[2020.05.03-05.25.17:531][  0]LogTemp: Display: Loaded TP AndroidTargetPlatform
[2020.05.03-05.25.17:531][  0]LogTemp: Display: Loaded TP AndroidTargetPlatform
[2020.05.03-05.25.17:531][  0]LogTemp: Display: Loaded TP AndroidTargetPlatform
[2020.05.03-05.25.17:531][  0]LogTemp: Display: Loaded TP AndroidTargetPlatform
[2020.05.03-05.25.17:531][  0]LogTemp: Display: Loaded TP AndroidTargetPlatform
[2020.05.03-05.25.17:531][  0]LogTemp: Display: Loaded TP AndroidTargetPlatform
[2020.05.03-05.25.17:531][  0]LogTemp: Display: Loaded TP AndroidTargetPlatform
[2020.05.03-05.25.17:531][  0]LogTemp: Display: Loaded TP AndroidTargetPlatform
[2020.05.03-05.25.17:531][  0]LogTemp: Display: Loaded TP AndroidTargetPlatform
[2020.05.03-05.25.17:531][  0]LogTemp: Display: Loaded TP AndroidTargetPlatform
[2020.05.03-05.25.17:534][  0]LogTemp: Display: Loaded TP HTML5TargetPlatform
[2020.05.03-05.25.17:609][  0]LogTemp: Display: Loaded TP IOSTargetPlatform
[2020.05.03-05.25.17:609][  0]LogTemp: Display: Loaded TP IOSTargetPlatform
[2020.05.03-05.25.17:638][  0]LogTemp: Display: Loaded TP TVOSTargetPlatform
[2020.05.03-05.25.17:638][  0]LogTemp: Display: Loaded TP TVOSTargetPlatform
[2020.05.03-05.25.17:653][  0]LogTemp: Display: Loaded TP LinuxClientTargetPlatform
[2020.05.03-05.25.17:672][  0]LogTemp: Display: Loaded TP LinuxNoEditorTargetPlatform
[2020.05.03-05.25.17:692][  0]LogTemp: Display: Loaded TP LinuxServerTargetPlatform
[2020.05.03-05.25.17:712][  0]LogTemp: Display: Loaded TP LinuxTargetPlatform
[2020.05.03-05.25.17:723][  0]LogTemp: Display: Loaded TP LuminTargetPlatform
[2020.05.03-05.25.17:723][  0]LogTargetPlatformManager: Display: Building Assets For Windows
[2020.05.03-05.25.17:819][  0]LogXGEController: Cannot use XGE Controller as Incredibuild is not installed on this machine.
[2020.05.03-05.25.17:819][  0]LogShaderCompilers: Cannot use XGE Shader Compiler as Incredibuild is not installed on this machine.
[2020.05.03-05.25.17:819][  0]LogShaderCompilers: Display: Using Local Shader Compiler.
[2020.05.03-05.25.18:892][  0]LogDerivedDataCache: Display: Max Cache Size: 512 MB
[2020.05.03-05.25.18:974][  0]LogDerivedDataCache: Loaded boot cache 0.08s 86MB C:/Users/hasee/AppData/Local/UnrealEngine/4.20/DerivedDataCache/Boot.ddc.
[2020.05.03-05.25.18:974][  0]LogDerivedDataCache: Display: Loaded Boot cache: C:/Users/hasee/AppData/Local/UnrealEngine/4.20/DerivedDataCache/Boot.ddc
[2020.05.03-05.25.18:975][  0]LogDerivedDataCache: FDerivedDataBackendGraph:  Pak pak cache file ../../../../../MyProjects/MyProject/DerivedDataCache/DDC.ddp not found, will not use a pak cache.
[2020.05.03-05.25.18:975][  0]LogDerivedDataCache: Unable to find inner node Pak for hierarchical cache Hierarchy.
[2020.05.03-05.25.18:975][  0]LogDerivedDataCache: FDerivedDataBackendGraph:  CompressedPak pak cache file ../../../../../MyProjects/MyProject/DerivedDataCache/Compressed.ddp not found, will not use a pak cache.
[2020.05.03-05.25.18:975][  0]LogDerivedDataCache: Unable to find inner node CompressedPak for hierarchical cache Hierarchy.
[2020.05.03-05.25.18:995][  0]LogDerivedDataCache: Display: Pak cache opened for reading ../../../Engine/DerivedDataCache/Compressed.ddp.
[2020.05.03-05.25.19:011][  0]LogDerivedDataCache: Using Local data cache path C:/Users/hasee/AppData/Local/UnrealEngine/Common/DerivedDataCache: Writable
[2020.05.03-05.25.19:011][  0]LogDerivedDataCache: Shared data cache path not found in *engine.ini, will not use an Shared cache.
[2020.05.03-05.25.19:011][  0]LogDerivedDataCache: Unable to find inner node Shared for hierarchical cache Hierarchy.
[2020.05.03-05.25.19:048][  0]LogMaterial: Verifying Global Shaders for PCD3D_SM5
[2020.05.03-05.25.19:050][  0]LogSlate: Using FreeType 2.6.0
[2020.05.03-05.25.19:052][  0]LogSlate: SlateFontServices - WITH_FREETYPE: 1, WITH_HARFBUZZ: 1
[2020.05.03-05.25.19:185][  0]LogAssetRegistry: FAssetRegistry took 0.0286 seconds to start up
[2020.05.03-05.25.19:755][  0]LogInit: Selected Device Profile: [Windows]
[2020.05.03-05.25.19:974][  0]LogSimplygon: Simplygon DLL not present - disabling.
[2020.05.03-05.25.19:981][  0]LogMeshReduction: Using SimplygonSwarm for distributed automatic mesh merging
[2020.05.03-05.25.19:981][  0]LogMeshReduction: Using ProxyLODMeshReduction for automatic mesh merging
[2020.05.03-05.25.19:981][  0]LogMeshReduction: Using QuadricMeshReduction for automatic static mesh reduction
[2020.05.03-05.25.19:981][  0]LogMeshReduction: No automatic skeletal mesh reduction module available
[2020.05.03-05.25.20:014][  0]LogNetVersion: MyProject 1.0.0, NetCL: 4212847, EngineNetVer: 5, GameNetVer: 0 (Checksum: 1110078900)
[2020.05.03-05.25.20:807][  0]LogPackageLocalizationCache: Processed 11 localized package path(s) for 1 prioritized culture(s) in 0.078777 seconds
[2020.05.03-05.25.20:816][  0]LogUObjectArray: 38425 objects as part of root set at end of initial load.
[2020.05.03-05.25.20:816][  0]LogUObjectAllocator: 6690872 out of 0 bytes used by permanent object pool.
[2020.05.03-05.25.20:816][  0]LogUObjectArray: CloseDisregardForGC: 0/0 objects in disregard for GC pool
[2020.05.03-05.25.22:445][  0]LogTcpMessaging: Initializing TcpMessaging bridge
[2020.05.03-05.25.22:459][  0]LogUdpMessaging: Initializing bridge on interface 0.0.0.0:0 to multicast group 230.0.0.1:6666.
[2020.05.03-05.25.22:670][  0]SourceControl: Source control is disabled
[2020.05.03-05.25.22:670][  0]SourceControl: Source control is disabled
[2020.05.03-05.25.22:673][  0]SourceControl: Source control is disabled
[2020.05.03-05.25.22:675][  0]SourceControl: Source control is disabled
[2020.05.03-05.25.22:905][  0]LogAndroidPermission: UAndroidPermissionCallbackProxy::GetInstance
[2020.05.03-05.25.23:097][  0]LogOcInput: OculusInput pre-init called
[2020.05.03-05.25.23:180][  0]LogEngine: Initializing Engine...
[2020.05.03-05.25.23:183][  0]LogHMD: Failed to initialize OpenVR with code 110
[2020.05.03-05.25.23:186][  0]LogStats: UGameplayTagsManager::ConstructGameplayTagTree: ImportINI prefixes -  0.000 s
[2020.05.03-05.25.23:186][  0]LogStats: UGameplayTagsManager::ConstructGameplayTagTree: Construct from data asset -  0.000 s
[2020.05.03-05.25.23:186][  0]LogStats: UGameplayTagsManager::ConstructGameplayTagTree: ImportINI -  0.000 s
[2020.05.03-05.25.23:186][  0]LogStats: UGameplayTagsManager::ConstructGameplayTagTree: GameplayTagTreeChangedEvent.Broadcast -  0.000 s
[2020.05.03-05.25.23:523][  0]LogInit: Initializing FReadOnlyCVARCache
[2020.05.03-05.25.23:543][  0]LogAIModule: Creating AISystem for world Untitled
[2020.05.03-05.25.23:587][  0]LogInit: XAudio2 using '扬声器 (Realtek High Definition Audio)' : 2 channels at 48 kHz using 32 bits per sample (channel mask 0x3)
[2020.05.03-05.25.23:676][  0]LogInit: FAudioDevice initialized.
[2020.05.03-05.25.23:676][  0]LogNetVersion: Set ProjectVersion to 1.0.0.0. Version Checksum will be recalculated on next use.
[2020.05.03-05.25.23:915][  0]LogDerivedDataCache: Saved boot cache 0.24s 86MB C:/Users/hasee/AppData/Local/UnrealEngine/4.20/DerivedDataCache/Boot.ddc.
[2020.05.03-05.25.23:926][  0]LogInit: Texture streaming: Enabled
[2020.05.03-05.25.23:954][  0]LogEngineSessionManager: EngineSessionManager initialized
[2020.05.03-05.25.23:980][  0]LogInit: Transaction tracking system initialized
[2020.05.03-05.25.24:015][  0]BlueprintLog: New page: Editor Load
[2020.05.03-05.25.24:138][  0]LocalizationService: Localization service is disabled
[2020.05.03-05.25.24:771][  0]LogCook: Display: Max memory allowance for cook 16384mb min free memory 0mb
[2020.05.03-05.25.24:771][  0]LogCook: Display: Mobile HDR setting 1
[2020.05.03-05.25.24:771][  0]LogGameplayTags: Display: UGameplayTagsManager::DoneAddingNativeTags. DelegateIsBound: 0
[2020.05.03-05.25.24:771][  0]LogStats: UGameplayTagsManager::ConstructGameplayTagTree: ImportINI prefixes -  0.000 s
[2020.05.03-05.25.24:771][  0]LogStats: UGameplayTagsManager::ConstructGameplayTagTree: Construct from data asset -  0.000 s
[2020.05.03-05.25.24:772][  0]LogStats: UGameplayTagsManager::ConstructGameplayTagTree: ImportINI -  0.001 s
[2020.05.03-05.25.24:772][  0]LogStats: UGameplayTagsManager::ConstructGameplayTagTree: GameplayTagTreeChangedEvent.Broadcast -  0.000 s
[2020.05.03-05.25.24:971][  0]LogFileCache: Scanning file cache for directory 'E:/UE4/MyProjects/MyProject/Content/' took 0.02s
[2020.05.03-05.25.24:972][  0]SourceControl: Source control is disabled
[2020.05.03-05.25.24:972][  0]Cmd: MAP LOAD FILE="../../../../../MyProjects/MyProject/Content/VirtualRealityBP/Maps/StartupMap.umap" TEMPLATE=0 SHOWPROGRESS=1 FEATURELEVEL=3
[2020.05.03-05.25.24:972][  0]LightingResults: New page: Lighting Build
[2020.05.03-05.25.24:976][  0]MapCheck: New page: Map Check
[2020.05.03-05.25.24:976][  0]LightingResults: New page: Lighting Build
[2020.05.03-05.25.25:155][  0]LogAIModule: Creating AISystem for world StartupMap
[2020.05.03-05.25.25:167][  0]LogEditorServer: Finished looking for orphan Actors (0.000 secs)
[2020.05.03-05.25.25:200][  0]Cmd: MAP CHECKDEP NOCLEARLOG
[2020.05.03-05.25.25:330][  0]MapCheck: Map check complete: 0 Error(s), 0 Warning(s), took 129.838ms to complete.
[2020.05.03-05.25.25:331][  0]LogFileHelpers: Loading map 'StartupMap' took 0.359
[2020.05.03-05.25.25:494][  0]LogSlate: Updating window title bar state: overlay mode, drag disabled, window buttons hidden, title bar hidden
[2020.05.03-05.25.25:510][  0]LogSlate: Updating window title bar state: overlay mode, drag disabled, window buttons hidden, title bar hidden
[2020.05.03-05.25.25:530][  0]LogSlate: Updating window title bar state: overlay mode, drag disabled, window buttons hidden, title bar hidden
[2020.05.03-05.25.25:542][  0]LogSlate: Updating window title bar state: overlay mode, drag disabled, window buttons hidden, title bar hidden
[2020.05.03-05.25.25:550][  0]LogCollectionManager: Loaded 0 collections in 0.001900 seconds
[2020.05.03-05.25.25:598][  0]LogFileCache: Scanning file cache for directory 'E:/UE4/MyProjects/MyProject/Saved/Collections/' took 0.01s
[2020.05.03-05.25.25:598][  0]LogFileCache: Scanning file cache for directory 'E:/UE4/MyProjects/MyProject/Content/Developers/hasee/Collections/' took 0.01s
[2020.05.03-05.25.25:598][  0]LogFileCache: Scanning file cache for directory 'E:/UE4/MyProjects/MyProject/Content/Collections/' took 0.01s
[2020.05.03-05.25.25:598][  0]LogCollectionManager: Rebuilt the GUID cache for 0 collections in 0.000000 seconds
[2020.05.03-05.25.25:611][  0]LogContentBrowser: Native class hierarchy populated in 0.0119 seconds. Added 2572 classes and 603 folders.
[2020.05.03-05.25.25:621][  0]LogContentBrowser: Native class hierarchy updated for 'WidgetCarousel' in 0.0005 seconds. Added 0 classes and 0 folders.
[2020.05.03-05.25.25:734][  0]LogContentBrowser: Native class hierarchy updated for 'AddContentDialog' in 0.0005 seconds. Added 0 classes and 0 folders.
[2020.05.03-05.25.25:748][  0]LogContentBrowser: Native class hierarchy updated for 'SceneOutliner' in 0.0006 seconds. Added 1 classes and 2 folders.
[2020.05.03-05.25.25:800][  0]LogSlate: Took 0.000490 seconds to synchronously load lazily loaded font '../../../Engine/Content/Slate/Fonts/Roboto-Regular.ttf' (155K)
[2020.05.03-05.25.25:803][  0]LogSlate: Took 0.000424 seconds to synchronously load lazily loaded font '../../../Engine/Content/Slate/Fonts/Roboto-Bold.ttf' (160K)
[2020.05.03-05.25.25:814][  0]LogSlate: Took 0.000328 seconds to synchronously load lazily loaded font '../../../Engine/Content/Editor/Slate/Fonts/FontAwesome.ttf' (139K)
[2020.05.03-05.25.25:930][  0]LogRenderer: Reallocating scene render targets to support 928x460 Format 26 NumSamples 1 (Frame:1).
[2020.05.03-05.25.26:297][  0]LogContentBrowser: Native class hierarchy updated for 'HierarchicalLODOutliner' in 0.0006 seconds. Added 0 classes and 0 folders.
[2020.05.03-05.25.26:297][  0]LogLoad: (Engine Initialization) Total time: 13.92 seconds
[2020.05.03-05.25.26:297][  0]LogLoad: (Engine Initialization) Total Blueprint compile time: 0.00 seconds
[2020.05.03-05.25.26:356][  0]LogContentStreaming: Texture pool size now 1000 MB
[2020.05.03-05.25.26:408][  0]LogSlate: Took 0.000375 seconds to synchronously load lazily loaded font '../../../Engine/Content/Slate/Fonts/Roboto-Light.ttf' (167K)
[2020.05.03-05.25.26:589][  3]LogAssetRegistry: Asset discovery search completed in 7.4267 seconds
[2020.05.03-05.25.26:592][  3]LogCollectionManager: Rebuilt the object cache for 0 collections in 0.000001 seconds (found 0 objects)
[2020.05.03-05.25.26:592][  3]LogCollectionManager: Fixed up redirectors for 0 collections in 0.000147 seconds (updated 0 objects)
[2020.05.03-05.25.29:324][158]LogSlate: FSceneViewport::OnFocusLost() reason 0
[2020.05.03-05.25.36:256][556]LogSlate: Took 0.000417 seconds to synchronously load lazily loaded font '../../../Engine/Content/Slate/Fonts/Roboto-Light.ttf' (167K)
[2020.05.03-05.25.36:274][556]LogAssetEditorManager: Opening Asset editor for MapBuildDataRegistry /Game/ModularSchool/Scene/School_BuiltData.School_BuiltData
[2020.05.03-05.25.58:187][676]LogSlate: Window 'School_BuiltData - Generic Asset Editor' being destroyed
[2020.05.03-05.25.58:203][676]LogSlate: Window 'School_BuiltData - Generic Asset Editor' being destroyed
[2020.05.03-05.25.59:273][738]LogTemp: Repeating last play command: Selected Viewport
[2020.05.03-05.25.59:285][738]LogPlayLevel: PlayLevel: No blueprints needed recompiling
[2020.05.03-05.25.59:298][738]PIE: New page: PIE session: StartupMap (May 3, 2020, 9:25:59 PM)
[2020.05.03-05.25.59:298][738]LogPlayLevel: Creating play world package: /Game/VirtualRealityBP/Maps/UEDPIE_0_StartupMap
[2020.05.03-05.25.59:304][738]LogPlayLevel: PIE: StaticDuplicateObject took: (0.005888s)
[2020.05.03-05.25.59:305][738]LogAIModule: Creating AISystem for world StartupMap
[2020.05.03-05.25.59:305][738]LogPlayLevel: PIE: World Init took: (0.000895s)
[2020.05.03-05.25.59:305][738]LogPlayLevel: PIE: Created PIE world by copying editor world from /Game/VirtualRealityBP/Maps/StartupMap.StartupMap to /Game/VirtualRealityBP/Maps/UEDPIE_0_StartupMap.StartupMap (0.006967s)
[2020.05.03-05.25.59:350][738]LogInit: XAudio2 using '扬声器 (Realtek High Definition Audio)' : 2 channels at 48 kHz using 32 bits per sample (channel mask 0x3)
[2020.05.03-05.25.59:404][738]LogInit: FAudioDevice initialized.
[2020.05.03-05.25.59:451][738]LogUObjectGlobals: Warning: Failed to find object 'Class None.'
[2020.05.03-05.25.59:451][738]LogLoad: Game class is 'GameModeBase'
[2020.05.03-05.25.59:454][738]LogWorld: Bringing World /Game/VirtualRealityBP/Maps/UEDPIE_0_StartupMap.StartupMap up for play (max tick rate 60) at 2020.05.03-13.25.59
[2020.05.03-05.25.59:454][738]LogWorld: Bringing up level for play took: 0.001903
[2020.05.03-05.25.59:472][738]LogContentBrowser: Native class hierarchy updated for 'MovieSceneCapture' in 0.0004 seconds. Added 10 classes and 0 folders.
[2020.05.03-05.25.59:473][738]PIE: Play in editor start time for /Game/VirtualRealityBP/Maps/UEDPIE_0_StartupMap 1.18
[2020.05.03-05.26.07:036][163]LogSlate: FSceneViewport::OnFocusLost() reason 0
[2020.05.03-05.26.07:155][170]LogSlate: Updating window title bar state: overlay mode, drag disabled, window buttons hidden, title bar hidden
[2020.05.03-05.26.07:212][170]LogPlayLevel: Display: Shutting down PIE online subsystems
[2020.05.03-05.26.07:237][170]LogSlate: Updating window title bar state: overlay mode, drag disabled, window buttons hidden, title bar hidden
[2020.05.03-05.26.07:253][171]LogPlayLevel: Display: Destroying online subsystem :Context_1
[2020.05.03-05.26.16:430][704]LogAssetEditorManager: Opening Asset editor for MapBuildDataRegistry /Game/ModularSchool/Scene/School_BuiltData.School_BuiltData
[2020.05.03-05.26.21:092][884]LogSlate: Window 'School_BuiltData - Generic Asset Editor' being destroyed
[2020.05.03-05.26.21:105][884]LogSlate: Window 'School_BuiltData - Generic Asset Editor' being destroyed
[2020.05.03-05.26.25:859][ 74]LogAssetEditorManager: Opening Asset editor for MapBuildDataRegistry /Game/ModularSchool/Scene/School_BuiltData.School_BuiltData
[2020.05.03-05.26.57:252][396]Cmd: OBJ SAVEPACKAGE PACKAGE="/Game/ModularSchool/Scene/School_BuiltData" FILE="../../../../../MyProjects/MyProject/Content/ModularSchool/Scene/School_BuiltData.uasset" SILENT=true
[2020.05.03-05.27.04:519][396]LogSavePackage: Moving '../../../../../MyProjects/MyProject/Saved/School_BuiltData6C7F7CAA444466A963DFC9B6F62D2C05.tmp' to '../../../../../MyProjects/MyProject/Content/ModularSchool/Scene/School_BuiltData.uasset'
[2020.05.03-05.27.06:995][539]Cmd: OBJ SAVEPACKAGE PACKAGE="/Game/ModularSchool/Scene/School_BuiltData" FILE="../../../../../MyProjects/MyProject/Content/ModularSchool/Scene/School_BuiltData.uasset" SILENT=true
[2020.05.03-05.27.12:725][539]LogSavePackage: Moving '../../../../../MyProjects/MyProject/Saved/School_BuiltDataC26971864B2650EE17409088C862B4D5.tmp' to '../../../../../MyProjects/MyProject/Content/ModularSchool/Scene/School_BuiltData.uasset'
[2020.05.03-05.27.22:965][106]LogSlate: Window 'School_BuiltData - Generic Asset Editor' being destroyed
[2020.05.03-05.27.22:983][106]LogSlate: Window 'School_BuiltData - Generic Asset Editor' being destroyed
[2020.05.03-05.27.28:350][413]LogTemp: Repeating last play command: Selected Viewport
[2020.05.03-05.27.28:363][413]LogPlayLevel: PlayLevel: No blueprints needed recompiling
[2020.05.03-05.27.28:364][413]PIE: New page: PIE session: StartupMap (May 3, 2020, 9:27:28 PM)
[2020.05.03-05.27.28:364][413]LogPlayLevel: Creating play world package: /Game/VirtualRealityBP/Maps/UEDPIE_0_StartupMap
[2020.05.03-05.27.28:369][413]LogPlayLevel: PIE: StaticDuplicateObject took: (0.005450s)
[2020.05.03-05.27.28:370][413]LogAIModule: Creating AISystem for world StartupMap
[2020.05.03-05.27.28:370][413]LogPlayLevel: PIE: World Init took: (0.000786s)
[2020.05.03-05.27.28:370][413]LogPlayLevel: PIE: Created PIE world by copying editor world from /Game/VirtualRealityBP/Maps/StartupMap.StartupMap to /Game/VirtualRealityBP/Maps/UEDPIE_0_StartupMap.StartupMap (0.006395s)
[2020.05.03-05.27.28:418][413]LogInit: XAudio2 using '扬声器 (Realtek High Definition Audio)' : 2 channels at 48 kHz using 32 bits per sample (channel mask 0x3)
[2020.05.03-05.27.28:466][413]LogInit: FAudioDevice initialized.
[2020.05.03-05.27.28:498][413]LogUObjectGlobals: Warning: Failed to find object 'Class None.'
[2020.05.03-05.27.28:498][413]LogLoad: Game class is 'GameModeBase'
[2020.05.03-05.27.28:501][413]LogWorld: Bringing World /Game/VirtualRealityBP/Maps/UEDPIE_0_StartupMap.StartupMap up for play (max tick rate 60) at 2020.05.03-13.27.28
[2020.05.03-05.27.28:501][413]LogWorld: Bringing up level for play took: 0.001641
[2020.05.03-05.27.28:515][413]PIE: Play in editor start time for /Game/VirtualRealityBP/Maps/UEDPIE_0_StartupMap 0.222
[2020.05.03-05.27.37:049][912]LogAssetEditorManager: Opening Asset editor for MapBuildDataRegistry /Game/ModularSchool/Scene/School_BuiltData.School_BuiltData
[2020.05.03-05.27.40:472][105]Cmd: OBJ SAVEPACKAGE PACKAGE="/Game/ModularSchool/Scene/School_BuiltData" FILE="../../../../../MyProjects/MyProject/Content/ModularSchool/Scene/School_BuiltData.uasset" SILENT=true
[2020.05.03-05.27.45:767][105]LogSavePackage: Moving '../../../../../MyProjects/MyProject/Saved/School_BuiltDataC32CD7F64CD9031E4F431E9E3F7A9E35.tmp' to '../../../../../MyProjects/MyProject/Content/ModularSchool/Scene/School_BuiltData.uasset'
[2020.05.03-05.27.45:806][105]Cmd: OBJ SAVEPACKAGE PACKAGE="/Game/ModularSchool/Scene/School_BuiltData" FILE="../../../../../MyProjects/MyProject/Content/ModularSchool/Scene/School_BuiltData.uasset" SILENT=true
[2020.05.03-05.27.50:973][105]LogSavePackage: Moving '../../../../../MyProjects/MyProject/Saved/School_BuiltData4A5FD5F04FAF212AAC358FB880F8E1B3.tmp' to '../../../../../MyProjects/MyProject/Content/ModularSchool/Scene/School_BuiltData.uasset'
[2020.05.03-05.27.57:174][472]LogSlate: Window 'School_BuiltData - Generic Asset Editor' being destroyed
[2020.05.03-05.27.57:188][472]LogSlate: Window 'School_BuiltData - Generic Asset Editor' being destroyed
[2020.05.03-05.28.04:866][658]LogTexture: Display: Building textures: T_Glass_N (BC5, 512X512)
[2020.05.03-05.28.04:866][658]LogTexture: Display: Building textures: T_Lights_E (AutoDXT, 2048X2048)
[2020.05.03-05.28.04:866][658]LogTexture: Display: Building textures: T_Printer_D (AutoDXT, 4096X4096)
[2020.05.03-05.28.04:866][658]LogTexture: Display: Building textures: T_Lights_D (AutoDXT, 2048X2048)
[2020.05.03-05.28.04:866][658]LogTexture: Display: Building textures: T_Papers_N (BC5, 2048X2048)
[2020.05.03-05.28.04:866][658]LogTexture: Display: Building textures: T_Lights_N (BC5, 2048X2048)
[2020.05.03-05.28.04:866][658]LogTexture: Display: Building textures: T_Lights_MT (AutoDXT, 2048X2048)
[2020.05.03-05.28.04:866][658]LogTexture: Display: Building textures: T_WallPaint_MT (AutoDXT, 2048X2048)
[2020.05.03-05.28.04:866][658]LogTexture: Display: Building textures: T_DarkWood_MT (AutoDXT, 2048X2048)
[2020.05.03-05.28.04:866][658]LogTexture: Display: Building textures: T_Papers (AutoDXT, 2048X2048)
[2020.05.03-05.28.04:866][658]LogTexture: Display: Building textures: T_DarkWood_N (BC5, 2048X2048)
[2020.05.03-05.28.04:866][658]LogTexture: Display: Building textures: T_DarkWood_D (DXT1, 2048X2048)
[2020.05.03-05.28.04:866][658]LogMaterial: Display: Missing cached shader map for material M_LightsOn, compiling. 
[2020.05.03-05.28.05:424][658]LogTexture: Display: Building textures: T_Chair_N (BC5, 4096X4096)
[2020.05.03-05.28.05:424][658]LogShaderCompilers: Display: Shaders left to compile 31
[2020.05.03-05.28.05:424][658]LogShaderCompilers: Display: Shaders left to compile 21
[2020.05.03-05.28.05:424][658]LogShaderCompilers: Display: Shaders left to compile 11
[2020.05.03-05.28.05:424][658]LogShaderCompilers: Display: Shaders left to compile 1
[2020.05.03-05.28.05:424][658]LogMaterial: Display: Missing cached shader map for material M_GlassRef, compiling. 
[2020.05.03-05.28.06:797][658]LogTexture: Display: Building textures: T_Chair_MT (AutoDXT, 2048X2048)
[2020.05.03-05.28.06:798][658]LogTexture: Display: Building textures: T_Chair_D (AutoDXT, 4096X4096)
[2020.05.03-05.28.06:798][658]LogMemory: Warning: Freeing 33554432 bytes from backup pool to handle out of memory.
[2020.05.03-05.28.06:798][658]LogMemory: Warning: MemoryStats:
	AvailablePhysical 5327851520
	 AvailableVirtual 140728509026304
	     UsedPhysical 3135414272
	 PeakUsedPhysical 3445780480
	      UsedVirtual 3595620352
	  PeakUsedVirtual 3943178240
[2020.05.03-05.28.06:798][658]Allocator Stats for TBB: (not implemented)
[2020.05.03-05.28.06:798][658]LogWindows: Windows GetLastError: 操作成功完成。 (0)
[2020.05.03-05.28.12:200][658]LogTexture: Display: Building textures: T_Printer_N (BC5, 4096X4096)
[2020.05.03-05.28.12:200][658]LogShaderCompilers: Warning: ShaderCompileWorker terminated unexpectedly!  Falling back to directly compiling which will be very slow.  Thread 1.
[2020.05.03-05.28.12:200][658]LogTexture: Display: Building textures: T_Printer_MT (AutoDXT, 4096X4096)
[2020.05.03-05.28.12:200][658]LogThreadingWindows: Error: Runnable thread TaskGraphThreadHP 9 crashed.
[2020.05.03-05.28.12:200][658]LogThreadingWindows: Error: Runnable thread PoolThread 13 crashed.
[2020.05.03-05.28.12:200][658]LogThreadingWindows: Error: Runnable thread PoolThread 12 crashed.
[2020.05.03-05.28.12:200][658]LogThreadingWindows: Error: Runnable thread TaskGraphThreadHP 6 crashed.
[2020.05.03-05.28.12:201][658]LogThreadingWindows: Error: Runnable thread PoolThread 10 crashed.
[2020.05.03-05.28.12:201][658]LogWindows: Error: HandleError re-entered.
[2020.05.03-05.28.12:201][658]LogThreadingWindows: Error: Runnable thread TaskGraphThreadHP 7 crashed.
[2020.05.03-05.28.12:201][658]LogWindows: Error: === Critical error: ===
[2020.05.03-05.28.12:201][658]LogWindows: FPlatformMisc::RequestExit(1)
[2020.05.03-05.28.12:201][658]LogWindows: Error: 
[2020.05.03-05.28.12:201][658]LogWindows: Error: Fatal error: [File:D:\Build\++UE4\Sync\Engine\Source\Runtime\Core\Private\GenericPlatform\GenericPlatformMemory.cpp] [Line: 193] 
[2020.05.03-05.28.12:201][658]LogWindows: Error: HandleError re-entered.
[2020.05.03-05.28.12:201][658]LogWindows: Error: HandleError re-entered.
[2020.05.03-05.28.12:201][658]LogWindows: Error: Ran out of memory allocating 268435456 bytes with alignment 0
[2020.05.03-05.28.12:201][658]LogWindows: Error: HandleError re-entered.
[2020.05.03-05.28.12:201][658]LogWindows: FPlatformMisc::RequestExit(1)
[2020.05.03-05.28.12:201][658]LogWindows: FPlatformMisc::RequestExit(1)
[2020.05.03-05.28.12:201][658]LogWindows: FPlatformMisc::RequestExit(1)
[2020.05.03-05.28.12:201][658]LogThreadingWindows: Error: Runnable thread TaskGraphThreadHP 8 crashed.
[2020.05.03-05.28.12:201][658]LogWindows: Error: 
[2020.05.03-05.28.12:201][658]LogWindows: Error: HandleError re-entered.
[2020.05.03-05.28.12:201][658]LogWindows: Error: 
[2020.05.03-05.28.12:201][658]LogWindows: FPlatformMisc::RequestExit(1)
[2020.05.03-05.28.12:201][658]LogWindows: Error: [Callstack] 0x00007ffa1c6ea799 KERNELBASE.dll!UnknownFunction []
[2020.05.03-05.28.12:201][658]LogWindows: Error: HandleError re-entered.
[2020.05.03-05.28.12:201][658]LogWindows: Error: [Callstack] 0x00007ff9e5866850 UE4Editor-ApplicationCore.dll!UnknownFunction []
[2020.05.03-05.28.12:201][658]LogWindows: FPlatformMisc::RequestExit(1)
[2020.05.03-05.28.12:205][658]Log file closed, 05/03/20 13:28:12
